{"C:\\SwarmEnterprise-v2\\frontend\\src\\components\\dashboard\\AgentFeed.tsx": {"path":"C:\\SwarmEnterprise-v2\\frontend\\src\\components\\dashboard\\AgentFeed.tsx","all":false,"statementMap":{"0":{"start":{"line":1,"column":0},"end":{"line":1,"column":39}},"13":{"start":{"line":14,"column":0},"end":{"line":14,"column":54}},"14":{"start":{"line":15,"column":0},"end":{"line":15,"column":15}},"15":{"start":{"line":16,"column":0},"end":{"line":16,"column":21}},"16":{"start":{"line":17,"column":0},"end":{"line":17,"column":21}},"17":{"start":{"line":18,"column":0},"end":{"line":18,"column":18}},"18":{"start":{"line":19,"column":0},"end":{"line":19,"column":19}},"19":{"start":{"line":20,"column":0},"end":{"line":20,"column":17}},"20":{"start":{"line":21,"column":0},"end":{"line":21,"column":1}},"22":{"start":{"line":23,"column":0},"end":{"line":23,"column":61}},"23":{"start":{"line":24,"column":0},"end":{"line":24,"column":20}},"24":{"start":{"line":25,"column":0},"end":{"line":25,"column":26}},"25":{"start":{"line":26,"column":0},"end":{"line":26,"column":22}},"26":{"start":{"line":27,"column":0},"end":{"line":27,"column":33}},"27":{"start":{"line":28,"column":0},"end":{"line":28,"column":39}},"28":{"start":{"line":29,"column":0},"end":{"line":29,"column":27}},"29":{"start":{"line":30,"column":0},"end":{"line":30,"column":24}},"30":{"start":{"line":31,"column":0},"end":{"line":31,"column":28}},"31":{"start":{"line":32,"column":0},"end":{"line":32,"column":10}},"32":{"start":{"line":33,"column":0},"end":{"line":33,"column":9}},"33":{"start":{"line":34,"column":0},"end":{"line":34,"column":76}},"34":{"start":{"line":35,"column":0},"end":{"line":35,"column":43}},"35":{"start":{"line":36,"column":0},"end":{"line":36,"column":6}},"37":{"start":{"line":38,"column":0},"end":{"line":38,"column":1}},"39":{"start":{"line":40,"column":0},"end":{"line":40,"column":95}},"40":{"start":{"line":41,"column":0},"end":{"line":41,"column":46}},"41":{"start":{"line":42,"column":0},"end":{"line":42,"column":10}},"42":{"start":{"line":43,"column":0},"end":{"line":43,"column":102}},"43":{"start":{"line":44,"column":0},"end":{"line":44,"column":95}},"44":{"start":{"line":45,"column":0},"end":{"line":45,"column":78}},"45":{"start":{"line":46,"column":0},"end":{"line":46,"column":74}},"46":{"start":{"line":47,"column":0},"end":{"line":47,"column":39}},"47":{"start":{"line":48,"column":0},"end":{"line":48,"column":54}},"48":{"start":{"line":49,"column":0},"end":{"line":49,"column":14}},"49":{"start":{"line":50,"column":0},"end":{"line":50,"column":12}},"51":{"start":{"line":52,"column":0},"end":{"line":52,"column":10}},"52":{"start":{"line":53,"column":0},"end":{"line":53,"column":49}},"53":{"start":{"line":54,"column":0},"end":{"line":54,"column":38}},"54":{"start":{"line":55,"column":0},"end":{"line":55,"column":26}},"55":{"start":{"line":56,"column":0},"end":{"line":56,"column":37}},"57":{"start":{"line":58,"column":0},"end":{"line":58,"column":35}},"58":{"start":{"line":59,"column":0},"end":{"line":59,"column":70}},"60":{"start":{"line":61,"column":0},"end":{"line":61,"column":16}},"62":{"start":{"line":63,"column":0},"end":{"line":63,"column":39}},"63":{"start":{"line":64,"column":0},"end":{"line":64,"column":16}},"64":{"start":{"line":65,"column":0},"end":{"line":65,"column":33}},"65":{"start":{"line":66,"column":0},"end":{"line":66,"column":100}},"67":{"start":{"line":68,"column":0},"end":{"line":68,"column":79}},"68":{"start":{"line":69,"column":0},"end":{"line":69,"column":38}},"69":{"start":{"line":70,"column":0},"end":{"line":70,"column":22}},"70":{"start":{"line":71,"column":0},"end":{"line":71,"column":46}},"71":{"start":{"line":72,"column":0},"end":{"line":72,"column":87}},"72":{"start":{"line":73,"column":0},"end":{"line":73,"column":33}},"73":{"start":{"line":74,"column":0},"end":{"line":74,"column":85}},"75":{"start":{"line":76,"column":0},"end":{"line":76,"column":20}},"76":{"start":{"line":77,"column":0},"end":{"line":77,"column":66}},"77":{"start":{"line":78,"column":0},"end":{"line":78,"column":64}},"78":{"start":{"line":79,"column":0},"end":{"line":79,"column":21}},"79":{"start":{"line":80,"column":0},"end":{"line":80,"column":18}},"80":{"start":{"line":81,"column":0},"end":{"line":81,"column":12}},"82":{"start":{"line":83,"column":0},"end":{"line":83,"column":12}},"83":{"start":{"line":84,"column":0},"end":{"line":84,"column":10}},"85":{"start":{"line":86,"column":0},"end":{"line":86,"column":1}}},"s":{"0":1,"13":1,"14":1,"15":1,"16":1,"17":1,"18":1,"19":1,"20":1,"22":10,"23":10,"24":10,"25":8,"26":2,"27":1,"28":1,"29":0,"30":1,"31":10,"32":10,"33":10,"34":10,"35":10,"37":10,"39":1,"40":10,"41":10,"42":10,"43":10,"44":10,"45":10,"46":10,"47":10,"48":10,"49":10,"51":10,"52":10,"53":10,"54":10,"55":10,"57":10,"58":3,"60":3,"62":7,"63":10,"64":10,"65":10,"67":10,"68":10,"69":10,"70":10,"71":10,"72":10,"73":10,"75":10,"76":10,"77":10,"78":10,"79":10,"80":7,"82":10,"83":10,"85":10},"branchMap":{"0":{"type":"branch","line":23,"loc":{"start":{"line":23,"column":0},"end":{"line":38,"column":1}},"locations":[{"start":{"line":23,"column":0},"end":{"line":38,"column":1}}]},"1":{"type":"branch","line":25,"loc":{"start":{"line":25,"column":15},"end":{"line":26,"column":22}},"locations":[{"start":{"line":25,"column":15},"end":{"line":26,"column":22}}]},"2":{"type":"branch","line":26,"loc":{"start":{"line":26,"column":8},"end":{"line":31,"column":28}},"locations":[{"start":{"line":26,"column":8},"end":{"line":31,"column":28}}]},"3":{"type":"branch","line":27,"loc":{"start":{"line":27,"column":19},"end":{"line":28,"column":39}},"locations":[{"start":{"line":27,"column":19},"end":{"line":28,"column":39}}]},"4":{"type":"branch","line":28,"loc":{"start":{"line":28,"column":10},"end":{"line":31,"column":28}},"locations":[{"start":{"line":28,"column":10},"end":{"line":31,"column":28}}]},"5":{"type":"branch","line":29,"loc":{"start":{"line":29,"column":21},"end":{"line":30,"column":24}},"locations":[{"start":{"line":29,"column":21},"end":{"line":30,"column":24}}]},"6":{"type":"branch","line":40,"loc":{"start":{"line":40,"column":7},"end":{"line":86,"column":1}},"locations":[{"start":{"line":40,"column":7},"end":{"line":86,"column":1}}]},"7":{"type":"branch","line":58,"loc":{"start":{"line":58,"column":30},"end":{"line":61,"column":16}},"locations":[{"start":{"line":58,"column":30},"end":{"line":61,"column":16}}]},"8":{"type":"branch","line":61,"loc":{"start":{"line":61,"column":10},"end":{"line":81,"column":12}},"locations":[{"start":{"line":61,"column":10},"end":{"line":81,"column":12}}]},"9":{"type":"branch","line":63,"loc":{"start":{"line":63,"column":24},"end":{"line":80,"column":18}},"locations":[{"start":{"line":63,"column":24},"end":{"line":80,"column":18}}]},"10":{"type":"branch","line":68,"loc":{"start":{"line":68,"column":49},"end":{"line":68,"column":63}},"locations":[{"start":{"line":68,"column":49},"end":{"line":68,"column":63}}]},"11":{"type":"branch","line":68,"loc":{"start":{"line":68,"column":63},"end":{"line":68,"column":79}},"locations":[{"start":{"line":68,"column":63},"end":{"line":68,"column":79}}]},"12":{"type":"branch","line":69,"loc":{"start":{"line":69,"column":23},"end":{"line":69,"column":38}},"locations":[{"start":{"line":69,"column":23},"end":{"line":69,"column":38}}]},"13":{"type":"branch","line":79,"loc":{"start":{"line":79,"column":14},"end":{"line":79,"column":21}},"locations":[{"start":{"line":79,"column":14},"end":{"line":79,"column":21}}]}},"b":{"0":[10],"1":[8],"2":[2],"3":[1],"4":[1],"5":[0],"6":[10],"7":[3],"8":[7],"9":[10],"10":[0],"11":[0],"12":[0],"13":[0]},"fnMap":{"0":{"name":"StatusDot","decl":{"start":{"line":23,"column":0},"end":{"line":38,"column":1}},"loc":{"start":{"line":23,"column":0},"end":{"line":38,"column":1}},"line":23},"1":{"name":"AgentFeed","decl":{"start":{"line":40,"column":7},"end":{"line":86,"column":1}},"loc":{"start":{"line":40,"column":7},"end":{"line":86,"column":1}},"line":40}},"f":{"0":10,"1":10}}
,"C:\\SwarmEnterprise-v2\\frontend\\src\\components\\dashboard\\KpiCard.tsx": {"path":"C:\\SwarmEnterprise-v2\\frontend\\src\\components\\dashboard\\KpiCard.tsx","all":false,"statementMap":{"0":{"start":{"line":1,"column":0},"end":{"line":1,"column":25}},"17":{"start":{"line":18,"column":0},"end":{"line":18,"column":25}},"18":{"start":{"line":19,"column":0},"end":{"line":19,"column":8}},"19":{"start":{"line":20,"column":0},"end":{"line":20,"column":8}},"20":{"start":{"line":21,"column":0},"end":{"line":21,"column":8}},"21":{"start":{"line":22,"column":0},"end":{"line":22,"column":7}},"22":{"start":{"line":23,"column":0},"end":{"line":23,"column":10}},"23":{"start":{"line":24,"column":0},"end":{"line":24,"column":11}},"24":{"start":{"line":25,"column":0},"end":{"line":25,"column":8}},"25":{"start":{"line":26,"column":0},"end":{"line":26,"column":7}},"26":{"start":{"line":27,"column":0},"end":{"line":27,"column":12}},"27":{"start":{"line":28,"column":0},"end":{"line":28,"column":20}},"28":{"start":{"line":29,"column":0},"end":{"line":29,"column":18}},"29":{"start":{"line":30,"column":0},"end":{"line":30,"column":51}},"30":{"start":{"line":31,"column":0},"end":{"line":31,"column":39}},"32":{"start":{"line":33,"column":0},"end":{"line":33,"column":47}},"33":{"start":{"line":34,"column":0},"end":{"line":34,"column":34}},"34":{"start":{"line":35,"column":0},"end":{"line":35,"column":32}},"35":{"start":{"line":36,"column":0},"end":{"line":36,"column":33}},"36":{"start":{"line":37,"column":0},"end":{"line":37,"column":29}},"37":{"start":{"line":38,"column":0},"end":{"line":38,"column":3}},"39":{"start":{"line":40,"column":0},"end":{"line":40,"column":10}},"40":{"start":{"line":41,"column":0},"end":{"line":41,"column":82}},"41":{"start":{"line":42,"column":0},"end":{"line":42,"column":56}},"42":{"start":{"line":43,"column":0},"end":{"line":43,"column":71}},"43":{"start":{"line":44,"column":0},"end":{"line":44,"column":66}},"44":{"start":{"line":45,"column":0},"end":{"line":45,"column":12}},"46":{"start":{"line":47,"column":0},"end":{"line":47,"column":22}},"47":{"start":{"line":48,"column":0},"end":{"line":48,"column":40}},"48":{"start":{"line":49,"column":0},"end":{"line":49,"column":43}},"49":{"start":{"line":50,"column":0},"end":{"line":50,"column":43}},"50":{"start":{"line":51,"column":0},"end":{"line":51,"column":14}},"52":{"start":{"line":53,"column":0},"end":{"line":53,"column":10}},"53":{"start":{"line":54,"column":0},"end":{"line":54,"column":79}},"54":{"start":{"line":55,"column":0},"end":{"line":55,"column":96}},"55":{"start":{"line":56,"column":0},"end":{"line":56,"column":14}},"56":{"start":{"line":57,"column":0},"end":{"line":57,"column":56}},"57":{"start":{"line":58,"column":0},"end":{"line":58,"column":46}},"58":{"start":{"line":59,"column":0},"end":{"line":59,"column":19}},"59":{"start":{"line":60,"column":0},"end":{"line":60,"column":52}},"60":{"start":{"line":61,"column":0},"end":{"line":61,"column":36}},"61":{"start":{"line":62,"column":0},"end":{"line":62,"column":38}},"62":{"start":{"line":63,"column":0},"end":{"line":63,"column":40}},"63":{"start":{"line":64,"column":0},"end":{"line":64,"column":38}},"64":{"start":{"line":65,"column":0},"end":{"line":65,"column":42}},"65":{"start":{"line":66,"column":0},"end":{"line":66,"column":19}},"67":{"start":{"line":68,"column":0},"end":{"line":68,"column":80}},"68":{"start":{"line":69,"column":0},"end":{"line":69,"column":43}},"69":{"start":{"line":70,"column":0},"end":{"line":70,"column":21}},"71":{"start":{"line":72,"column":0},"end":{"line":72,"column":26}},"72":{"start":{"line":73,"column":0},"end":{"line":73,"column":74}},"74":{"start":{"line":75,"column":0},"end":{"line":75,"column":16}},"75":{"start":{"line":76,"column":0},"end":{"line":76,"column":11}},"77":{"start":{"line":78,"column":0},"end":{"line":78,"column":10}},"79":{"start":{"line":80,"column":0},"end":{"line":80,"column":1}}},"s":{"0":1,"17":1,"18":12,"19":12,"20":12,"21":12,"22":12,"23":12,"24":12,"25":12,"26":12,"27":12,"28":12,"29":12,"30":12,"32":12,"33":12,"34":12,"35":12,"36":12,"37":12,"39":12,"40":12,"41":12,"42":12,"43":12,"44":12,"46":12,"47":2,"48":2,"49":2,"50":2,"52":10,"53":10,"54":10,"55":10,"56":10,"57":10,"58":4,"59":4,"60":4,"61":2,"62":2,"63":1,"64":1,"65":4,"67":4,"68":4,"69":4,"71":10,"72":1,"74":10,"75":10,"77":12,"79":12},"branchMap":{"0":{"type":"branch","line":18,"loc":{"start":{"line":18,"column":7},"end":{"line":80,"column":1}},"locations":[{"start":{"line":18,"column":7},"end":{"line":80,"column":1}}]},"1":{"type":"branch","line":30,"loc":{"start":{"line":30,"column":22},"end":{"line":30,"column":46}},"locations":[{"start":{"line":30,"column":22},"end":{"line":30,"column":46}}]},"2":{"type":"branch","line":30,"loc":{"start":{"line":30,"column":33},"end":{"line":30,"column":51}},"locations":[{"start":{"line":30,"column":33},"end":{"line":30,"column":51}}]},"3":{"type":"branch","line":31,"loc":{"start":{"line":31,"column":25},"end":{"line":31,"column":39}},"locations":[{"start":{"line":31,"column":25},"end":{"line":31,"column":39}}]},"4":{"type":"branch","line":44,"loc":{"start":{"line":44,"column":9},"end":{"line":44,"column":66}},"locations":[{"start":{"line":44,"column":9},"end":{"line":44,"column":66}}]},"5":{"type":"branch","line":47,"loc":{"start":{"line":47,"column":7},"end":{"line":51,"column":14}},"locations":[{"start":{"line":47,"column":7},"end":{"line":51,"column":14}}]},"6":{"type":"branch","line":51,"loc":{"start":{"line":51,"column":8},"end":{"line":76,"column":11}},"locations":[{"start":{"line":51,"column":8},"end":{"line":76,"column":11}}]},"7":{"type":"branch","line":55,"loc":{"start":{"line":55,"column":20},"end":{"line":55,"column":91}},"locations":[{"start":{"line":55,"column":20},"end":{"line":55,"column":91}}]},"8":{"type":"branch","line":55,"loc":{"start":{"line":55,"column":81},"end":{"line":55,"column":96}},"locations":[{"start":{"line":55,"column":81},"end":{"line":55,"column":96}}]},"9":{"type":"branch","line":58,"loc":{"start":{"line":58,"column":32},"end":{"line":70,"column":21}},"locations":[{"start":{"line":58,"column":32},"end":{"line":70,"column":21}}]},"10":{"type":"branch","line":61,"loc":{"start":{"line":61,"column":35},"end":{"line":62,"column":38}},"locations":[{"start":{"line":61,"column":35},"end":{"line":62,"column":38}}]},"11":{"type":"branch","line":62,"loc":{"start":{"line":62,"column":22},"end":{"line":65,"column":42}},"locations":[{"start":{"line":62,"column":22},"end":{"line":65,"column":42}}]},"12":{"type":"branch","line":63,"loc":{"start":{"line":63,"column":39},"end":{"line":64,"column":38}},"locations":[{"start":{"line":63,"column":39},"end":{"line":64,"column":38}}]},"13":{"type":"branch","line":64,"loc":{"start":{"line":64,"column":24},"end":{"line":65,"column":42}},"locations":[{"start":{"line":64,"column":24},"end":{"line":65,"column":42}}]},"14":{"type":"branch","line":68,"loc":{"start":{"line":68,"column":34},"end":{"line":68,"column":44}},"locations":[{"start":{"line":68,"column":34},"end":{"line":68,"column":44}}]},"15":{"type":"branch","line":68,"loc":{"start":{"line":68,"column":38},"end":{"line":68,"column":76}},"locations":[{"start":{"line":68,"column":38},"end":{"line":68,"column":76}}]},"16":{"type":"branch","line":68,"loc":{"start":{"line":68,"column":61},"end":{"line":68,"column":71}},"locations":[{"start":{"line":68,"column":61},"end":{"line":68,"column":71}}]},"17":{"type":"branch","line":68,"loc":{"start":{"line":68,"column":65},"end":{"line":68,"column":76}},"locations":[{"start":{"line":68,"column":65},"end":{"line":68,"column":76}}]},"18":{"type":"branch","line":72,"loc":{"start":{"line":72,"column":13},"end":{"line":73,"column":74}},"locations":[{"start":{"line":72,"column":13},"end":{"line":73,"column":74}}]}},"b":{"0":[12],"1":[11],"2":[10],"3":[9],"4":[1],"5":[2],"6":[10],"7":[1],"8":[9],"9":[4],"10":[2],"11":[2],"12":[1],"13":[1],"14":[2],"15":[2],"16":[1],"17":[1],"18":[1]},"fnMap":{"0":{"name":"KpiCard","decl":{"start":{"line":18,"column":7},"end":{"line":80,"column":1}},"loc":{"start":{"line":18,"column":7},"end":{"line":80,"column":1}},"line":18}},"f":{"0":12}}
,"C:\\SwarmEnterprise-v2\\frontend\\src\\components\\leads\\BulkActionsToolbar.tsx": {"path":"C:\\SwarmEnterprise-v2\\frontend\\src\\components\\leads\\BulkActionsToolbar.tsx","all":false,"statementMap":{"0":{"start":{"line":1,"column":0},"end":{"line":1,"column":32}},"10":{"start":{"line":11,"column":0},"end":{"line":11,"column":36}},"11":{"start":{"line":12,"column":0},"end":{"line":12,"column":16}},"12":{"start":{"line":13,"column":0},"end":{"line":13,"column":11}},"13":{"start":{"line":14,"column":0},"end":{"line":14,"column":11}},"14":{"start":{"line":15,"column":0},"end":{"line":15,"column":11}},"15":{"start":{"line":16,"column":0},"end":{"line":16,"column":19}},"16":{"start":{"line":17,"column":0},"end":{"line":17,"column":29}},"17":{"start":{"line":18,"column":0},"end":{"line":18,"column":67}},"19":{"start":{"line":20,"column":0},"end":{"line":20,"column":38}},"21":{"start":{"line":22,"column":0},"end":{"line":22,"column":10}},"22":{"start":{"line":23,"column":0},"end":{"line":23,"column":109}},"23":{"start":{"line":24,"column":0},"end":{"line":24,"column":50}},"24":{"start":{"line":25,"column":0},"end":{"line":25,"column":32}},"25":{"start":{"line":26,"column":0},"end":{"line":26,"column":13}},"26":{"start":{"line":27,"column":0},"end":{"line":27,"column":39}},"27":{"start":{"line":28,"column":0},"end":{"line":28,"column":15}},"28":{"start":{"line":29,"column":0},"end":{"line":29,"column":28}},"29":{"start":{"line":30,"column":0},"end":{"line":30,"column":29}},"30":{"start":{"line":31,"column":0},"end":{"line":31,"column":122}},"31":{"start":{"line":32,"column":0},"end":{"line":32,"column":44}},"32":{"start":{"line":33,"column":0},"end":{"line":33,"column":9}},"34":{"start":{"line":35,"column":0},"end":{"line":35,"column":17}},"35":{"start":{"line":36,"column":0},"end":{"line":36,"column":15}},"36":{"start":{"line":37,"column":0},"end":{"line":37,"column":28}},"37":{"start":{"line":38,"column":0},"end":{"line":38,"column":29}},"38":{"start":{"line":39,"column":0},"end":{"line":39,"column":122}},"39":{"start":{"line":40,"column":0},"end":{"line":40,"column":44}},"40":{"start":{"line":41,"column":0},"end":{"line":41,"column":9}},"42":{"start":{"line":43,"column":0},"end":{"line":43,"column":17}},"43":{"start":{"line":44,"column":0},"end":{"line":44,"column":30}},"44":{"start":{"line":45,"column":0},"end":{"line":45,"column":51}},"45":{"start":{"line":46,"column":0},"end":{"line":46,"column":71}},"46":{"start":{"line":47,"column":0},"end":{"line":47,"column":19}},"47":{"start":{"line":48,"column":0},"end":{"line":48,"column":73}},"48":{"start":{"line":49,"column":0},"end":{"line":49,"column":92}},"49":{"start":{"line":50,"column":0},"end":{"line":50,"column":41}},"50":{"start":{"line":51,"column":0},"end":{"line":51,"column":13}},"52":{"start":{"line":53,"column":0},"end":{"line":53,"column":21}},"53":{"start":{"line":54,"column":0},"end":{"line":54,"column":19}},"54":{"start":{"line":55,"column":0},"end":{"line":55,"column":57}},"55":{"start":{"line":56,"column":0},"end":{"line":56,"column":106}},"56":{"start":{"line":57,"column":0},"end":{"line":57,"column":13}},"58":{"start":{"line":59,"column":0},"end":{"line":59,"column":21}},"59":{"start":{"line":60,"column":0},"end":{"line":60,"column":16}},"61":{"start":{"line":62,"column":0},"end":{"line":62,"column":17}},"62":{"start":{"line":63,"column":0},"end":{"line":63,"column":54}},"63":{"start":{"line":64,"column":0},"end":{"line":64,"column":31}},"64":{"start":{"line":65,"column":0},"end":{"line":65,"column":112}},"65":{"start":{"line":66,"column":0},"end":{"line":66,"column":46}},"66":{"start":{"line":67,"column":0},"end":{"line":67,"column":11}},"68":{"start":{"line":69,"column":0},"end":{"line":69,"column":19}},"70":{"start":{"line":71,"column":0},"end":{"line":71,"column":12}},"71":{"start":{"line":72,"column":0},"end":{"line":72,"column":10}},"73":{"start":{"line":74,"column":0},"end":{"line":74,"column":1}}},"s":{"0":1,"10":1,"11":14,"12":14,"13":14,"14":14,"15":14,"16":14,"17":14,"19":14,"21":13,"22":13,"23":13,"24":13,"25":13,"26":13,"27":13,"28":13,"29":13,"30":13,"31":13,"32":13,"34":13,"35":13,"36":13,"37":13,"38":13,"39":13,"40":13,"42":13,"43":13,"44":3,"45":3,"46":3,"47":3,"48":3,"49":3,"50":3,"52":3,"53":3,"54":3,"55":3,"56":3,"58":3,"59":3,"61":10,"62":10,"63":10,"64":10,"65":10,"66":10,"68":10,"70":14,"71":14,"73":14},"branchMap":{"0":{"type":"branch","line":11,"loc":{"start":{"line":11,"column":7},"end":{"line":74,"column":1}},"locations":[{"start":{"line":11,"column":7},"end":{"line":74,"column":1}}]},"1":{"type":"branch","line":20,"loc":{"start":{"line":20,"column":27},"end":{"line":20,"column":38}},"locations":[{"start":{"line":20,"column":27},"end":{"line":20,"column":38}}]},"2":{"type":"branch","line":20,"loc":{"start":{"line":20,"column":34},"end":{"line":44,"column":30}},"locations":[{"start":{"line":20,"column":34},"end":{"line":44,"column":30}}]},"3":{"type":"branch","line":44,"loc":{"start":{"line":44,"column":9},"end":{"line":60,"column":16}},"locations":[{"start":{"line":44,"column":9},"end":{"line":60,"column":16}}]},"4":{"type":"branch","line":60,"loc":{"start":{"line":60,"column":10},"end":{"line":69,"column":19}},"locations":[{"start":{"line":60,"column":10},"end":{"line":69,"column":19}}]},"5":{"type":"branch","line":48,"loc":{"start":{"line":48,"column":23},"end":{"line":48,"column":73}},"locations":[{"start":{"line":48,"column":23},"end":{"line":48,"column":73}}]},"6":{"type":"branch","line":55,"loc":{"start":{"line":55,"column":23},"end":{"line":55,"column":57}},"locations":[{"start":{"line":55,"column":23},"end":{"line":55,"column":57}}]},"7":{"type":"branch","line":63,"loc":{"start":{"line":63,"column":21},"end":{"line":63,"column":54}},"locations":[{"start":{"line":63,"column":21},"end":{"line":63,"column":54}}]}},"b":{"0":[14],"1":[1],"2":[13],"3":[3],"4":[10],"5":[1],"6":[1],"7":[3]},"fnMap":{"0":{"name":"BulkActionsToolbar","decl":{"start":{"line":11,"column":7},"end":{"line":74,"column":1}},"loc":{"start":{"line":11,"column":7},"end":{"line":74,"column":1}},"line":11},"1":{"name":"onClick","decl":{"start":{"line":48,"column":23},"end":{"line":48,"column":73}},"loc":{"start":{"line":48,"column":23},"end":{"line":48,"column":73}},"line":48},"2":{"name":"onClick","decl":{"start":{"line":55,"column":23},"end":{"line":55,"column":57}},"loc":{"start":{"line":55,"column":23},"end":{"line":55,"column":57}},"line":55},"3":{"name":"onClick","decl":{"start":{"line":63,"column":21},"end":{"line":63,"column":54}},"loc":{"start":{"line":63,"column":21},"end":{"line":63,"column":54}},"line":63}},"f":{"0":14,"1":1,"2":1,"3":3}}
,"C:\\SwarmEnterprise-v2\\frontend\\src\\components\\leads\\LeadTable.tsx": {"path":"C:\\SwarmEnterprise-v2\\frontend\\src\\components\\leads\\LeadTable.tsx","all":false,"statementMap":{"0":{"start":{"line":1,"column":0},"end":{"line":1,"column":60}},"11":{"start":{"line":12,"column":0},"end":{"line":12,"column":84}},"12":{"start":{"line":13,"column":0},"end":{"line":13,"column":61}},"13":{"start":{"line":14,"column":0},"end":{"line":14,"column":35}},"14":{"start":{"line":15,"column":0},"end":{"line":15,"column":35}},"15":{"start":{"line":16,"column":0},"end":{"line":16,"column":17}},"16":{"start":{"line":17,"column":0},"end":{"line":17,"column":1}},"18":{"start":{"line":19,"column":0},"end":{"line":19,"column":86}},"19":{"start":{"line":20,"column":0},"end":{"line":20,"column":16}},"20":{"start":{"line":21,"column":0},"end":{"line":21,"column":12}},"21":{"start":{"line":22,"column":0},"end":{"line":22,"column":33}},"22":{"start":{"line":23,"column":0},"end":{"line":23,"column":38}},"23":{"start":{"line":24,"column":0},"end":{"line":24,"column":54}},"24":{"start":{"line":25,"column":0},"end":{"line":25,"column":11}},"25":{"start":{"line":26,"column":0},"end":{"line":26,"column":12}},"27":{"start":{"line":28,"column":0},"end":{"line":28,"column":3}},"29":{"start":{"line":30,"column":0},"end":{"line":30,"column":86}},"31":{"start":{"line":32,"column":0},"end":{"line":32,"column":27}},"32":{"start":{"line":33,"column":0},"end":{"line":33,"column":22}},"33":{"start":{"line":34,"column":0},"end":{"line":34,"column":18}},"34":{"start":{"line":35,"column":0},"end":{"line":35,"column":12}},"35":{"start":{"line":36,"column":0},"end":{"line":36,"column":36}},"36":{"start":{"line":37,"column":0},"end":{"line":37,"column":5}},"37":{"start":{"line":38,"column":0},"end":{"line":38,"column":3}},"39":{"start":{"line":40,"column":0},"end":{"line":40,"column":37}},"40":{"start":{"line":41,"column":0},"end":{"line":41,"column":35}},"41":{"start":{"line":42,"column":0},"end":{"line":42,"column":49}},"42":{"start":{"line":43,"column":0},"end":{"line":43,"column":12}},"43":{"start":{"line":44,"column":0},"end":{"line":44,"column":36}},"44":{"start":{"line":45,"column":0},"end":{"line":45,"column":5}},"45":{"start":{"line":46,"column":0},"end":{"line":46,"column":3}},"47":{"start":{"line":48,"column":0},"end":{"line":48,"column":38}},"48":{"start":{"line":49,"column":0},"end":{"line":49,"column":5}},"49":{"start":{"line":50,"column":0},"end":{"line":50,"column":16}},"50":{"start":{"line":51,"column":0},"end":{"line":51,"column":17}},"51":{"start":{"line":52,"column":0},"end":{"line":52,"column":20}},"52":{"start":{"line":53,"column":0},"end":{"line":53,"column":24}},"53":{"start":{"line":54,"column":0},"end":{"line":54,"column":14}},"54":{"start":{"line":55,"column":0},"end":{"line":55,"column":25}},"55":{"start":{"line":56,"column":0},"end":{"line":56,"column":48}},"56":{"start":{"line":57,"column":0},"end":{"line":57,"column":44}},"57":{"start":{"line":58,"column":0},"end":{"line":58,"column":59}},"58":{"start":{"line":59,"column":0},"end":{"line":59,"column":29}},"59":{"start":{"line":60,"column":0},"end":{"line":60,"column":10}},"61":{"start":{"line":62,"column":0},"end":{"line":62,"column":6}},"62":{"start":{"line":63,"column":0},"end":{"line":63,"column":52}},"63":{"start":{"line":64,"column":0},"end":{"line":64,"column":54}},"64":{"start":{"line":65,"column":0},"end":{"line":65,"column":58}},"65":{"start":{"line":66,"column":0},"end":{"line":66,"column":5}},"66":{"start":{"line":67,"column":0},"end":{"line":67,"column":26}},"67":{"start":{"line":68,"column":0},"end":{"line":68,"column":29}},"68":{"start":{"line":69,"column":0},"end":{"line":69,"column":21}},"69":{"start":{"line":70,"column":0},"end":{"line":70,"column":24}},"70":{"start":{"line":71,"column":0},"end":{"line":71,"column":53}},"71":{"start":{"line":72,"column":0},"end":{"line":72,"column":35}},"72":{"start":{"line":73,"column":0},"end":{"line":73,"column":16}},"74":{"start":{"line":75,"column":0},"end":{"line":75,"column":6}},"75":{"start":{"line":76,"column":0},"end":{"line":76,"column":5}},"76":{"start":{"line":77,"column":0},"end":{"line":77,"column":20}},"77":{"start":{"line":78,"column":0},"end":{"line":78,"column":23}},"78":{"start":{"line":79,"column":0},"end":{"line":79,"column":24}},"79":{"start":{"line":80,"column":0},"end":{"line":80,"column":51}},"81":{"start":{"line":82,"column":0},"end":{"line":82,"column":6}},"82":{"start":{"line":83,"column":0},"end":{"line":83,"column":5}},"83":{"start":{"line":84,"column":0},"end":{"line":84,"column":24}},"84":{"start":{"line":85,"column":0},"end":{"line":85,"column":24}},"85":{"start":{"line":86,"column":0},"end":{"line":86,"column":21}},"86":{"start":{"line":87,"column":0},"end":{"line":87,"column":69}},"87":{"start":{"line":88,"column":0},"end":{"line":88,"column":6}},"88":{"start":{"line":89,"column":0},"end":{"line":89,"column":3}},"90":{"start":{"line":91,"column":0},"end":{"line":91,"column":10}},"91":{"start":{"line":92,"column":0},"end":{"line":92,"column":9}},"92":{"start":{"line":93,"column":0},"end":{"line":93,"column":85}},"93":{"start":{"line":94,"column":0},"end":{"line":94,"column":14}},"94":{"start":{"line":95,"column":0},"end":{"line":95,"column":25}},"95":{"start":{"line":96,"column":0},"end":{"line":96,"column":31}},"96":{"start":{"line":97,"column":0},"end":{"line":97,"column":30}},"97":{"start":{"line":98,"column":0},"end":{"line":98,"column":39}},"98":{"start":{"line":99,"column":0},"end":{"line":99,"column":29}},"99":{"start":{"line":100,"column":0},"end":{"line":100,"column":10}},"100":{"start":{"line":101,"column":0},"end":{"line":101,"column":78}},"101":{"start":{"line":102,"column":0},"end":{"line":102,"column":12}},"102":{"start":{"line":103,"column":0},"end":{"line":103,"column":16}},"103":{"start":{"line":104,"column":0},"end":{"line":104,"column":76}},"104":{"start":{"line":105,"column":0},"end":{"line":105,"column":60}},"105":{"start":{"line":106,"column":0},"end":{"line":106,"column":59}},"106":{"start":{"line":107,"column":0},"end":{"line":107,"column":38}},"107":{"start":{"line":108,"column":0},"end":{"line":108,"column":8}},"108":{"start":{"line":109,"column":0},"end":{"line":109,"column":10}},"110":{"start":{"line":111,"column":0},"end":{"line":111,"column":1}}},"s":{"0":1,"11":8,"12":8,"13":8,"14":8,"15":1,"16":1,"18":1,"19":10,"20":1,"21":1,"22":1,"23":5,"24":1,"25":1,"27":1,"29":10,"31":10,"32":2,"33":1,"34":1,"35":1,"36":1,"37":2,"39":10,"40":1,"41":0,"42":1,"43":1,"44":1,"45":1,"47":10,"48":10,"49":10,"50":10,"51":10,"52":10,"53":8,"54":8,"55":8,"56":8,"57":8,"58":8,"59":8,"61":10,"62":10,"63":10,"64":10,"65":10,"66":10,"67":10,"68":10,"69":10,"70":8,"71":8,"72":8,"74":10,"75":10,"76":10,"77":10,"78":10,"79":8,"81":10,"82":10,"83":10,"84":10,"85":10,"86":10,"87":10,"88":10,"90":10,"91":10,"92":10,"93":10,"94":10,"95":10,"96":10,"97":10,"98":10,"99":10,"100":10,"101":10,"102":10,"103":10,"104":10,"105":10,"106":10,"107":10,"108":10,"110":10},"branchMap":{"0":{"type":"branch","line":12,"loc":{"start":{"line":12,"column":0},"end":{"line":17,"column":1}},"locations":[{"start":{"line":12,"column":0},"end":{"line":17,"column":1}}]},"1":{"type":"branch","line":13,"loc":{"start":{"line":13,"column":16},"end":{"line":13,"column":45}},"locations":[{"start":{"line":13,"column":16},"end":{"line":13,"column":45}}]},"2":{"type":"branch","line":13,"loc":{"start":{"line":13,"column":45},"end":{"line":13,"column":61}},"locations":[{"start":{"line":13,"column":45},"end":{"line":13,"column":61}}]},"3":{"type":"branch","line":13,"loc":{"start":{"line":13,"column":52},"end":{"line":14,"column":26}},"locations":[{"start":{"line":13,"column":52},"end":{"line":14,"column":26}}]},"4":{"type":"branch","line":14,"loc":{"start":{"line":14,"column":19},"end":{"line":14,"column":35}},"locations":[{"start":{"line":14,"column":19},"end":{"line":14,"column":35}}]},"5":{"type":"branch","line":14,"loc":{"start":{"line":14,"column":26},"end":{"line":15,"column":26}},"locations":[{"start":{"line":14,"column":26},"end":{"line":15,"column":26}}]},"6":{"type":"branch","line":15,"loc":{"start":{"line":15,"column":19},"end":{"line":17,"column":1}},"locations":[{"start":{"line":15,"column":19},"end":{"line":17,"column":1}}]},"7":{"type":"branch","line":19,"loc":{"start":{"line":19,"column":7},"end":{"line":111,"column":1}},"locations":[{"start":{"line":19,"column":7},"end":{"line":111,"column":1}}]},"8":{"type":"branch","line":20,"loc":{"start":{"line":20,"column":15},"end":{"line":28,"column":3}},"locations":[{"start":{"line":20,"column":15},"end":{"line":28,"column":3}}]},"9":{"type":"branch","line":28,"loc":{"start":{"line":28,"column":2},"end":{"line":30,"column":42}},"locations":[{"start":{"line":28,"column":2},"end":{"line":30,"column":42}}]},"10":{"type":"branch","line":30,"loc":{"start":{"line":30,"column":37},"end":{"line":30,"column":86}},"locations":[{"start":{"line":30,"column":37},"end":{"line":30,"column":86}}]},"11":{"type":"branch","line":23,"loc":{"start":{"line":23,"column":27},"end":{"line":24,"column":54}},"locations":[{"start":{"line":23,"column":27},"end":{"line":24,"column":54}}]},"12":{"type":"branch","line":30,"loc":{"start":{"line":30,"column":54},"end":{"line":30,"column":85}},"locations":[{"start":{"line":30,"column":54},"end":{"line":30,"column":85}}]},"13":{"type":"branch","line":32,"loc":{"start":{"line":32,"column":20},"end":{"line":38,"column":3}},"locations":[{"start":{"line":32,"column":20},"end":{"line":38,"column":3}}]},"14":{"type":"branch","line":33,"loc":{"start":{"line":33,"column":21},"end":{"line":37,"column":5}},"locations":[{"start":{"line":33,"column":21},"end":{"line":37,"column":5}}]},"15":{"type":"branch","line":36,"loc":{"start":{"line":36,"column":25},"end":{"line":36,"column":34}},"locations":[{"start":{"line":36,"column":25},"end":{"line":36,"column":34}}]},"16":{"type":"branch","line":40,"loc":{"start":{"line":40,"column":20},"end":{"line":46,"column":3}},"locations":[{"start":{"line":40,"column":20},"end":{"line":46,"column":3}}]},"17":{"type":"branch","line":41,"loc":{"start":{"line":41,"column":34},"end":{"line":43,"column":11}},"locations":[{"start":{"line":41,"column":34},"end":{"line":43,"column":11}}]},"18":{"type":"branch","line":53,"loc":{"start":{"line":53,"column":14},"end":{"line":60,"column":10}},"locations":[{"start":{"line":53,"column":14},"end":{"line":60,"column":10}}]},"19":{"type":"branch","line":58,"loc":{"start":{"line":58,"column":41},"end":{"line":58,"column":56}},"locations":[{"start":{"line":58,"column":41},"end":{"line":58,"column":56}}]},"20":{"type":"branch","line":57,"loc":{"start":{"line":57,"column":20},"end":{"line":57,"column":44}},"locations":[{"start":{"line":57,"column":20},"end":{"line":57,"column":44}}]},"21":{"type":"branch","line":70,"loc":{"start":{"line":70,"column":14},"end":{"line":73,"column":16}},"locations":[{"start":{"line":70,"column":14},"end":{"line":73,"column":16}}]},"22":{"type":"branch","line":72,"loc":{"start":{"line":72,"column":15},"end":{"line":72,"column":35}},"locations":[{"start":{"line":72,"column":15},"end":{"line":72,"column":35}}]},"23":{"type":"branch","line":79,"loc":{"start":{"line":79,"column":14},"end":{"line":80,"column":51}},"locations":[{"start":{"line":79,"column":14},"end":{"line":80,"column":51}}]},"24":{"type":"branch","line":87,"loc":{"start":{"line":87,"column":14},"end":{"line":87,"column":69}},"locations":[{"start":{"line":87,"column":14},"end":{"line":87,"column":69}}]},"25":{"type":"branch","line":106,"loc":{"start":{"line":106,"column":22},"end":{"line":106,"column":59}},"locations":[{"start":{"line":106,"column":22},"end":{"line":106,"column":59}}]}},"b":{"0":[8],"1":[3],"2":[5],"3":[3],"4":[1],"5":[2],"6":[1],"7":[10],"8":[1],"9":[9],"10":[7],"11":[5],"12":[7],"13":[2],"14":[1],"15":[2],"16":[1],"17":[0],"18":[8],"19":[0],"20":[1],"21":[8],"22":[5],"23":[8],"24":[8],"25":[8]},"fnMap":{"0":{"name":"intentColor","decl":{"start":{"line":12,"column":0},"end":{"line":17,"column":1}},"loc":{"start":{"line":12,"column":0},"end":{"line":17,"column":1}},"line":12},"1":{"name":"LeadTable","decl":{"start":{"line":19,"column":7},"end":{"line":111,"column":1}},"loc":{"start":{"line":19,"column":7},"end":{"line":111,"column":1}},"line":19},"2":{"name":"toggleAll","decl":{"start":{"line":32,"column":20},"end":{"line":38,"column":3}},"loc":{"start":{"line":32,"column":20},"end":{"line":38,"column":3}},"line":32},"3":{"name":"toggleOne","decl":{"start":{"line":40,"column":20},"end":{"line":46,"column":3}},"loc":{"start":{"line":40,"column":20},"end":{"line":46,"column":3}},"line":40},"4":{"name":"render","decl":{"start":{"line":53,"column":14},"end":{"line":60,"column":10}},"loc":{"start":{"line":53,"column":14},"end":{"line":60,"column":10}},"line":53},"5":{"name":"onChange","decl":{"start":{"line":57,"column":20},"end":{"line":57,"column":44}},"loc":{"start":{"line":57,"column":20},"end":{"line":57,"column":44}},"line":57},"6":{"name":"render","decl":{"start":{"line":70,"column":14},"end":{"line":73,"column":16}},"loc":{"start":{"line":70,"column":14},"end":{"line":73,"column":16}},"line":70},"7":{"name":"render","decl":{"start":{"line":79,"column":14},"end":{"line":80,"column":51}},"loc":{"start":{"line":79,"column":14},"end":{"line":80,"column":51}},"line":79},"8":{"name":"render","decl":{"start":{"line":87,"column":14},"end":{"line":87,"column":69}},"loc":{"start":{"line":87,"column":14},"end":{"line":87,"column":69}},"line":87},"9":{"name":"keyExtractor","decl":{"start":{"line":106,"column":22},"end":{"line":106,"column":59}},"loc":{"start":{"line":106,"column":22},"end":{"line":106,"column":59}},"line":106}},"f":{"0":8,"1":10,"2":2,"3":1,"4":8,"5":1,"6":8,"7":8,"8":8,"9":8}}
,"C:\\SwarmEnterprise-v2\\frontend\\src\\components\\ui\\Badge.tsx": {"path":"C:\\SwarmEnterprise-v2\\frontend\\src\\components\\ui\\Badge.tsx","all":false,"statementMap":{"0":{"start":{"line":1,"column":0},"end":{"line":1,"column":25}},"13":{"start":{"line":14,"column":0},"end":{"line":14,"column":50}},"14":{"start":{"line":15,"column":0},"end":{"line":15,"column":64}},"15":{"start":{"line":16,"column":0},"end":{"line":16,"column":64}},"16":{"start":{"line":17,"column":0},"end":{"line":17,"column":60}},"17":{"start":{"line":18,"column":0},"end":{"line":18,"column":64}},"18":{"start":{"line":19,"column":0},"end":{"line":19,"column":55}},"19":{"start":{"line":20,"column":0},"end":{"line":20,"column":1}},"21":{"start":{"line":22,"column":0},"end":{"line":22,"column":48}},"22":{"start":{"line":23,"column":0},"end":{"line":23,"column":30}},"23":{"start":{"line":24,"column":0},"end":{"line":24,"column":28}},"24":{"start":{"line":25,"column":0},"end":{"line":25,"column":1}},"26":{"start":{"line":27,"column":0},"end":{"line":27,"column":92}},"27":{"start":{"line":28,"column":0},"end":{"line":28,"column":10}},"28":{"start":{"line":29,"column":0},"end":{"line":29,"column":9}},"29":{"start":{"line":30,"column":0},"end":{"line":30,"column":22}},"30":{"start":{"line":31,"column":0},"end":{"line":31,"column":93}},"31":{"start":{"line":32,"column":0},"end":{"line":32,"column":28}},"32":{"start":{"line":33,"column":0},"end":{"line":33,"column":26}},"33":{"start":{"line":34,"column":0},"end":{"line":34,"column":18}},"34":{"start":{"line":35,"column":0},"end":{"line":35,"column":8}},"36":{"start":{"line":37,"column":0},"end":{"line":37,"column":16}},"37":{"start":{"line":38,"column":0},"end":{"line":38,"column":11}},"39":{"start":{"line":40,"column":0},"end":{"line":40,"column":1}}},"s":{"0":1,"13":1,"14":1,"15":1,"16":1,"17":1,"18":1,"19":1,"21":1,"22":1,"23":1,"24":1,"26":1,"27":10,"28":10,"29":10,"30":10,"31":10,"32":10,"33":10,"34":10,"36":10,"37":10,"39":10},"branchMap":{"0":{"type":"branch","line":27,"loc":{"start":{"line":27,"column":7},"end":{"line":40,"column":1}},"locations":[{"start":{"line":27,"column":7},"end":{"line":40,"column":1}}]}},"b":{"0":[10]},"fnMap":{"0":{"name":"Badge","decl":{"start":{"line":27,"column":7},"end":{"line":40,"column":1}},"loc":{"start":{"line":27,"column":7},"end":{"line":40,"column":1}},"line":27}},"f":{"0":10}}
,"C:\\SwarmEnterprise-v2\\frontend\\src\\components\\ui\\Button.tsx": {"path":"C:\\SwarmEnterprise-v2\\frontend\\src\\components\\ui\\Button.tsx","all":false,"statementMap":{"0":{"start":{"line":1,"column":0},"end":{"line":1,"column":25}},"13":{"start":{"line":14,"column":0},"end":{"line":14,"column":55}},"14":{"start":{"line":15,"column":0},"end":{"line":15,"column":10}},"15":{"start":{"line":16,"column":0},"end":{"line":16,"column":120}},"16":{"start":{"line":17,"column":0},"end":{"line":17,"column":12}},"17":{"start":{"line":18,"column":0},"end":{"line":18,"column":132}},"18":{"start":{"line":19,"column":0},"end":{"line":19,"column":8}},"19":{"start":{"line":20,"column":0},"end":{"line":20,"column":134}},"20":{"start":{"line":21,"column":0},"end":{"line":21,"column":9}},"21":{"start":{"line":22,"column":0},"end":{"line":22,"column":123}},"22":{"start":{"line":23,"column":0},"end":{"line":23,"column":1}},"24":{"start":{"line":25,"column":0},"end":{"line":25,"column":49}},"25":{"start":{"line":26,"column":0},"end":{"line":26,"column":36}},"26":{"start":{"line":27,"column":0},"end":{"line":27,"column":32}},"27":{"start":{"line":28,"column":0},"end":{"line":28,"column":36}},"28":{"start":{"line":29,"column":0},"end":{"line":29,"column":1}},"30":{"start":{"line":31,"column":0},"end":{"line":31,"column":71}},"31":{"start":{"line":32,"column":0},"end":{"line":32,"column":3}},"32":{"start":{"line":33,"column":0},"end":{"line":33,"column":5}},"33":{"start":{"line":34,"column":0},"end":{"line":34,"column":26}},"34":{"start":{"line":35,"column":0},"end":{"line":35,"column":18}},"35":{"start":{"line":36,"column":0},"end":{"line":36,"column":22}},"36":{"start":{"line":37,"column":0},"end":{"line":37,"column":15}},"37":{"start":{"line":38,"column":0},"end":{"line":38,"column":16}},"38":{"start":{"line":39,"column":0},"end":{"line":39,"column":15}},"39":{"start":{"line":40,"column":0},"end":{"line":40,"column":14}},"40":{"start":{"line":41,"column":0},"end":{"line":41,"column":6}},"41":{"start":{"line":42,"column":0},"end":{"line":42,"column":8}},"42":{"start":{"line":43,"column":0},"end":{"line":43,"column":8}},"43":{"start":{"line":44,"column":0},"end":{"line":44,"column":42}},"45":{"start":{"line":46,"column":0},"end":{"line":46,"column":12}},"46":{"start":{"line":47,"column":0},"end":{"line":47,"column":13}},"47":{"start":{"line":48,"column":0},"end":{"line":48,"column":17}},"48":{"start":{"line":49,"column":0},"end":{"line":49,"column":29}},"49":{"start":{"line":50,"column":0},"end":{"line":50,"column":27}},"50":{"start":{"line":51,"column":0},"end":{"line":51,"column":24}},"51":{"start":{"line":52,"column":0},"end":{"line":52,"column":95}},"52":{"start":{"line":53,"column":0},"end":{"line":53,"column":94}},"53":{"start":{"line":54,"column":0},"end":{"line":54,"column":60}},"54":{"start":{"line":55,"column":0},"end":{"line":55,"column":34}},"55":{"start":{"line":56,"column":0},"end":{"line":56,"column":28}},"56":{"start":{"line":57,"column":0},"end":{"line":57,"column":20}},"57":{"start":{"line":58,"column":0},"end":{"line":58,"column":10}},"58":{"start":{"line":59,"column":0},"end":{"line":59,"column":18}},"60":{"start":{"line":61,"column":0},"end":{"line":61,"column":21}},"61":{"start":{"line":62,"column":0},"end":{"line":62,"column":14}},"62":{"start":{"line":63,"column":0},"end":{"line":63,"column":30}},"63":{"start":{"line":64,"column":0},"end":{"line":64,"column":53}},"64":{"start":{"line":65,"column":0},"end":{"line":65,"column":46}},"65":{"start":{"line":66,"column":0},"end":{"line":66,"column":23}},"66":{"start":{"line":67,"column":0},"end":{"line":67,"column":31}},"68":{"start":{"line":69,"column":0},"end":{"line":69,"column":19}},"69":{"start":{"line":70,"column":0},"end":{"line":70,"column":36}},"70":{"start":{"line":71,"column":0},"end":{"line":71,"column":21}},"71":{"start":{"line":72,"column":0},"end":{"line":72,"column":21}},"72":{"start":{"line":73,"column":0},"end":{"line":73,"column":20}},"73":{"start":{"line":74,"column":0},"end":{"line":74,"column":35}},"74":{"start":{"line":75,"column":0},"end":{"line":75,"column":29}},"75":{"start":{"line":76,"column":0},"end":{"line":76,"column":14}},"76":{"start":{"line":77,"column":0},"end":{"line":77,"column":17}},"77":{"start":{"line":78,"column":0},"end":{"line":78,"column":36}},"78":{"start":{"line":79,"column":0},"end":{"line":79,"column":33}},"79":{"start":{"line":80,"column":0},"end":{"line":80,"column":63}},"80":{"start":{"line":81,"column":0},"end":{"line":81,"column":14}},"81":{"start":{"line":82,"column":0},"end":{"line":82,"column":16}},"83":{"start":{"line":84,"column":0},"end":{"line":84,"column":18}},"84":{"start":{"line":85,"column":0},"end":{"line":85,"column":15}},"86":{"start":{"line":87,"column":0},"end":{"line":87,"column":4}},"87":{"start":{"line":88,"column":0},"end":{"line":88,"column":1}},"89":{"start":{"line":90,"column":0},"end":{"line":90,"column":29}}},"s":{"0":1,"13":1,"14":1,"15":1,"16":1,"17":1,"18":1,"19":1,"20":1,"21":1,"22":1,"24":1,"25":1,"26":1,"27":1,"28":1,"30":1,"31":1,"32":14,"33":14,"34":14,"35":14,"36":14,"37":14,"38":14,"39":14,"40":14,"41":14,"42":14,"43":14,"45":14,"46":14,"47":14,"48":14,"49":14,"50":14,"51":14,"52":14,"53":14,"54":14,"55":14,"56":14,"57":14,"58":14,"60":14,"61":1,"62":1,"63":1,"64":1,"65":1,"66":1,"68":1,"69":1,"70":1,"71":1,"72":1,"73":1,"74":1,"75":1,"76":1,"77":1,"78":1,"79":1,"80":1,"81":1,"83":14,"84":14,"86":14,"87":1,"89":1},"branchMap":{"0":{"type":"branch","line":32,"loc":{"start":{"line":32,"column":2},"end":{"line":87,"column":4}},"locations":[{"start":{"line":32,"column":2},"end":{"line":87,"column":4}}]},"1":{"type":"branch","line":44,"loc":{"start":{"line":44,"column":23},"end":{"line":44,"column":42}},"locations":[{"start":{"line":44,"column":23},"end":{"line":44,"column":42}}]},"2":{"type":"branch","line":61,"loc":{"start":{"line":61,"column":9},"end":{"line":82,"column":16}},"locations":[{"start":{"line":61,"column":9},"end":{"line":82,"column":16}}]}},"b":{"0":[14],"1":[12],"2":[1]},"fnMap":{},"f":{}}
,"C:\\SwarmEnterprise-v2\\frontend\\src\\components\\ui\\Card.tsx": {"path":"C:\\SwarmEnterprise-v2\\frontend\\src\\components\\ui\\Card.tsx","all":false,"statementMap":{"0":{"start":{"line":1,"column":0},"end":{"line":1,"column":25}},"11":{"start":{"line":12,"column":0},"end":{"line":12,"column":83}},"12":{"start":{"line":13,"column":0},"end":{"line":13,"column":31}},"14":{"start":{"line":15,"column":0},"end":{"line":15,"column":10}},"15":{"start":{"line":16,"column":0},"end":{"line":16,"column":8}},"16":{"start":{"line":17,"column":0},"end":{"line":17,"column":23}},"17":{"start":{"line":18,"column":0},"end":{"line":18,"column":47}},"18":{"start":{"line":19,"column":0},"end":{"line":19,"column":44}},"19":{"start":{"line":20,"column":0},"end":{"line":20,"column":17}},"20":{"start":{"line":21,"column":0},"end":{"line":21,"column":19}},"21":{"start":{"line":22,"column":0},"end":{"line":22,"column":20}},"22":{"start":{"line":23,"column":0},"end":{"line":23,"column":55}},"23":{"start":{"line":24,"column":0},"end":{"line":24,"column":34}},"24":{"start":{"line":25,"column":0},"end":{"line":25,"column":25}},"25":{"start":{"line":26,"column":0},"end":{"line":26,"column":15}},"26":{"start":{"line":27,"column":0},"end":{"line":27,"column":13}},"27":{"start":{"line":28,"column":0},"end":{"line":28,"column":21}},"29":{"start":{"line":30,"column":0},"end":{"line":30,"column":22}},"30":{"start":{"line":31,"column":0},"end":{"line":31,"column":72}},"31":{"start":{"line":32,"column":0},"end":{"line":32,"column":96}},"32":{"start":{"line":33,"column":0},"end":{"line":33,"column":18}},"33":{"start":{"line":34,"column":0},"end":{"line":34,"column":8}},"35":{"start":{"line":36,"column":0},"end":{"line":36,"column":18}},"36":{"start":{"line":37,"column":0},"end":{"line":37,"column":94}},"37":{"start":{"line":38,"column":0},"end":{"line":38,"column":18}},"38":{"start":{"line":39,"column":0},"end":{"line":39,"column":14}},"40":{"start":{"line":41,"column":0},"end":{"line":41,"column":63}},"41":{"start":{"line":42,"column":0},"end":{"line":42,"column":18}},"42":{"start":{"line":43,"column":0},"end":{"line":43,"column":88}},"43":{"start":{"line":44,"column":0},"end":{"line":44,"column":18}},"44":{"start":{"line":45,"column":0},"end":{"line":45,"column":14}},"46":{"start":{"line":47,"column":0},"end":{"line":47,"column":10}},"48":{"start":{"line":49,"column":0},"end":{"line":49,"column":1}}},"s":{"0":1,"11":1,"12":8,"14":8,"15":8,"16":8,"17":8,"18":8,"19":8,"20":8,"21":3,"22":1,"23":1,"24":1,"25":1,"26":1,"27":5,"29":8,"30":8,"31":8,"32":8,"33":8,"35":8,"36":1,"37":1,"38":1,"40":8,"41":8,"42":1,"43":1,"44":1,"46":8,"48":8},"branchMap":{"0":{"type":"branch","line":12,"loc":{"start":{"line":12,"column":7},"end":{"line":49,"column":1}},"locations":[{"start":{"line":12,"column":7},"end":{"line":49,"column":1}}]},"1":{"type":"branch","line":18,"loc":{"start":{"line":18,"column":12},"end":{"line":18,"column":37}},"locations":[{"start":{"line":18,"column":12},"end":{"line":18,"column":37}}]},"2":{"type":"branch","line":18,"loc":{"start":{"line":18,"column":26},"end":{"line":18,"column":47}},"locations":[{"start":{"line":18,"column":26},"end":{"line":18,"column":47}}]},"3":{"type":"branch","line":19,"loc":{"start":{"line":19,"column":16},"end":{"line":19,"column":34}},"locations":[{"start":{"line":19,"column":16},"end":{"line":19,"column":34}}]},"4":{"type":"branch","line":19,"loc":{"start":{"line":19,"column":30},"end":{"line":19,"column":44}},"locations":[{"start":{"line":19,"column":30},"end":{"line":19,"column":44}}]},"5":{"type":"branch","line":21,"loc":{"start":{"line":21,"column":8},"end":{"line":27,"column":13}},"locations":[{"start":{"line":21,"column":8},"end":{"line":27,"column":13}}]},"6":{"type":"branch","line":27,"loc":{"start":{"line":27,"column":12},"end":{"line":28,"column":21}},"locations":[{"start":{"line":27,"column":12},"end":{"line":28,"column":21}}]},"7":{"type":"branch","line":32,"loc":{"start":{"line":32,"column":8},"end":{"line":32,"column":96}},"locations":[{"start":{"line":32,"column":8},"end":{"line":32,"column":96}}]},"8":{"type":"branch","line":36,"loc":{"start":{"line":36,"column":7},"end":{"line":39,"column":14}},"locations":[{"start":{"line":36,"column":7},"end":{"line":39,"column":14}}]},"9":{"type":"branch","line":42,"loc":{"start":{"line":42,"column":7},"end":{"line":45,"column":14}},"locations":[{"start":{"line":42,"column":7},"end":{"line":45,"column":14}}]},"10":{"type":"branch","line":22,"loc":{"start":{"line":22,"column":12},"end":{"line":27,"column":13}},"locations":[{"start":{"line":22,"column":12},"end":{"line":27,"column":13}}]},"11":{"type":"branch","line":23,"loc":{"start":{"line":23,"column":28},"end":{"line":23,"column":54}},"locations":[{"start":{"line":23,"column":28},"end":{"line":23,"column":54}}]}},"b":{"0":[8],"1":[3],"2":[5],"3":[3],"4":[5],"5":[3],"6":[5],"7":[3],"8":[1],"9":[1],"10":[1],"11":[0]},"fnMap":{"0":{"name":"Card","decl":{"start":{"line":12,"column":7},"end":{"line":49,"column":1}},"loc":{"start":{"line":12,"column":7},"end":{"line":49,"column":1}},"line":12},"1":{"name":"Card.__vite_ssr_import_0__.jsxDEV.onKeyDown","decl":{"start":{"line":22,"column":12},"end":{"line":27,"column":13}},"loc":{"start":{"line":22,"column":12},"end":{"line":27,"column":13}},"line":22}},"f":{"0":8,"1":1}}
,"C:\\SwarmEnterprise-v2\\frontend\\src\\components\\ui\\DataTable.tsx": {"path":"C:\\SwarmEnterprise-v2\\frontend\\src\\components\\ui\\DataTable.tsx","all":false,"statementMap":{"0":{"start":{"line":1,"column":0},"end":{"line":1,"column":52}},"26":{"start":{"line":27,"column":0},"end":{"line":27,"column":30}},"27":{"start":{"line":28,"column":0},"end":{"line":28,"column":10}},"28":{"start":{"line":29,"column":0},"end":{"line":29,"column":7}},"29":{"start":{"line":30,"column":0},"end":{"line":30,"column":15}},"30":{"start":{"line":31,"column":0},"end":{"line":31,"column":20}},"31":{"start":{"line":32,"column":0},"end":{"line":32,"column":34}},"32":{"start":{"line":33,"column":0},"end":{"line":33,"column":13}},"33":{"start":{"line":34,"column":0},"end":{"line":34,"column":12}},"34":{"start":{"line":35,"column":0},"end":{"line":35,"column":13}},"35":{"start":{"line":36,"column":0},"end":{"line":36,"column":15}},"36":{"start":{"line":37,"column":0},"end":{"line":37,"column":23}},"37":{"start":{"line":38,"column":0},"end":{"line":38,"column":61}},"38":{"start":{"line":39,"column":0},"end":{"line":39,"column":61}},"40":{"start":{"line":41,"column":0},"end":{"line":41,"column":33}},"41":{"start":{"line":42,"column":0},"end":{"line":42,"column":22}},"42":{"start":{"line":43,"column":0},"end":{"line":43,"column":28}},"43":{"start":{"line":44,"column":0},"end":{"line":44,"column":79}},"44":{"start":{"line":45,"column":0},"end":{"line":45,"column":48}},"45":{"start":{"line":46,"column":0},"end":{"line":46,"column":14}},"46":{"start":{"line":47,"column":0},"end":{"line":47,"column":23}},"47":{"start":{"line":48,"column":0},"end":{"line":48,"column":25}},"48":{"start":{"line":49,"column":0},"end":{"line":49,"column":7}},"49":{"start":{"line":50,"column":0},"end":{"line":50,"column":6}},"50":{"start":{"line":51,"column":0},"end":{"line":51,"column":23}},"51":{"start":{"line":52,"column":0},"end":{"line":52,"column":3}},"53":{"start":{"line":54,"column":0},"end":{"line":54,"column":42}},"54":{"start":{"line":55,"column":0},"end":{"line":55,"column":41}},"55":{"start":{"line":56,"column":0},"end":{"line":56,"column":37}},"56":{"start":{"line":57,"column":0},"end":{"line":57,"column":58}},"57":{"start":{"line":58,"column":0},"end":{"line":58,"column":58}},"58":{"start":{"line":59,"column":0},"end":{"line":59,"column":37}},"59":{"start":{"line":60,"column":0},"end":{"line":60,"column":37}},"60":{"start":{"line":61,"column":0},"end":{"line":61,"column":42}},"61":{"start":{"line":62,"column":0},"end":{"line":62,"column":43}},"62":{"start":{"line":63,"column":0},"end":{"line":63,"column":6}},"63":{"start":{"line":64,"column":0},"end":{"line":64,"column":30}},"65":{"start":{"line":66,"column":0},"end":{"line":66,"column":10}},"66":{"start":{"line":67,"column":0},"end":{"line":67,"column":93}},"67":{"start":{"line":68,"column":0},"end":{"line":68,"column":12}},"68":{"start":{"line":69,"column":0},"end":{"line":69,"column":61}},"69":{"start":{"line":70,"column":0},"end":{"line":70,"column":19}},"70":{"start":{"line":71,"column":0},"end":{"line":71,"column":35}},"72":{"start":{"line":73,"column":0},"end":{"line":73,"column":77}},"73":{"start":{"line":74,"column":0},"end":{"line":74,"column":14}},"74":{"start":{"line":75,"column":0},"end":{"line":75,"column":35}},"75":{"start":{"line":76,"column":0},"end":{"line":76,"column":17}},"76":{"start":{"line":77,"column":0},"end":{"line":77,"column":29}},"77":{"start":{"line":78,"column":0},"end":{"line":78,"column":27}},"78":{"start":{"line":79,"column":0},"end":{"line":79,"column":44}},"79":{"start":{"line":80,"column":0},"end":{"line":80,"column":32}},"80":{"start":{"line":81,"column":0},"end":{"line":81,"column":48}},"81":{"start":{"line":82,"column":0},"end":{"line":82,"column":86}},"82":{"start":{"line":83,"column":0},"end":{"line":83,"column":32}},"83":{"start":{"line":84,"column":0},"end":{"line":84,"column":18}},"84":{"start":{"line":85,"column":0},"end":{"line":85,"column":27}},"85":{"start":{"line":86,"column":0},"end":{"line":86,"column":37}},"86":{"start":{"line":87,"column":0},"end":{"line":87,"column":39}},"87":{"start":{"line":88,"column":0},"end":{"line":88,"column":35}},"88":{"start":{"line":89,"column":0},"end":{"line":89,"column":36}},"89":{"start":{"line":90,"column":0},"end":{"line":90,"column":28}},"91":{"start":{"line":92,"column":0},"end":{"line":92,"column":78}},"93":{"start":{"line":94,"column":0},"end":{"line":94,"column":65}},"94":{"start":{"line":95,"column":0},"end":{"line":95,"column":30}},"95":{"start":{"line":96,"column":0},"end":{"line":96,"column":36}},"96":{"start":{"line":97,"column":0},"end":{"line":97,"column":74}},"97":{"start":{"line":98,"column":0},"end":{"line":98,"column":110}},"98":{"start":{"line":99,"column":0},"end":{"line":99,"column":27}},"100":{"start":{"line":101,"column":0},"end":{"line":101,"column":23}},"101":{"start":{"line":102,"column":0},"end":{"line":102,"column":19}},"102":{"start":{"line":103,"column":0},"end":{"line":103,"column":15}},"103":{"start":{"line":104,"column":0},"end":{"line":104,"column":15}},"104":{"start":{"line":105,"column":0},"end":{"line":105,"column":16}},"105":{"start":{"line":106,"column":0},"end":{"line":106,"column":15}},"106":{"start":{"line":107,"column":0},"end":{"line":107,"column":24}},"107":{"start":{"line":108,"column":0},"end":{"line":108,"column":53}},"108":{"start":{"line":109,"column":0},"end":{"line":109,"column":80}},"109":{"start":{"line":110,"column":0},"end":{"line":110,"column":39}},"110":{"start":{"line":111,"column":0},"end":{"line":111,"column":58}},"111":{"start":{"line":112,"column":0},"end":{"line":112,"column":130}},"112":{"start":{"line":113,"column":0},"end":{"line":113,"column":23}},"113":{"start":{"line":114,"column":0},"end":{"line":114,"column":19}},"114":{"start":{"line":115,"column":0},"end":{"line":115,"column":19}},"115":{"start":{"line":116,"column":0},"end":{"line":116,"column":14}},"116":{"start":{"line":117,"column":0},"end":{"line":117,"column":41}},"117":{"start":{"line":118,"column":0},"end":{"line":118,"column":16}},"118":{"start":{"line":119,"column":0},"end":{"line":119,"column":94}},"119":{"start":{"line":120,"column":0},"end":{"line":120,"column":30}},"120":{"start":{"line":121,"column":0},"end":{"line":121,"column":19}},"121":{"start":{"line":122,"column":0},"end":{"line":122,"column":17}},"123":{"start":{"line":124,"column":0},"end":{"line":124,"column":44}},"124":{"start":{"line":125,"column":0},"end":{"line":125,"column":17}},"125":{"start":{"line":126,"column":0},"end":{"line":126,"column":46}},"126":{"start":{"line":127,"column":0},"end":{"line":127,"column":26}},"127":{"start":{"line":128,"column":0},"end":{"line":128,"column":41}},"128":{"start":{"line":129,"column":0},"end":{"line":129,"column":72}},"129":{"start":{"line":130,"column":0},"end":{"line":130,"column":32}},"130":{"start":{"line":131,"column":0},"end":{"line":131,"column":66}},"131":{"start":{"line":132,"column":0},"end":{"line":132,"column":70}},"132":{"start":{"line":133,"column":0},"end":{"line":133,"column":38}},"133":{"start":{"line":134,"column":0},"end":{"line":134,"column":18}},"135":{"start":{"line":136,"column":0},"end":{"line":136,"column":39}},"136":{"start":{"line":137,"column":0},"end":{"line":137,"column":81}},"137":{"start":{"line":138,"column":0},"end":{"line":138,"column":31}},"138":{"start":{"line":139,"column":0},"end":{"line":139,"column":46}},"139":{"start":{"line":140,"column":0},"end":{"line":140,"column":80}},"140":{"start":{"line":141,"column":0},"end":{"line":141,"column":23}},"141":{"start":{"line":142,"column":0},"end":{"line":142,"column":19}},"142":{"start":{"line":143,"column":0},"end":{"line":143,"column":19}},"143":{"start":{"line":144,"column":0},"end":{"line":144,"column":14}},"145":{"start":{"line":146,"column":0},"end":{"line":146,"column":16}},"146":{"start":{"line":147,"column":0},"end":{"line":147,"column":14}},"147":{"start":{"line":148,"column":0},"end":{"line":148,"column":22}},"148":{"start":{"line":149,"column":0},"end":{"line":149,"column":112}},"149":{"start":{"line":150,"column":0},"end":{"line":150,"column":22}},"150":{"start":{"line":151,"column":0},"end":{"line":151,"column":14}},"152":{"start":{"line":153,"column":0},"end":{"line":153,"column":10}},"154":{"start":{"line":155,"column":0},"end":{"line":155,"column":1}}},"s":{"0":1,"26":1,"27":9,"28":9,"29":9,"30":9,"31":9,"32":9,"33":9,"34":9,"35":9,"36":9,"37":9,"38":9,"40":9,"41":9,"42":1,"43":0,"44":0,"45":1,"46":1,"47":1,"48":1,"49":1,"50":9,"51":9,"53":9,"54":9,"55":1,"56":2,"57":2,"58":2,"59":2,"60":2,"61":2,"62":1,"63":9,"65":9,"66":9,"67":9,"68":9,"69":9,"70":9,"72":9,"73":9,"74":9,"75":17,"76":17,"77":17,"78":17,"79":17,"80":17,"81":17,"82":17,"83":17,"84":17,"85":17,"86":1,"87":1,"88":0,"89":16,"91":17,"93":17,"94":17,"95":17,"96":16,"97":16,"98":16,"100":17,"101":17,"102":9,"103":9,"104":9,"105":9,"106":9,"107":1,"108":5,"109":5,"110":10,"111":10,"112":10,"113":5,"114":5,"115":1,"116":8,"117":1,"118":1,"119":1,"120":1,"121":1,"123":7,"124":21,"125":21,"126":21,"127":21,"128":21,"129":21,"130":21,"131":21,"132":21,"133":21,"135":21,"136":39,"137":39,"138":3,"139":36,"140":39,"141":21,"142":21,"143":7,"145":9,"146":9,"147":9,"148":1,"149":1,"150":1,"152":9,"154":9},"branchMap":{"0":{"type":"branch","line":27,"loc":{"start":{"line":27,"column":7},"end":{"line":155,"column":1}},"locations":[{"start":{"line":27,"column":7},"end":{"line":155,"column":1}}]},"1":{"type":"branch","line":107,"loc":{"start":{"line":107,"column":11},"end":{"line":116,"column":14}},"locations":[{"start":{"line":107,"column":11},"end":{"line":116,"column":14}}]},"2":{"type":"branch","line":116,"loc":{"start":{"line":116,"column":13},"end":{"line":144,"column":14}},"locations":[{"start":{"line":116,"column":13},"end":{"line":144,"column":14}}]},"3":{"type":"branch","line":117,"loc":{"start":{"line":117,"column":36},"end":{"line":122,"column":17}},"locations":[{"start":{"line":117,"column":36},"end":{"line":122,"column":17}}]},"4":{"type":"branch","line":122,"loc":{"start":{"line":122,"column":12},"end":{"line":144,"column":14}},"locations":[{"start":{"line":122,"column":12},"end":{"line":144,"column":14}}]},"5":{"type":"branch","line":148,"loc":{"start":{"line":148,"column":7},"end":{"line":151,"column":14}},"locations":[{"start":{"line":148,"column":7},"end":{"line":151,"column":14}}]},"6":{"type":"branch","line":42,"loc":{"start":{"line":42,"column":4},"end":{"line":50,"column":6}},"locations":[{"start":{"line":42,"column":4},"end":{"line":50,"column":6}}]},"7":{"type":"branch","line":43,"loc":{"start":{"line":43,"column":27},"end":{"line":46,"column":13}},"locations":[{"start":{"line":43,"column":27},"end":{"line":46,"column":13}}]},"8":{"type":"branch","line":54,"loc":{"start":{"line":54,"column":35},"end":{"line":64,"column":5}},"locations":[{"start":{"line":54,"column":35},"end":{"line":64,"column":5}}]},"9":{"type":"branch","line":55,"loc":{"start":{"line":55,"column":9},"end":{"line":55,"column":30}},"locations":[{"start":{"line":55,"column":9},"end":{"line":55,"column":30}}]},"10":{"type":"branch","line":55,"loc":{"start":{"line":55,"column":30},"end":{"line":55,"column":41}},"locations":[{"start":{"line":55,"column":30},"end":{"line":55,"column":41}}]},"11":{"type":"branch","line":55,"loc":{"start":{"line":55,"column":37},"end":{"line":63,"column":6}},"locations":[{"start":{"line":55,"column":37},"end":{"line":63,"column":6}}]},"12":{"type":"branch","line":56,"loc":{"start":{"line":56,"column":26},"end":{"line":63,"column":5}},"locations":[{"start":{"line":56,"column":26},"end":{"line":63,"column":5}}]},"13":{"type":"branch","line":59,"loc":{"start":{"line":59,"column":26},"end":{"line":59,"column":36}},"locations":[{"start":{"line":59,"column":26},"end":{"line":59,"column":36}}]},"14":{"type":"branch","line":60,"loc":{"start":{"line":60,"column":26},"end":{"line":60,"column":36}},"locations":[{"start":{"line":60,"column":26},"end":{"line":60,"column":36}}]},"15":{"type":"branch","line":62,"loc":{"start":{"line":62,"column":33},"end":{"line":62,"column":43}},"locations":[{"start":{"line":62,"column":33},"end":{"line":62,"column":43}}]},"16":{"type":"branch","line":75,"loc":{"start":{"line":75,"column":25},"end":{"line":102,"column":19}},"locations":[{"start":{"line":75,"column":25},"end":{"line":102,"column":19}}]},"17":{"type":"branch","line":82,"loc":{"start":{"line":82,"column":22},"end":{"line":82,"column":86}},"locations":[{"start":{"line":82,"column":22},"end":{"line":82,"column":86}}]},"18":{"type":"branch","line":86,"loc":{"start":{"line":86,"column":34},"end":{"line":89,"column":36}},"locations":[{"start":{"line":86,"column":34},"end":{"line":89,"column":36}}]},"19":{"type":"branch","line":88,"loc":{"start":{"line":88,"column":24},"end":{"line":89,"column":36}},"locations":[{"start":{"line":88,"column":24},"end":{"line":89,"column":36}}]},"20":{"type":"branch","line":89,"loc":{"start":{"line":89,"column":24},"end":{"line":90,"column":28}},"locations":[{"start":{"line":89,"column":24},"end":{"line":90,"column":28}}]},"21":{"type":"branch","line":92,"loc":{"start":{"line":92,"column":29},"end":{"line":92,"column":68}},"locations":[{"start":{"line":92,"column":29},"end":{"line":92,"column":68}}]},"22":{"type":"branch","line":92,"loc":{"start":{"line":92,"column":64},"end":{"line":92,"column":78}},"locations":[{"start":{"line":92,"column":64},"end":{"line":92,"column":78}}]},"23":{"type":"branch","line":96,"loc":{"start":{"line":96,"column":23},"end":{"line":99,"column":27}},"locations":[{"start":{"line":96,"column":23},"end":{"line":99,"column":27}}]},"24":{"type":"branch","line":98,"loc":{"start":{"line":98,"column":39},"end":{"line":98,"column":106}},"locations":[{"start":{"line":98,"column":39},"end":{"line":98,"column":106}}]},"25":{"type":"branch","line":98,"loc":{"start":{"line":98,"column":66},"end":{"line":98,"column":106}},"locations":[{"start":{"line":98,"column":66},"end":{"line":98,"column":106}}]},"26":{"type":"branch","line":98,"loc":{"start":{"line":98,"column":99},"end":{"line":98,"column":110}},"locations":[{"start":{"line":98,"column":99},"end":{"line":98,"column":110}}]},"27":{"type":"branch","line":92,"loc":{"start":{"line":92,"column":40},"end":{"line":92,"column":68}},"locations":[{"start":{"line":92,"column":40},"end":{"line":92,"column":68}}]},"28":{"type":"branch","line":108,"loc":{"start":{"line":108,"column":42},"end":{"line":115,"column":19}},"locations":[{"start":{"line":108,"column":42},"end":{"line":115,"column":19}}]},"29":{"type":"branch","line":110,"loc":{"start":{"line":110,"column":29},"end":{"line":113,"column":23}},"locations":[{"start":{"line":110,"column":29},"end":{"line":113,"column":23}}]},"30":{"type":"branch","line":124,"loc":{"start":{"line":124,"column":27},"end":{"line":143,"column":19}},"locations":[{"start":{"line":124,"column":27},"end":{"line":143,"column":19}}]},"31":{"type":"branch","line":129,"loc":{"start":{"line":129,"column":25},"end":{"line":129,"column":62}},"locations":[{"start":{"line":129,"column":25},"end":{"line":129,"column":62}}]},"32":{"type":"branch","line":129,"loc":{"start":{"line":129,"column":58},"end":{"line":129,"column":72}},"locations":[{"start":{"line":129,"column":58},"end":{"line":129,"column":72}}]},"33":{"type":"branch","line":132,"loc":{"start":{"line":132,"column":18},"end":{"line":132,"column":70}},"locations":[{"start":{"line":132,"column":18},"end":{"line":132,"column":70}}]},"34":{"type":"branch","line":133,"loc":{"start":{"line":133,"column":18},"end":{"line":133,"column":38}},"locations":[{"start":{"line":133,"column":18},"end":{"line":133,"column":38}}]},"35":{"type":"branch","line":129,"loc":{"start":{"line":129,"column":38},"end":{"line":129,"column":62}},"locations":[{"start":{"line":129,"column":38},"end":{"line":129,"column":62}}]},"36":{"type":"branch","line":136,"loc":{"start":{"line":136,"column":29},"end":{"line":141,"column":23}},"locations":[{"start":{"line":136,"column":29},"end":{"line":141,"column":23}}]},"37":{"type":"branch","line":138,"loc":{"start":{"line":138,"column":25},"end":{"line":139,"column":46}},"locations":[{"start":{"line":138,"column":25},"end":{"line":139,"column":46}}]},"38":{"type":"branch","line":139,"loc":{"start":{"line":139,"column":45},"end":{"line":140,"column":80}},"locations":[{"start":{"line":139,"column":45},"end":{"line":140,"column":80}}]},"39":{"type":"branch","line":140,"loc":{"start":{"line":140,"column":71},"end":{"line":140,"column":78}},"locations":[{"start":{"line":140,"column":71},"end":{"line":140,"column":78}}]}},"b":{"0":[9],"1":[1],"2":[8],"3":[1],"4":[7],"5":[1],"6":[1],"7":[0],"8":[9],"9":[1],"10":[8],"11":[1],"12":[2],"13":[0],"14":[0],"15":[0],"16":[17],"17":[16],"18":[1],"19":[0],"20":[16],"21":[16],"22":[1],"23":[16],"24":[1],"25":[0],"26":[15],"27":[1],"28":[5],"29":[10],"30":[21],"31":[3],"32":[18],"33":[3],"34":[0],"35":[1],"36":[39],"37":[3],"38":[36],"39":[0]},"fnMap":{"0":{"name":"DataTable","decl":{"start":{"line":27,"column":7},"end":{"line":155,"column":1}},"loc":{"start":{"line":27,"column":7},"end":{"line":155,"column":1}},"line":27},"1":{"name":"__vite_ssr_import_0__.jsxDEV.onClick","decl":{"start":{"line":92,"column":40},"end":{"line":92,"column":68}},"loc":{"start":{"line":92,"column":40},"end":{"line":92,"column":68}},"line":92},"2":{"name":"__vite_ssr_import_0__.jsxDEV.onClick","decl":{"start":{"line":129,"column":38},"end":{"line":129,"column":62}},"loc":{"start":{"line":129,"column":38},"end":{"line":129,"column":62}},"line":129}},"f":{"0":9,"1":1,"2":1}}
,"C:\\SwarmEnterprise-v2\\frontend\\src\\components\\ui\\Input.tsx": {"path":"C:\\SwarmEnterprise-v2\\frontend\\src\\components\\ui\\Input.tsx","all":false,"statementMap":{"0":{"start":{"line":1,"column":0},"end":{"line":1,"column":25}},"9":{"start":{"line":10,"column":0},"end":{"line":10,"column":68}},"10":{"start":{"line":11,"column":0},"end":{"line":11,"column":67}},"11":{"start":{"line":12,"column":0},"end":{"line":12,"column":67}},"13":{"start":{"line":14,"column":0},"end":{"line":14,"column":12}},"14":{"start":{"line":15,"column":0},"end":{"line":15,"column":43}},"15":{"start":{"line":16,"column":0},"end":{"line":16,"column":19}},"16":{"start":{"line":17,"column":0},"end":{"line":17,"column":84}},"17":{"start":{"line":18,"column":0},"end":{"line":18,"column":19}},"18":{"start":{"line":19,"column":0},"end":{"line":19,"column":98}},"19":{"start":{"line":20,"column":0},"end":{"line":20,"column":18}},"21":{"start":{"line":22,"column":0},"end":{"line":22,"column":14}},"22":{"start":{"line":23,"column":0},"end":{"line":23,"column":19}},"23":{"start":{"line":24,"column":0},"end":{"line":24,"column":22}},"24":{"start":{"line":25,"column":0},"end":{"line":25,"column":32}},"25":{"start":{"line":26,"column":0},"end":{"line":26,"column":28}},"26":{"start":{"line":27,"column":0},"end":{"line":27,"column":85}},"28":{"start":{"line":29,"column":0},"end":{"line":29,"column":26}},"29":{"start":{"line":30,"column":0},"end":{"line":30,"column":89}},"30":{"start":{"line":31,"column":0},"end":{"line":31,"column":43}},"31":{"start":{"line":32,"column":0},"end":{"line":32,"column":92}},"32":{"start":{"line":33,"column":0},"end":{"line":33,"column":62}},"33":{"start":{"line":34,"column":0},"end":{"line":34,"column":32}},"34":{"start":{"line":35,"column":0},"end":{"line":35,"column":17}},"35":{"start":{"line":36,"column":0},"end":{"line":36,"column":57}},"36":{"start":{"line":37,"column":0},"end":{"line":37,"column":62}},"37":{"start":{"line":38,"column":0},"end":{"line":38,"column":22}},"38":{"start":{"line":39,"column":0},"end":{"line":39,"column":12}},"39":{"start":{"line":40,"column":0},"end":{"line":40,"column":20}},"40":{"start":{"line":41,"column":0},"end":{"line":41,"column":10}},"41":{"start":{"line":42,"column":0},"end":{"line":42,"column":19}},"42":{"start":{"line":43,"column":0},"end":{"line":43,"column":86}},"43":{"start":{"line":44,"column":0},"end":{"line":44,"column":19}},"44":{"start":{"line":45,"column":0},"end":{"line":45,"column":14}},"46":{"start":{"line":47,"column":0},"end":{"line":47,"column":34}},"47":{"start":{"line":48,"column":0},"end":{"line":48,"column":75}},"48":{"start":{"line":49,"column":0},"end":{"line":49,"column":24}},"49":{"start":{"line":50,"column":0},"end":{"line":50,"column":14}},"51":{"start":{"line":52,"column":0},"end":{"line":52,"column":12}},"53":{"start":{"line":54,"column":0},"end":{"line":54,"column":4}},"54":{"start":{"line":55,"column":0},"end":{"line":55,"column":1}},"56":{"start":{"line":57,"column":0},"end":{"line":57,"column":27}}},"s":{"0":1,"9":1,"10":1,"11":8,"13":8,"14":8,"15":8,"16":7,"17":7,"18":7,"19":7,"21":8,"22":8,"23":8,"24":8,"25":8,"26":8,"28":8,"29":8,"30":8,"31":8,"32":8,"33":8,"34":8,"35":2,"36":6,"37":8,"38":8,"39":8,"40":8,"41":8,"42":2,"43":2,"44":2,"46":8,"47":1,"48":1,"49":1,"51":8,"53":8,"54":1,"56":1},"branchMap":{"0":{"type":"branch","line":11,"loc":{"start":{"line":11,"column":2},"end":{"line":54,"column":4}},"locations":[{"start":{"line":11,"column":2},"end":{"line":54,"column":4}}]},"1":{"type":"branch","line":12,"loc":{"start":{"line":12,"column":26},"end":{"line":12,"column":45}},"locations":[{"start":{"line":12,"column":26},"end":{"line":12,"column":45}}]},"2":{"type":"branch","line":16,"loc":{"start":{"line":16,"column":9},"end":{"line":20,"column":18}},"locations":[{"start":{"line":16,"column":9},"end":{"line":20,"column":18}}]},"3":{"type":"branch","line":19,"loc":{"start":{"line":19,"column":19},"end":{"line":19,"column":98}},"locations":[{"start":{"line":19,"column":19},"end":{"line":19,"column":98}}]},"4":{"type":"branch","line":27,"loc":{"start":{"line":27,"column":12},"end":{"line":27,"column":41}},"locations":[{"start":{"line":27,"column":12},"end":{"line":27,"column":41}}]},"5":{"type":"branch","line":27,"loc":{"start":{"line":27,"column":30},"end":{"line":27,"column":85}},"locations":[{"start":{"line":27,"column":30},"end":{"line":27,"column":85}}]},"6":{"type":"branch","line":27,"loc":{"start":{"line":27,"column":41},"end":{"line":27,"column":76}},"locations":[{"start":{"line":27,"column":41},"end":{"line":27,"column":76}}]},"7":{"type":"branch","line":27,"loc":{"start":{"line":27,"column":64},"end":{"line":27,"column":85}},"locations":[{"start":{"line":27,"column":64},"end":{"line":27,"column":85}}]},"8":{"type":"branch","line":35,"loc":{"start":{"line":35,"column":12},"end":{"line":36,"column":57}},"locations":[{"start":{"line":35,"column":12},"end":{"line":36,"column":57}}]},"9":{"type":"branch","line":36,"loc":{"start":{"line":36,"column":16},"end":{"line":37,"column":62}},"locations":[{"start":{"line":36,"column":16},"end":{"line":37,"column":62}}]},"10":{"type":"branch","line":42,"loc":{"start":{"line":42,"column":9},"end":{"line":45,"column":14}},"locations":[{"start":{"line":42,"column":9},"end":{"line":45,"column":14}}]},"11":{"type":"branch","line":47,"loc":{"start":{"line":47,"column":10},"end":{"line":47,"column":34}},"locations":[{"start":{"line":47,"column":10},"end":{"line":47,"column":34}}]},"12":{"type":"branch","line":47,"loc":{"start":{"line":47,"column":19},"end":{"line":50,"column":14}},"locations":[{"start":{"line":47,"column":19},"end":{"line":50,"column":14}}]}},"b":{"0":[8],"1":[7],"2":[7],"3":[1],"4":[2],"5":[6],"6":[1],"7":[5],"8":[2],"9":[6],"10":[2],"11":[6],"12":[1]},"fnMap":{},"f":{}}
,"C:\\SwarmEnterprise-v2\\frontend\\src\\components\\ui\\Modal.tsx": {"path":"C:\\SwarmEnterprise-v2\\frontend\\src\\components\\ui\\Modal.tsx","all":false,"statementMap":{"0":{"start":{"line":1,"column":0},"end":{"line":1,"column":61}},"14":{"start":{"line":15,"column":0},"end":{"line":15,"column":70}},"15":{"start":{"line":16,"column":0},"end":{"line":16,"column":20}},"16":{"start":{"line":17,"column":0},"end":{"line":17,"column":44}},"17":{"start":{"line":18,"column":0},"end":{"line":18,"column":81}},"18":{"start":{"line":19,"column":0},"end":{"line":19,"column":6}},"19":{"start":{"line":20,"column":0},"end":{"line":20,"column":48}},"20":{"start":{"line":21,"column":0},"end":{"line":21,"column":1}},"22":{"start":{"line":23,"column":0},"end":{"line":23,"column":23}},"23":{"start":{"line":24,"column":0},"end":{"line":24,"column":9}},"24":{"start":{"line":25,"column":0},"end":{"line":25,"column":10}},"25":{"start":{"line":26,"column":0},"end":{"line":26,"column":8}},"26":{"start":{"line":27,"column":0},"end":{"line":27,"column":11}},"27":{"start":{"line":28,"column":0},"end":{"line":28,"column":9}},"28":{"start":{"line":29,"column":0},"end":{"line":29,"column":12}},"29":{"start":{"line":30,"column":0},"end":{"line":30,"column":25}},"30":{"start":{"line":31,"column":0},"end":{"line":31,"column":16}},"31":{"start":{"line":32,"column":0},"end":{"line":32,"column":47}},"32":{"start":{"line":33,"column":0},"end":{"line":33,"column":59}},"35":{"start":{"line":36,"column":0},"end":{"line":36,"column":36}},"36":{"start":{"line":37,"column":0},"end":{"line":37,"column":27}},"37":{"start":{"line":38,"column":0},"end":{"line":38,"column":35}},"39":{"start":{"line":40,"column":0},"end":{"line":40,"column":31}},"40":{"start":{"line":41,"column":0},"end":{"line":41,"column":17}},"41":{"start":{"line":42,"column":0},"end":{"line":42,"column":14}},"42":{"start":{"line":43,"column":0},"end":{"line":43,"column":7}},"44":{"start":{"line":45,"column":0},"end":{"line":45,"column":28}},"45":{"start":{"line":46,"column":0},"end":{"line":46,"column":64}},"46":{"start":{"line":47,"column":0},"end":{"line":47,"column":37}},"47":{"start":{"line":48,"column":0},"end":{"line":48,"column":28}},"48":{"start":{"line":49,"column":0},"end":{"line":49,"column":16}},"49":{"start":{"line":50,"column":0},"end":{"line":50,"column":9}},"50":{"start":{"line":51,"column":0},"end":{"line":51,"column":34}},"51":{"start":{"line":52,"column":0},"end":{"line":52,"column":52}},"53":{"start":{"line":54,"column":0},"end":{"line":54,"column":25}},"54":{"start":{"line":55,"column":0},"end":{"line":55,"column":49}},"55":{"start":{"line":56,"column":0},"end":{"line":56,"column":30}},"56":{"start":{"line":57,"column":0},"end":{"line":57,"column":24}},"57":{"start":{"line":58,"column":0},"end":{"line":58,"column":11}},"58":{"start":{"line":59,"column":0},"end":{"line":59,"column":16}},"59":{"start":{"line":60,"column":0},"end":{"line":60,"column":48}},"60":{"start":{"line":61,"column":0},"end":{"line":61,"column":30}},"61":{"start":{"line":62,"column":0},"end":{"line":62,"column":25}},"62":{"start":{"line":63,"column":0},"end":{"line":63,"column":11}},"63":{"start":{"line":64,"column":0},"end":{"line":64,"column":9}},"64":{"start":{"line":65,"column":0},"end":{"line":65,"column":7}},"65":{"start":{"line":66,"column":0},"end":{"line":66,"column":6}},"66":{"start":{"line":67,"column":0},"end":{"line":67,"column":14}},"67":{"start":{"line":68,"column":0},"end":{"line":68,"column":3}},"69":{"start":{"line":70,"column":0},"end":{"line":70,"column":19}},"70":{"start":{"line":71,"column":0},"end":{"line":71,"column":17}},"71":{"start":{"line":72,"column":0},"end":{"line":72,"column":70}},"72":{"start":{"line":73,"column":0},"end":{"line":73,"column":57}},"73":{"start":{"line":74,"column":0},"end":{"line":74,"column":45}},"76":{"start":{"line":77,"column":0},"end":{"line":77,"column":24}},"77":{"start":{"line":78,"column":0},"end":{"line":78,"column":31}},"78":{"start":{"line":79,"column":0},"end":{"line":79,"column":66}},"79":{"start":{"line":80,"column":0},"end":{"line":80,"column":31}},"80":{"start":{"line":81,"column":0},"end":{"line":81,"column":9}},"81":{"start":{"line":82,"column":0},"end":{"line":82,"column":12}},"82":{"start":{"line":83,"column":0},"end":{"line":83,"column":12}},"83":{"start":{"line":84,"column":0},"end":{"line":84,"column":60}},"84":{"start":{"line":85,"column":0},"end":{"line":85,"column":39}},"85":{"start":{"line":86,"column":0},"end":{"line":86,"column":39}},"86":{"start":{"line":87,"column":0},"end":{"line":87,"column":5}},"88":{"start":{"line":89,"column":0},"end":{"line":89,"column":18}},"89":{"start":{"line":90,"column":0},"end":{"line":90,"column":60}},"90":{"start":{"line":91,"column":0},"end":{"line":91,"column":39}},"91":{"start":{"line":92,"column":0},"end":{"line":92,"column":5}},"92":{"start":{"line":93,"column":0},"end":{"line":93,"column":29}},"94":{"start":{"line":95,"column":0},"end":{"line":95,"column":26}},"96":{"start":{"line":97,"column":0},"end":{"line":97,"column":22}},"97":{"start":{"line":98,"column":0},"end":{"line":98,"column":8}},"98":{"start":{"line":99,"column":0},"end":{"line":99,"column":73}},"99":{"start":{"line":100,"column":0},"end":{"line":100,"column":23}},"100":{"start":{"line":101,"column":0},"end":{"line":101,"column":19}},"101":{"start":{"line":102,"column":0},"end":{"line":102,"column":35}},"104":{"start":{"line":105,"column":0},"end":{"line":105,"column":10}},"105":{"start":{"line":106,"column":0},"end":{"line":106,"column":65}},"106":{"start":{"line":107,"column":0},"end":{"line":107,"column":55}},"107":{"start":{"line":108,"column":0},"end":{"line":108,"column":26}},"108":{"start":{"line":109,"column":0},"end":{"line":109,"column":8}},"111":{"start":{"line":112,"column":0},"end":{"line":112,"column":10}},"112":{"start":{"line":113,"column":0},"end":{"line":113,"column":22}},"113":{"start":{"line":114,"column":0},"end":{"line":114,"column":24}},"114":{"start":{"line":115,"column":0},"end":{"line":115,"column":71}},"115":{"start":{"line":116,"column":0},"end":{"line":116,"column":75}},"116":{"start":{"line":117,"column":0},"end":{"line":117,"column":20}},"117":{"start":{"line":118,"column":0},"end":{"line":118,"column":10}},"120":{"start":{"line":121,"column":0},"end":{"line":121,"column":97}},"121":{"sta
[...]
":6,"21":6,"23":7,"24":7,"25":7,"26":7,"27":7,"28":7,"29":7,"30":7,"32":7,"33":7,"34":7,"35":7,"36":7,"37":7,"38":7,"39":1,"40":6,"41":7,"42":7,"43":7,"44":7,"45":7,"46":7,"47":7,"48":1,"49":1,"50":1,"52":7,"53":1,"54":1,"55":1,"57":7,"58":7,"59":1,"60":1,"61":1,"62":1,"63":1,"65":1,"66":1,"68":7,"69":7,"71":7,"72":1,"74":1},"branchMap":{"0":{"type":"branch","line":12,"loc":{"start":{"line":12,"column":2},"end":{"line":72,"column":4}},"locations":[{"start":{"line":12,"column":2},"end":{"line":72,"column":4}}]},"1":{"type":"branch","line":13,"loc":{"start":{"line":13,"column":26},"end":{"line":13,"column":45}},"locations":[{"start":{"line":13,"column":26},"end":{"line":13,"column":45}}]},"2":{"type":"branch","line":14,"loc":{"start":{"line":14,"column":43},"end":{"line":14,"column":69}},"locations":[{"start":{"line":14,"column":43},"end":{"line":14,"column":69}}]},"3":{"type":"branch","line":14,"loc":{"start":{"line":14,"column":60},"end":{"line":14,"column":70}},"locations":[{"start":{"line":14,"column":60},"end":{"line":14,"column":70}}]},"4":{"type":"branch","line":18,"loc":{"start":{"line":18,"column":9},"end":{"line":22,"column":18}},"locations":[{"start":{"line":18,"column":9},"end":{"line":22,"column":18}}]},"5":{"type":"branch","line":21,"loc":{"start":{"line":21,"column":19},"end":{"line":21,"column":98}},"locations":[{"start":{"line":21,"column":19},"end":{"line":21,"column":98}}]},"6":{"type":"branch","line":31,"loc":{"start":{"line":31,"column":12},"end":{"line":31,"column":41}},"locations":[{"start":{"line":31,"column":12},"end":{"line":31,"column":41}}]},"7":{"type":"branch","line":31,"loc":{"start":{"line":31,"column":30},"end":{"line":31,"column":85}},"locations":[{"start":{"line":31,"column":30},"end":{"line":31,"column":85}}]},"8":{"type":"branch","line":31,"loc":{"start":{"line":31,"column":41},"end":{"line":31,"column":76}},"locations":[{"start":{"line":31,"column":41},"end":{"line":31,"column":76}}]},"9":{"type":"branch","line":31,"loc":{"start":{"line":31,"column":64},"end":{"line":31,"column":85}},"locations":[{"start":{"line":31,"column":64},"end":{"line":31,"column":85}}]},"10":{"type":"branch","line":39,"loc":{"start":{"line":39,"column":12},"end":{"line":40,"column":57}},"locations":[{"start":{"line":39,"column":12},"end":{"line":40,"column":57}}]},"11":{"type":"branch","line":40,"loc":{"start":{"line":40,"column":16},"end":{"line":41,"column":62}},"locations":[{"start":{"line":40,"column":16},"end":{"line":41,"column":62}}]},"12":{"type":"branch","line":48,"loc":{"start":{"line":48,"column":13},"end":{"line":51,"column":18}},"locations":[{"start":{"line":48,"column":13},"end":{"line":51,"column":18}}]},"13":{"type":"branch","line":53,"loc":{"start":{"line":53,"column":14},"end":{"line":53,"column":38}},"locations":[{"start":{"line":53,"column":14},"end":{"line":53,"column":38}}]},"14":{"type":"branch","line":53,"loc":{"start":{"line":53,"column":23},"end":{"line":56,"column":18}},"locations":[{"start":{"line":53,"column":23},"end":{"line":56,"column":18}}]},"15":{"type":"branch","line":59,"loc":{"start":{"line":59,"column":11},"end":{"line":59,"column":38}},"locations":[{"start":{"line":59,"column":11},"end":{"line":59,"column":38}}]},"16":{"type":"branch","line":59,"loc":{"start":{"line":59,"column":24},"end":{"line":67,"column":19}},"locations":[{"start":{"line":59,"column":24},"end":{"line":67,"column":19}}]},"17":{"type":"branch","line":63,"loc":{"start":{"line":63,"column":33},"end":{"line":63,"column":65}},"locations":[{"start":{"line":63,"column":33},"end":{"line":63,"column":65}}]}},"b":{"0":[7],"1":[6],"2":[1],"3":[6],"4":[6],"5":[0],"6":[1],"7":[6],"8":[1],"9":[5],"10":[1],"11":[6],"12":[1],"13":[6],"14":[1],"15":[1],"16":[1],"17":[0]},"fnMap":{},"f":{}}
,"C:\\SwarmEnterprise-v2\\frontend\\src\\lib\\csvExport.ts": {"path":"C:\\SwarmEnterprise-v2\\frontend\\src\\lib\\csvExport.ts","all":false,"statementMap":{"13":{"start":{"line":14,"column":0},"end":{"line":14,"column":85}},"14":{"start":{"line":15,"column":0},"end":{"line":15,"column":26}},"15":{"start":{"line":16,"column":0},"end":{"line":16,"column":11}},"16":{"start":{"line":17,"column":0},"end":{"line":17,"column":3}},"18":{"start":{"line":19,"column":0},"end":{"line":19,"column":54}},"19":{"start":{"line":20,"column":0},"end":{"line":20,"column":66}},"22":{"start":{"line":23,"column":0},"end":{"line":23,"column":39}},"23":{"start":{"line":24,"column":0},"end":{"line":24,"column":65}},"25":{"start":{"line":26,"column":0},"end":{"line":26,"column":27}},"26":{"start":{"line":27,"column":0},"end":{"line":27,"column":74}},"27":{"start":{"line":28,"column":0},"end":{"line":28,"column":32}},"28":{"start":{"line":29,"column":0},"end":{"line":29,"column":3}},"30":{"start":{"line":31,"column":0},"end":{"line":31,"column":40}},"31":{"start":{"line":32,"column":0},"end":{"line":32,"column":75}},"32":{"start":{"line":33,"column":0},"end":{"line":33,"column":40}},"33":{"start":{"line":34,"column":0},"end":{"line":34,"column":43}},"34":{"start":{"line":35,"column":0},"end":{"line":35,"column":18}},"35":{"start":{"line":36,"column":0},"end":{"line":36,"column":45}},"36":{"start":{"line":37,"column":0},"end":{"line":37,"column":34}},"37":{"start":{"line":38,"column":0},"end":{"line":38,"column":15}},"38":{"start":{"line":39,"column":0},"end":{"line":39,"column":34}},"39":{"start":{"line":40,"column":0},"end":{"line":40,"column":27}},"40":{"start":{"line":41,"column":0},"end":{"line":41,"column":1}},"42":{"start":{"line":43,"column":0},"end":{"line":43,"column":47}},"44":{"start":{"line":45,"column":0},"end":{"line":45,"column":75}},"45":{"start":{"line":46,"column":0},"end":{"line":46,"column":44}},"46":{"start":{"line":47,"column":0},"end":{"line":47,"column":3}},"47":{"start":{"line":48,"column":0},"end":{"line":48,"column":15}},"48":{"start":{"line":49,"column":0},"end":{"line":49,"column":1}}},"s":{"13":1,"14":5,"15":1,"16":1,"18":4,"19":5,"22":5,"23":5,"25":5,"26":4,"27":4,"28":4,"30":4,"31":4,"32":4,"33":4,"34":4,"35":4,"36":4,"37":4,"38":4,"39":4,"40":4,"42":12,"44":12,"45":1,"46":1,"47":11,"48":11},"branchMap":{"0":{"type":"branch","line":14,"loc":{"start":{"line":14,"column":7},"end":{"line":41,"column":1}},"locations":[{"start":{"line":14,"column":7},"end":{"line":41,"column":1}}]},"1":{"type":"branch","line":15,"loc":{"start":{"line":15,"column":25},"end":{"line":17,"column":3}},"locations":[{"start":{"line":15,"column":25},"end":{"line":17,"column":3}}]},"2":{"type":"branch","line":17,"loc":{"start":{"line":17,"column":2},"end":{"line":20,"column":34}},"locations":[{"start":{"line":17,"column":2},"end":{"line":20,"column":34}}]},"3":{"type":"branch","line":20,"loc":{"start":{"line":20,"column":22},"end":{"line":20,"column":66}},"locations":[{"start":{"line":20,"column":22},"end":{"line":20,"column":66}}]},"4":{"type":"branch","line":26,"loc":{"start":{"line":26,"column":26},"end":{"line":41,"column":1}},"locations":[{"start":{"line":26,"column":26},"end":{"line":41,"column":1}}]},"5":{"type":"branch","line":27,"loc":{"start":{"line":27,"column":30},"end":{"line":27,"column":72}},"locations":[{"start":{"line":27,"column":30},"end":{"line":27,"column":72}}]},"6":{"type":"branch","line":27,"loc":{"start":{"line":27,"column":63},"end":{"line":27,"column":70}},"locations":[{"start":{"line":27,"column":63},"end":{"line":27,"column":70}}]},"7":{"type":"branch","line":43,"loc":{"start":{"line":43,"column":0},"end":{"line":49,"column":1}},"locations":[{"start":{"line":43,"column":0},"end":{"line":49,"column":1}}]},"8":{"type":"branch","line":45,"loc":{"start":{"line":45,"column":24},"end":{"line":45,"column":52}},"locations":[{"start":{"line":45,"column":24},"end":{"line":45,"column":52}}]},"9":{"type":"branch","line":45,"loc":{"start":{"line":45,"column":47},"end":{"line":45,"column":74}},"locations":[{"start":{"line":45,"column":47},"end":{"line":45,"column":74}}]},"10":{"type":"branch","line":45,"loc":{"start":{"line":45,"column":74},"end":{"line":47,"column":3}},"locations":[{"start":{"line":45,"column":74},"end":{"line":47,"column":3}}]},"11":{"type":"branch","line":47,"loc":{"start":{"line":47,"column":2},"end":{"line":49,"column":1}},"locations":[{"start":{"line":47,"column":2},"end":{"line":49,"column":1}}]}},"b":{"0":[5],"1":[1],"2":[4],"3":[2],"4":[4],"5":[6],"6":[0],"7":[12],"8":[11],"9":[11],"10":[1],"11":[11]},"fnMap":{"0":{"name":"exportCsv","decl":{"start":{"line":14,"column":7},"end":{"line":41,"column":1}},"loc":{"start":{"line":14,"column":7},"end":{"line":41,"column":1}},"line":14},"1":{"name":"escapeCsvCell","decl":{"start":{"line":43,"column":0},"end":{"line":49,"column":1}},"loc":{"start":{"line":43,"column":0},"end":{"line":49,"column":1}},"line":43}},"f":{"0":5,"1":12}}
,"C:\\SwarmEnterprise-v2\\frontend\\src\\lib\\dateRange.ts": {"path":"C:\\SwarmEnterprise-v2\\frontend\\src\\lib\\dateRange.ts","all":false,"statementMap":{"14":{"start":{"line":15,"column":0},"end":{"line":15,"column":92}},"15":{"start":{"line":16,"column":0},"end":{"line":16,"column":32}},"16":{"start":{"line":17,"column":0},"end":{"line":17,"column":49}},"17":{"start":{"line":18,"column":0},"end":{"line":18,"column":31}},"18":{"start":{"line":19,"column":0},"end":{"line":19,"column":42}},"19":{"start":{"line":20,"column":0},"end":{"line":20,"column":34}},"20":{"start":{"line":21,"column":0},"end":{"line":21,"column":5}},"21":{"start":{"line":22,"column":0},"end":{"line":22,"column":1}},"32":{"start":{"line":33,"column":0},"end":{"line":33,"column":33}},"33":{"start":{"line":34,"column":0},"end":{"line":34,"column":16}},"34":{"start":{"line":35,"column":0},"end":{"line":35,"column":14}},"35":{"start":{"line":36,"column":0},"end":{"line":36,"column":12}},"36":{"start":{"line":37,"column":0},"end":{"line":37,"column":21}},"37":{"start":{"line":38,"column":0},"end":{"line":38,"column":38}},"38":{"start":{"line":39,"column":0},"end":{"line":39,"column":48}},"41":{"start":{"line":42,"column":0},"end":{"line":42,"column":33}},"42":{"start":{"line":43,"column":0},"end":{"line":43,"column":33}},"43":{"start":{"line":44,"column":0},"end":{"line":44,"column":32}},"44":{"start":{"line":45,"column":0},"end":{"line":45,"column":39}},"46":{"start":{"line":47,"column":0},"end":{"line":47,"column":29}},"47":{"start":{"line":48,"column":0},"end":{"line":48,"column":53}},"48":{"start":{"line":49,"column":0},"end":{"line":49,"column":47}},"49":{"start":{"line":50,"column":0},"end":{"line":50,"column":3}},"52":{"start":{"line":53,"column":0},"end":{"line":53,"column":28}},"53":{"start":{"line":54,"column":0},"end":{"line":54,"column":49}},"54":{"start":{"line":55,"column":0},"end":{"line":55,"column":27}},"55":{"start":{"line":56,"column":0},"end":{"line":56,"column":42}},"56":{"start":{"line":57,"column":0},"end":{"line":57,"column":43}},"57":{"start":{"line":58,"column":0},"end":{"line":58,"column":45}},"58":{"start":{"line":59,"column":0},"end":{"line":59,"column":44}},"59":{"start":{"line":60,"column":0},"end":{"line":60,"column":50}},"60":{"start":{"line":61,"column":0},"end":{"line":61,"column":3}},"62":{"start":{"line":63,"column":0},"end":{"line":63,"column":37}},"63":{"start":{"line":64,"column":0},"end":{"line":64,"column":43}},"64":{"start":{"line":65,"column":0},"end":{"line":65,"column":47}},"65":{"start":{"line":66,"column":0},"end":{"line":66,"column":1}}},"s":{"14":1,"15":103,"16":498,"17":498,"18":498,"19":498,"20":103,"21":103,"32":1,"33":4,"34":4,"35":4,"36":4,"37":4,"38":4,"41":4,"42":4,"43":4,"44":4,"46":4,"47":16,"48":16,"49":16,"52":4,"53":4,"54":4,"55":4,"56":4,"57":4,"58":4,"59":4,"60":4,"62":4,"63":4,"64":4,"65":4},"branchMap":{"0":{"type":"branch","line":15,"loc":{"start":{"line":15,"column":7},"end":{"line":22,"column":1}},"locations":[{"start":{"line":15,"column":7},"end":{"line":22,"column":1}}]},"1":{"type":"branch","line":16,"loc":{"start":{"line":16,"column":21},"end":{"line":21,"column":3}},"locations":[{"start":{"line":16,"column":21},"end":{"line":21,"column":3}}]},"2":{"type":"branch","line":17,"loc":{"start":{"line":17,"column":25},"end":{"line":17,"column":49}},"locations":[{"start":{"line":17,"column":25},"end":{"line":17,"column":49}}]},"3":{"type":"branch","line":18,"loc":{"start":{"line":18,"column":18},"end":{"line":18,"column":31}},"locations":[{"start":{"line":18,"column":18},"end":{"line":18,"column":31}}]},"4":{"type":"branch","line":20,"loc":{"start":{"line":20,"column":16},"end":{"line":20,"column":34}},"locations":[{"start":{"line":20,"column":16},"end":{"line":20,"column":34}}]},"5":{"type":"branch","line":33,"loc":{"start":{"line":33,"column":7},"end":{"line":66,"column":1}},"locations":[{"start":{"line":33,"column":7},"end":{"line":66,"column":1}}]},"6":{"type":"branch","line":47,"loc":{"start":{"line":47,"column":28},"end":{"line":50,"column":3}},"locations":[{"start":{"line":47,"column":28},"end":{"line":50,"column":3}}]},"7":{"type":"branch","line":54,"loc":{"start":{"line":54,"column":25},"end":{"line":54,"column":49}},"locations":[{"start":{"line":54,"column":25},"end":{"line":54,"column":49}}]},"8":{"type":"branch","line":55,"loc":{"start":{"line":55,"column":18},"end":{"line":55,"column":27}},"locations":[{"start":{"line":55,"column":18},"end":{"line":55,"column":27}}]},"9":{"type":"branch","line":57,"loc":{"start":{"line":57,"column":34},"end":{"line":57,"column":43}},"locations":[{"start":{"line":57,"column":34},"end":{"line":57,"column":43}}]},"10":{"type":"branch","line":59,"loc":{"start":{"line":59,"column":36},"end":{"line":59,"column":42}},"locations":[{"start":{"line":59,"column":36},"end":{"line":59,"column":42}}]},"11":{"type":"branch","line":60,"loc":{"start":{"line":60,"column":35},"end":{"line":60,"column":45}},"locations":[{"start":{"line":60,"column":35},"end":{"line":60,"column":45}}]},"12":{"type":"branch","line":64,"loc":{"start":{"line":64,"column":10},"end":{"line":64,"column":42}},"locations":[{"start":{"line":64,"column":10},"end":{"line":64,"column":42}}]},"13":{"type":"branch","line":65,"loc":{"start":{"line":65,"column":9},"end":{"line":65,"column":45}},"locations":[{"start":{"line":65,"column":9},"end":{"line":65,"column":45}}]}},"b":{"0":[103],"1":[498],"2":[0],"3":[0],"4":[284],"5":[4],"6":[16],"7":[0],"8":[0],"9":[0],"10":[0],"11":[0],"12":[12],"13":[16]},"fnMap":{"0":{"name":"filterByDateRange","decl":{"start":{"line":15,"column":7},"end":{"line":22,"column":1}},"loc":{"start":{"line":15,"column":7},"end":{"line":22,"column":1}},"line":15},"1":{"name":"buildDailyPoints","decl":{"start":{"line":33,"column":7},"end":{"line":66,"column":1}},"loc":{"start":{"line":33,"column":7},"end":{"line":66,"column":1}},"line":33}},"f":{"0":103,"1":4}}
,"C:\\SwarmEnterprise-v2\\frontend\\src\\lib\\leadDedup.ts": {"path":"C:\\SwarmEnterprise-v2\\frontend\\src\\lib\\leadDedup.ts","all":false,"statementMap":{"24":{"start":{"line":25,"column":0},"end":{"line":25,"column":73}},"25":{"start":{"line":26,"column":0},"end":{"line":26,"column":42}},"26":{"start":{"line":27,"column":0},"end":{"line":27,"column":33}},"28":{"start":{"line":29,"column":0},"end":{"line":29,"column":29}},"29":{"start":{"line":30,"column":0},"end":{"line":30,"column":50}},"30":{"start":{"line":31,"column":0},"end":{"line":31,"column":32}},"31":{"start":{"line":32,"column":0},"end":{"line":32,"column":12}},"32":{"start":{"line":33,"column":0},"end":{"line":33,"column":50}},"33":{"start":{"line":34,"column":0},"end":{"line":34,"column":22}},"34":{"start":{"line":35,"column":0},"end":{"line":35,"column":41}},"35":{"start":{"line":36,"column":0},"end":{"line":36,"column":14}},"37":{"start":{"line":38,"column":0},"end":{"line":38,"column":95}},"38":{"start":{"line":39,"column":0},"end":{"line":39,"column":82}},"39":{"start":{"line":40,"column":0},"end":{"line":40,"column":37}},"40":{"start":{"line":41,"column":0},"end":{"line":41,"column":43}},"41":{"start":{"line":42,"column":0},"end":{"line":42,"column":9}},"42":{"start":{"line":43,"column":0},"end":{"line":43,"column":7}},"43":{"start":{"line":44,"column":0},"end":{"line":44,"column":5}},"44":{"start":{"line":45,"column":0},"end":{"line":45,"column":3}},"46":{"start":{"line":47,"column":0},"end":{"line":47,"column":53}},"47":{"start":{"line":48,"column":0},"end":{"line":48,"column":1}}},"s":{"24":1,"25":106,"26":106,"28":106,"29":485,"30":81,"31":485,"32":404,"33":404,"34":401,"35":404,"37":3,"38":3,"39":3,"40":3,"41":3,"42":3,"43":404,"44":485,"46":106,"47":106},"branchMap":{"0":{"type":"branch","line":25,"loc":{"start":{"line":25,"column":7},"end":{"line":48,"column":1}},"locations":[{"start":{"line":25,"column":7},"end":{"line":48,"column":1}}]},"1":{"type":"branch","line":29,"loc":{"start":{"line":29,"column":28},"end":{"line":45,"column":3}},"locations":[{"start":{"line":29,"column":28},"end":{"line":45,"column":3}}]},"2":{"type":"branch","line":30,"loc":{"start":{"line":30,"column":22},"end":{"line":30,"column":49}},"locations":[{"start":{"line":30,"column":22},"end":{"line":30,"column":49}}]},"3":{"type":"branch","line":30,"loc":{"start":{"line":30,"column":49},"end":{"line":32,"column":11}},"locations":[{"start":{"line":30,"column":49},"end":{"line":32,"column":11}}]},"4":{"type":"branch","line":32,"loc":{"start":{"line":32,"column":4},"end":{"line":44,"column":5}},"locations":[{"start":{"line":32,"column":4},"end":{"line":44,"column":5}}]},"5":{"type":"branch","line":34,"loc":{"start":{"line":34,"column":21},"end":{"line":36,"column":13}},"locations":[{"start":{"line":34,"column":21},"end":{"line":36,"column":13}}]},"6":{"type":"branch","line":36,"loc":{"start":{"line":36,"column":6},"end":{"line":43,"column":7}},"locations":[{"start":{"line":36,"column":6},"end":{"line":43,"column":7}}]},"7":{"type":"branch","line":38,"loc":{"start":{"line":38,"column":89},"end":{"line":38,"column":95}},"locations":[{"start":{"line":38,"column":89},"end":{"line":38,"column":95}}]},"8":{"type":"branch","line":39,"loc":{"start":{"line":39,"column":76},"end":{"line":39,"column":82}},"locations":[{"start":{"line":39,"column":76},"end":{"line":39,"column":82}}]}},"b":{"0":[106],"1":[485],"2":[404],"3":[81],"4":[404],"5":[401],"6":[3],"7":[0],"8":[0]},"fnMap":{"0":{"name":"deduplicateLeads","decl":{"start":{"line":25,"column":7},"end":{"line":48,"column":1}},"loc":{"start":{"line":25,"column":7},"end":{"line":48,"column":1}},"line":25}},"f":{"0":106}}
,"C:\\SwarmEnterprise-v2\\frontend\\src\\lib\\mergeFields.ts": {"path":"C:\\SwarmEnterprise-v2\\frontend\\src\\lib\\mergeFields.ts","all":false,"statementMap":{"17":{"start":{"line":18,"column":0},"end":{"line":18,"column":44}},"26":{"start":{"line":27,"column":0},"end":{"line":27,"column":84}},"27":{"start":{"line":28,"column":0},"end":{"line":28,"column":70}},"28":{"start":{"line":29,"column":0},"end":{"line":29,"column":34}},"29":{"start":{"line":30,"column":0},"end":{"line":30,"column":46}},"30":{"start":{"line":31,"column":0},"end":{"line":31,"column":5}},"31":{"start":{"line":32,"column":0},"end":{"line":32,"column":1}}},"s":{"17":1,"26":1,"27":106,"28":8,"29":8,"30":106,"31":106},"branchMap":{"0":{"type":"branch","line":27,"loc":{"start":{"line":27,"column":7},"end":{"line":32,"column":1}},"locations":[{"start":{"line":27,"column":7},"end":{"line":32,"column":1}}]},"1":{"type":"branch","line":28,"loc":{"start":{"line":28,"column":42},"end":{"line":31,"column":3}},"locations":[{"start":{"line":28,"column":42},"end":{"line":31,"column":3}}]},"2":{"type":"branch","line":30,"loc":{"start":{"line":30,"column":20},"end":{"line":30,"column":43}},"locations":[{"start":{"line":30,"column":20},"end":{"line":30,"column":43}}]},"3":{"type":"branch","line":30,"loc":{"start":{"line":30,"column":39},"end":{"line":30,"column":46}},"locations":[{"start":{"line":30,"column":39},"end":{"line":30,"column":46}}]}},"b":{"0":[106],"1":[8],"2":[5],"3":[3]},"fnMap":{"0":{"name":"renderTemplate","decl":{"start":{"line":27,"column":7},"end":{"line":32,"column":1}},"loc":{"start":{"line":27,"column":7},"end":{"line":32,"column":1}},"line":27}},"f":{"0":106}}
}
