{"meta": {"format": 3, "version": "7.14.3", "timestamp": "2026-06-27T18:39:17.493097", "branch_coverage": false, "show_contexts": false}, "files": {"backend\\__init__.py": {"executed_lines": [], "summary": {"covered_lines": 0, "num_statements": 0, "percent_covered": 100.0, "percent_covered_display": "100", "missing_lines": 0, "excluded_lines": 0, "percent_statements_covered": 100.0, "percent_statements_covered_display": "100"}, "missing_lines": [], "excluded_lines": [], "functions": {"": {"executed_lines": [], "summary": {"covered_lines": 0, "num_statements": 0, "percent_covered": 100.0, "percent_covered_display": "100", "missing_lines": 0, "excluded_lines": 0, "percent_statements_covered": 100.0, "percent_statements_covered_display": "100"}, "missing_lines": [], "excluded_lines": [], "start_line": 1}}, "classes": {"": {"executed_lines": [], "summary": {"covered_lines": 0, "num_statements": 0, "percent_covered": 100.0, "percent_covered_display": "100", "missing_lines": 0, "excluded_lines": 0, "percent_statements_covered": 100.0, "percent_statements_covered_display": "100"}, "missing_lines": [], "excluded_lines": [], "start_line": 1}}}, "backend\\alerting.py": {"executed_lines": [], "summary": {"covered_lines": 0, "num_statements": 17, "percent_covered": 0.0, "percent_covered_display": "0", "missing_lines": 17, "excluded_lines": 0, "percent_statements_covered": 0.0, "percent_statements_covered_display": "0"}, "missing_lines": [1, 2, 3, 5, 7, 10, 11, 12, 13, 14, 19, 20, 21, 22, 23, 24, 25], "excluded_lines": [], "functions": {"send_pagerduty_alert": {"executed_lines": [], "summary": {"covered_lines": 0, "num_statements": 11, "percent_covered": 0.0, "percent_covered_display": "0", "missing_lines": 11, "excluded_lines": 0, "percent_statements_covered": 0.0, "percent_statements_covered_display": "0"}, "missing_lines": [11, 12, 13, 14, 19, 20, 21, 22, 23, 24, 25], "excluded_lines": [], "start_line": 10}, "": {"executed_lines": [], "summary": {"covered_lines": 0, "num_statements": 6, "percent_covered": 0.0, "percent_covered_display": "0", "missing_lines": 6, "excluded_lines": 0, "percent_statements_covered": 0.0, "percent_statements_covered_display": "0"}, "missing_lines": [1, 2, 3, 5, 7, 10], "excluded_lines": [], "start_line": 1}}, "classes": {"": {"executed_lines": [], "summary": {"covered_lines": 0, "num_statements": 17, "percent_covered": 0.0, "percent_covered_display": "0", "missing_lines": 17, "excluded_lines": 0, "percent_statements_covered": 0.0, "percent_statements_covered_display": "0"}, "missing_lines": [1, 2, 3, 5, 7, 10, 11, 12, 13, 14, 19, 20, 21, 22, 23, 24, 25], "excluded_lines": [], "start_line": 1}}}, "backend\\api\\__init__.py": {"executed_lines": [], "summary": {"covered_lines": 0, "num_statements": 0, "percent_covered": 100.0, "percent_covered_display": "100", "missing_lines": 0, "excluded_lines": 0, "percent_statements_covered": 100.0, "percent_statements_covered_display": "100"}, "missing_lines": [], "excluded_lines": [], "functions": {"": {"executed_lines": [], "summary": {"covered_lines": 0, "num_statements": 0, "percent_covered": 100.0, "percent_covered_display": "100", "missing_lines": 0, "excluded_lines": 0, "percent_statements_covered": 100.0, "percent_statements_covered_display": "100"}, "missing_lines": [], "excluded_lines": [], "start_line": 1}}, "classes": {"": {"executed_lines": [], "summary": {"covered_lines": 0, "num_statements": 0, "percent_covered": 100.0, "percent_covered_display": "100", "missing_lines": 0, "excluded_lines": 0, "percent_statements_covered": 100.0, "percent_statements_covered_display": "100"}, "missing_lines": [], "excluded_lines": [], "start_line": 1}}}, "backend\\api\\admin.py": {"executed_lines": [8, 9, 11, 14, 15, 30, 31, 53, 54], "summary": {"covered_lines": 9, "num_statements": 23, "percent_covered": 39.130434782608695, "percent_covered_display": "39", "missing_lines": 14, "excluded_lines": 0, "percent_statements_covered": 39.130434782608695, "percent_statements_covered_display": "39"}, "missing_lines": [25, 26, 27, 44, 45, 47, 48, 50, 59, 61, 62, 63, 64, 65], "excluded_lines": [], "functions": {"list_projects": {"executed_lines": [], "summary": {"covered_lines": 0, "num_statements": 3, "percent_covered": 0.0, "percent_covered_display": "0", "missing_lines": 3, "excluded_lines": 0, "percent_statements_covered": 0.0, "percent_statements_covered_display": "0"}, "missing_lines": [25, 26, 27], "excluded_lines": [], "start_line": 15}, "get_project": {"executed_lines": [], "summary": {"covered_lines": 0, "num_statements": 5, "percent_covered": 0.0, "percent_covered_display": "0", "missing_lines": 5, "excluded_lines": 0, "percent_statements_covered": 0.0, "percent_statements_covered_display": "0"}, "missing_lines": [44, 45, 47, 48, 50], "excluded_lines": [], "start_line": 31}, "issue_mission": {"executed_lines": [], "summary": {"covered_lines": 0, "num_statements": 6, "percent_covered": 0.0, "percent_covered_display": "0", "missing_lines": 6, "excluded_lines": 0, "percent_statements_covered": 0.0, "percent_statements_covered_display": "0"}, "missing_lines": [59, 61, 62, 63, 64, 65], "excluded_lines": [], "start_line": 54}, "": {"executed_lines": [8, 9, 11, 14, 15, 30, 31, 53, 54], "summary": {"covered_lines": 9, "num_statements": 9, "percent_covered": 100.0, "percent_covered_display": "100", "missing_lines": 0, "excluded_lines": 0, "percent_statements_covered": 100.0, "percent_statements_covered_display": "100"}, "missing_lines": [], "excluded_lines": [], "start_line": 1}}, "classes": {"": {"executed_lines": [8, 9, 11, 14, 15, 30, 31, 53, 54], "summary": {"covered_lines": 9, "num_statements": 23, "percent_covered": 39.130434782608695, "percent_covered_display": "39", "missing_lines": 14, "excluded_lines": 0, "percent_statements_covered": 39.130434782608695, "percent_statements_covered_display": "39"}, "missing_lines": [25, 26, 27, 44, 45, 47, 48, 50, 59, 61, 62, 63, 64, 65], "excluded_lines": [], "start_line": 1}}}, "backend\\api\\auth.py": {"executed_lines": [4, 5, 6, 7, 8, 9, 10, 11, 14, 15, 18, 21, 22, 25, 28, 29, 30, 31, 34, 37, 40, 43, 44, 47, 50, 53, 56, 57, 60, 61, 65, 67, 68, 69, 74, 77, 78, 79, 81, 86, 87, 91, 93, 95, 96, 103, 104, 105, 107, 114, 115, 122, 124, 125, 127, 132, 135, 136, 140, 142, 143, 149, 152, 153, 157, 160, 161, 167, 168, 170, 173], "summary": {"covered_lines": 71, "num_statements": 73, "percent_covered": 97.26027397260275, "percent_covered_display": "97", "missing_lines": 2, "excluded_lines": 0, "percent_statements_covered": 97.26027397260275, "percent_statements_covered_display": "97"}, "missing_lines": [128, 171], "excluded_lines": [], "functions": {"register": {"executed_lines": [65, 67, 68, 69, 74, 77, 78, 79, 81], "summary": {"covered_lines": 9, "num_statements": 9, "percent_covered": 100.0, "percent_covered_display": "100", "missing_lines": 0, "excluded_lines": 0, "percent_statements_covered": 100.0, "percent_statements_covered_display": "100"}, "missing_lines": [], "excluded_lines": [], "start_line": 61}, "login": {"executed_lines": [91, 93, 95, 96, 103, 104, 105, 107], "summary": {"covered_lines": 8, "num_statements": 8, "percent_covered": 100.0, "percent_covered_display": "100", "missing_lines": 0, "excluded_lines": 0, "percent_statements_covered": 100.0, "percent_statements_covered_display": "100"}, "missing_lines": [], "excluded_lines": [], "start_line": 87}, "logout": {"executed_lines": [122, 124, 125, 127, 132], "summary": {"covered_lines": 5, "num_statements": 6, "percent_covered": 83.33333333333333, "percent_covered_display": "83", "missing_lines": 1, "excluded_lines": 0, "percent_statements_covered": 83.33333333333333, "percent_statements_covered_display": "83"}, "missing_lines": [128], "excluded_lines": [], "start_line": 115}, "refresh": {"executed_lines": [140, 142, 143, 149], "summary": {"covered_lines": 4, "num_statements": 4, "percent_covered": 100.0, "percent_covered_display": "100", "missing_lines": 0, "excluded_lines": 0, "percent_statements_covered": 100.0, "percent_statements_covered_display": "100"}, "missing_lines": [], "excluded_lines": [], "start_line": 136}, "verify_token": {"executed_lines": [157], "summary": {"covered_lines": 1, "num_statements": 1, "percent_covered": 100.0, "percent_covered_display": "100", "missing_lines": 0, "excluded_lines": 0, "percent_statements_covered": 100.0, "percent_statements_covered_display": "100"}, "missing_lines": [], "excluded_lines": [], "start_line": 153}, "get_current_user_info": {"executed_lines": [167, 168, 170, 173], "summary": {"covered_lines": 4, "num_statements": 5, "percent_covered": 80.0, "percent_covered_display": "80", "missing_lines": 1, "excluded_lines": 0, "percent_statements_covered": 80.0, "percent_statements_covered_display": "80"}, "missing_lines": [171], "excluded_lines": [], "start_line": 161}, "": {"executed_lines": [4, 5, 6, 7, 8, 9, 10, 11, 14, 15, 18, 21, 22, 25, 28, 29, 30, 31, 34, 37, 40, 43, 44, 47, 50, 53, 56, 57, 60, 61, 86, 87, 114, 115, 135, 136, 152, 153, 160, 161], "summary": {"covered_lines": 40, "num_statements": 40, "percent_covered": 100.0, "percent_covered_display": "100", "missing_lines": 0, "excluded_lines": 0, "percent_statements_covered": 100.0, "percent_statements_covered_display": "100"}, "missing_lines": [], "excluded_lines": [], "start_line": 1}}, "classes": {"LoginRequest": {"executed_lines": [], "summary": {"covered_lines": 0, "num_statements": 0, "percent_covered": 100.0, "percent_covered_display": "100", "missing_lines": 0, "excluded_lines": 0, "percent_statements_covered": 100.0, "percent_statements_covered_display": "100"}, "missing_lines": [], "excluded_lines": [], "start_line": 18}, "LoginResponse": {"executed_lines": [], "summary": {"covered_lines": 0, "num_statements": 0, "percent_covered": 100.0, "percent_covered_display": "100", "missing_lines": 0, "excluded_lines": 0, "percent_statements_covered": 100.0, "percent_statements_covered_display": "100"}, "missing_lines": [], "excluded_lines": [], "start_line": 25}, "RefreshRequest": {"executed_lines": [], "summary": {"covered_lines": 0, "num_statements": 0, "percent_covered": 100.0, "percent_covered_display": "100", "missing_lines": 0, "excluded_lines": 0, "percent_statements_covered": 100.0, "percent_statements_covered_display": "100"}, "missing_lines": [], "excluded_lines": [], "start_line": 34}, "RefreshResponse": {"executed_lines": [], "summary": {"covered_lines": 0, "num_statements": 0, "percent_covered": 100.0, "percent_covered_display": "100", "missing_lines": 0, "excluded_lines": 0, "percent_statements_covered": 100.0, "percent_statements_covered_display": "100"}, "missing_lines": [], "excluded_lines": [], "start_line": 40}, "PasswordResetRequest": {"executed_lines": [], "summary": {"covered_lines": 0, "num_statements": 0, "percent_covered": 100.0, "percent_covered_display": "100", "missing_lines": 0, "excluded_lines": 0, "percent_statements_covered": 100.0, "percent_statements_covered_display": "100"}, "missing_lines": [], "excluded_lines": [], "start_line": 47}, "PasswordResetConfirm": {"executed_lines": [], "summary": {"covered_lines": 0, "num_statements": 0, "percent_covered": 100.0, "percent_covered_display": "100", "missing_lines": 0, "excluded_lines": 0, "percent_statements_covered": 100.0, "percent_statements_covered_display": "100"}, "missing_lines": [], "excluded_lines": [], "start_line": 53}, "": {"executed_lines": [4, 5, 6, 7, 8, 9, 10, 11, 14, 15, 18, 21, 22, 25, 28, 29, 30, 31, 34, 37, 40, 43, 44, 47, 50, 53, 56, 57, 60, 61, 65, 67, 68, 69, 74, 77, 78, 79, 81, 86, 87, 91, 93, 95, 96, 103, 104, 105, 107, 114, 115, 122, 124, 125, 127, 132, 135, 136, 140, 142, 143, 149, 152, 153, 157, 160, 161, 167, 168, 170, 173], "summary": {"covered_lines": 71, "num_statements": 73, "percent_covered": 97.26027397260275, "percent_covered_display": "97", "missing_lines": 2, "excluded_lines": 0, "percent_statements_covered": 97.26027397260275, "percent_statements_covered_display": "97"}, "missing_lines": [128, 171], "excluded_lines": [], "start_line": 1}}}, "backend\\api\\billing.py": {"executed_lines": [7, 8, 9, 10, 12, 13, 14, 15, 17, 18, 20, 21, 24, 25, 26, 27, 30, 33, 34, 35, 36, 39, 40, 50, 51, 52, 55, 56, 57, 59, 60, 62, 63, 64, 65, 66, 72, 73, 75, 76, 77, 79, 80, 81, 87, 88, 97, 98, 101, 102, 103, 104, 105, 106, 113, 114, 115, 116, 117, 118, 121, 122, 132, 133, 135, 142, 143, 153, 155, 156, 162, 163, 164, 169], "summary": {"covered_lines": 74, "num_statements": 74, "percent_covered": 100.0, "percent_covered_display": "100", "missing_lines": 0, "excluded_lines": 0, "percent_statements_covered": 100.0, "percent_statements_covered_display": "100"}, "missing_lines": [], "excluded_lines": [], "functions": {"create_invoice": {"executed_lines": [50, 51, 52, 55, 56, 57, 59, 60, 62, 63, 64, 65, 66, 72, 73, 75, 76, 77, 79, 80, 81, 87, 88, 97, 98, 101, 102, 103, 104, 105, 106, 113, 114, 115, 116, 117, 118, 121, 122, 132, 133, 135], "summary": {"covered_lines": 42, "num_statements": 42, "percent_covered": 100.0, "percent_covered_display": "100", "missing_lines": 0, "excluded_lines": 0, "percent_statements_covered": 100.0, "percent_statements_covered_display": "100"}, "missing_lines": [], "excluded_lines": [], "start_line": 40}, "mark_invoice_paid": {"executed_lines": [153, 155, 156, 162, 163, 164, 169], "summary": {"covered_lines": 7, "num_statements": 7, "percent_covered": 100.0, "percent_covered_display": "100", "missing_lines": 0, "excluded_lines": 0, "percent_statements_covered": 100.0, "percent_statements_covered_display": "100"}, "missing_lines": [], "excluded_lines": [], "start_line": 143}, "": {"executed_lines": [7, 8, 9, 10, 12, 13, 14, 15, 17, 18, 20, 21, 24, 25, 26, 27, 30, 33, 34, 35, 36, 39, 40, 142, 143], "summary": {"covered_lines": 25, "num_statements": 25, "percent_covered": 100.0, "percent_covered_display": "100", "missing_lines": 0, "excluded_lines": 0, "percent_statements_covered": 100.0, "percent_statements_covered_display": "100"}, "missing_lines": [], "excluded_lines": [], "start_line": 1}}, "classes": {"InvoicePayload": {"executed_lines": [], "summary": {"covered_lines": 0, "num_statements": 0, "percent_covered": 100.0, "percent_covered_display": "100", "missing_lines": 0, "excluded_lines": 0, "percent_statements_covered": 100.0, "percent_statements_covered_display": "100"}, "missing_lines": [], "excluded_lines": [], "start_line": 30}, "": {"executed_lines": [7, 8, 9, 10, 12, 13, 14, 15, 17, 18, 20, 21, 24, 25, 26, 27, 30, 33, 34, 35, 36, 39, 40, 50, 51, 52, 55, 56, 57, 59, 60, 62, 63, 64, 65, 66, 72, 73, 75, 76, 77, 79, 80, 81, 87, 88, 97, 98, 101, 102, 103, 104, 105, 106, 113, 114, 115, 116, 117, 118, 121, 122, 132, 133, 135, 142, 143, 153, 155, 156, 162, 163, 164, 169], "summary": {"covered_lines": 74, "num_statements": 74, "percent_covered": 100.0, "percent_covered_display": "100", "missing_lines": 0, "excluded_lines": 0, "percent_statements_covered": 100.0, "percent_statements_covered_display": "100"}, "missing_lines": [], "excluded_lines": [], "start_line": 1}}}, "backend\\api\\companies.py": {"executed_lines": [4, 5, 6, 7, 8, 14, 17, 18, 19, 22, 25, 26, 27, 28, 31, 34, 35, 36, 37, 38, 39, 40, 41, 42, 43, 44, 45, 48, 51, 52, 53, 54, 55, 58, 59, 76, 85, 87, 90, 91, 109, 110, 111, 113, 114, 117, 119, 120, 122, 124, 139, 142, 143, 158, 160, 161, 164, 165, 167, 170, 171, 184, 186, 187, 190, 194, 195, 196, 197, 198, 208, 216, 217, 228, 230, 234, 238, 239, 244, 245, 250, 252, 259, 260, 262, 263, 264, 265, 269, 271, 279, 280, 291, 293, 294, 297, 301, 302, 305, 306, 308, 309, 310, 311, 313, 315, 318, 319, 359, 360, 373, 375, 376, 379, 382], "summary": {"covered_lines": 115, "num_statements": 138, "percent_covered": 83.33333333333333, "percent_covered_display": "83", "missing_lines": 23, "excluded_lines": 0, "percent_statements_covered": 83.33333333333333, "percent_statements_covered_display": "83"}, "missing_lines": [191, 199, 200, 201, 202, 203, 204, 205, 206, 231, 235, 253, 267, 298, 335, 337, 338, 341, 342, 345, 354, 356, 380], "excluded_lines": [], "functions": {"generate_company": {"executed_lines": [76, 85, 87], "summary": {"covered_lines": 3, "num_statements": 3, "percent_covered": 100.0, "percent_covered_display": "100", "missing_lines": 0, "excluded_lines": 0, "percent_statements_covered": 100.0, "percent_statements_covered_display": "100"}, "missing_lines": [], "excluded_lines": [], "start_line": 59}, "list_companies": {"executed_lines": [109, 110, 111, 113, 114, 117, 119, 120, 122, 124, 139], "summary": {"covered_lines": 11, "num_statements": 11, "percent_covered": 100.0, "percent_covered_display": "100", "missing_lines": 0, "excluded_lines": 0, "percent_statements_covered": 100.0, "percent_statements_covered_display": "100"}, "missing_lines": [], "excluded_lines": [], "start_line": 91}, "get_company": {"executed_lines": [158, 160, 161, 164, 165, 167], "summary": {"covered_lines": 6, "num_statements": 6, "percent_covered": 100.0, "percent_covered_display": "100", "missing_lines": 0, "excluded_lines": 0, "percent_statements_covered": 100.0, "percent_statements_covered_display": "100"}, "missing_lines": [], "excluded_lines": [], "start_line": 143}, "get_company_status": {"executed_lines": [184, 186, 187, 190, 194, 195, 196, 197, 198, 208], "summary": {"covered_lines": 10, "num_statements": 19, "percent_covered": 52.63157894736842, "percent_covered_display": "53", "missing_lines": 9, "excluded_lines": 0, "percent_statements_covered": 52.63157894736842, "percent_statements_covered_display": "53"}, "missing_lines": [191, 199, 200, 201, 202, 203, 204, 205, 206], "excluded_lines": [], "start_line": 171}, "download_company": {"executed_lines": [228, 230, 234, 238, 239, 244, 245, 250, 252, 259, 260, 262, 263, 264, 265, 269, 271], "summary": {"covered_lines": 17, "num_statements": 21, "percent_covered": 80.95238095238095, "percent_covered_display": "81", "missing_lines": 4, "excluded_lines": 0, "percent_statements_covered": 80.95238095238095, "percent_statements_covered_display": "81"}, "missing_lines": [231, 235, 253, 267], "excluded_lines": [], "start_line": 217}, "delete_company": {"executed_lines": [291, 293, 294, 297, 301, 302, 305, 306, 308, 309, 310, 311, 313, 315], "summary": {"covered_lines": 14, "num_statements": 15, "percent_covered": 93.33333333333333, "percent_covered_display": "93", "missing_lines": 1, "excluded_lines": 0, "percent_statements_covered": 93.33333333333333, "percent_statements_covered_display": "93"}, "missing_lines": [298], "excluded_lines": [], "start_line": 280}, "regenerate_company": {"executed_lines": [], "summary": {"covered_lines": 0, "num_statements": 8, "percent_covered": 0.0, "percent_covered_display": "0", "missing_lines": 8, "excluded_lines": 0, "percent_statements_covered": 0.0, "percent_statements_covered_display": "0"}, "missing_lines": [335, 337, 338, 341, 342, 345, 354, 356], "excluded_lines": [], "start_line": 319}, "get_company_metadata": {"executed_lines": [373, 375, 376, 379, 382], "summary": {"covered_lines": 5, "num_statements": 6, "percent_covered": 83.33333333333333, "percent_covered_display": "83", "missing_lines": 1, "excluded_lines": 0, "percent_statements_covered": 83.33333333333333, "percent_statements_covered_display": "83"}, "missing_lines": [380], "excluded_lines": [], "start_line": 360}, "": {"executed_lines": [4, 5, 6, 7, 8, 14, 17, 18, 19, 22, 25, 26, 27, 28, 31, 34, 35, 36, 37, 38, 39, 40, 41, 42, 43, 44, 45, 48, 51, 52, 53, 54, 55, 58, 59, 90, 91, 142, 143, 170, 171, 216, 217, 279, 280, 318, 319, 359, 360], "summary": {"covered_lines": 49, "num_statements": 49, "percent_covered": 100.0, "percent_covered_display": "100", "missing_lines": 0, "excluded_lines": 0, "percent_statements_covered": 100.0, "percent_statements_covered_display": "100"}, "missing_lines": [], "excluded_lines": [], "start_line": 1}}, "classes": {"GenerateCompanyRequest": {"executed_lines": [], "summary": {"covered_lines": 0, "num_statements": 0, "percent_covered": 100.0, "percent_covered_display": "100", "missing_lines": 0, "excluded_lines": 0, "percent_statements_covered": 100.0, "percent_statements_covered_display": "100"}, "missing_lines": [], "excluded_lines": [], "start_line": 22}, "CompanyResponse": {"executed_lines": [], "summary": {"covered_lines": 0, "num_statements": 0, "percent_covered": 100.0, "percent_covered_display": "100", "missing_lines": 0, "excluded_lines": 0, "percent_statements_covered": 100.0, "percent_statements_covered_display": "100"}, "missing_lines": [], "excluded_lines": [], "start_line": 31}, "CompanyStatusResponse": {"executed_lines": [], "summary": {"covered_lines": 0, "num_statements": 0, "percent_covered": 100.0, "percent_covered_display": "100", "missing_lines": 0, "excluded_lines": 0, "percent_statements_covered": 100.0, "percent_statements_covered_display": "100"}, "missing_lines": [], "excluded_lines": [], "start_line": 48}, "": {"executed_lines": [4, 5, 6, 7, 8, 14, 17, 18, 19, 22, 25, 26, 27, 28, 31, 34, 35, 36, 37, 38, 39, 40, 41, 42, 43, 44, 45, 48, 51, 52, 53, 54, 55, 58, 59, 76, 85, 87, 90, 91, 109, 110, 111, 113, 114, 117, 119, 120, 122, 124, 139, 142, 143, 158, 160, 161, 164, 165, 167, 170, 171, 184, 186, 187, 190, 194, 195, 196, 197, 198, 208, 216, 217, 228, 230, 234, 238, 239, 244, 245, 250, 252, 259, 260, 262, 263, 264, 265, 269, 271, 279, 280, 291, 293, 294, 297, 301, 302, 305, 306, 308, 309, 310, 311, 313, 315, 318, 319, 359, 360, 373, 375, 376, 379, 382], "summary": {"covered_lines": 115, "num_statements": 138, "percent_covered": 83.33333333333333, "percent_covered_display": "83", "missing_lines": 23, "excluded_lines": 0, "percent_statements_covered": 83.33333333333333, "percent_statements_covered_display": "83"}, "missing_lines": [191, 199, 200, 201, 202, 203, 204, 205, 206, 231, 235, 253, 267, 298, 335, 337, 338, 341, 342, 345, 354, 356, 380], "excluded_lines": [], "start_line": 1}}}, "backend\\api\\deployments.py": {"executed_lines": [7, 9, 10, 11, 12, 13, 15, 16, 17, 23, 26, 32, 35, 36, 37, 38, 39, 40, 41, 42, 45, 48, 49, 50, 51, 52, 53, 54, 55, 56, 57, 58, 61, 64, 65, 66, 67, 68, 69, 70, 71, 72, 73, 76, 79, 80, 81, 87, 94, 107, 112, 113, 124, 126, 128, 129, 135, 141, 151, 152, 155, 157, 158, 160, 161, 163, 164, 167, 169, 171, 173, 174, 180, 186, 191, 192, 195, 196, 197, 199, 200, 201, 202, 205, 206, 211, 213, 215, 216, 217, 218, 224, 230, 235, 236, 237, 239, 240, 241, 242, 248, 254, 260, 261, 262, 264, 265, 273, 279, 284, 285, 286, 288, 289, 297, 303, 310, 315, 316, 318, 319, 327, 333, 338, 339, 340, 342, 343, 351, 357, 362, 363, 364, 366, 367, 375, 381, 387, 388, 389, 400, 405, 414, 415, 416, 417, 419, 420, 422, 423, 424, 430, 431, 433, 434, 435, 436, 437, 439, 446, 449], "summary": {"covered_lines": 161, "num_statements": 179, "percent_covered": 89.94413407821229, "percent_covered_display": "90", "missing_lines": 18, "excluded_lines": 0, "percent_statements_covered": 89.94413407821229, "percent_statements_covered_display": "90"}, "missing_lines": [108, 266, 267, 290, 291, 311, 320, 321, 344, 345, 368, 369, 391, 392, 393, 394, 432, 451], "excluded_lines": [], "functions": {"create_deployment": {"executed_lines": [107, 112, 113, 124, 126, 128, 129], "summary": {"covered_lines": 7, "num_statements": 8, "percent_covered": 87.5, "percent_covered_display": "88", "missing_lines": 1, "excluded_lines": 0, "percent_statements_covered": 87.5, "percent_statements_covered_display": "88"}, "missing_lines": [108], "excluded_lines": [], "start_line": 94}, "list_deployments": {"executed_lines": [151, 152, 155, 157, 158, 160, 161, 163, 164, 167, 169, 171, 173, 174], "summary": {"covered_lines": 14, "num_statements": 14, "percent_covered": 100.0, "percent_covered_display": "100", "missing_lines": 0, "excluded_lines": 0, "percent_statements_covered": 100.0, "percent_statements_covered_display": "100"}, "missing_lines": [], "excluded_lines": [], "start_line": 141}, "get_deployment": {"executed_lines": [191, 192, 195, 196, 197, 199, 200, 201, 202, 205, 206, 211, 213, 215, 216, 217, 218], "summary": {"covered_lines": 17, "num_statements": 17, "percent_covered": 100.0, "percent_covered_display": "100", "missing_lines": 0, "excluded_lines": 0, "percent_statements_covered": 100.0, "percent_statements_covered_display": "100"}, "missing_lines": [], "excluded_lines": [], "start_line": 186}, "start_deployment": {"executed_lines": [235, 236, 237, 239, 240, 241, 242], "summary": {"covered_lines": 7, "num_statements": 7, "percent_covered": 100.0, "percent_covered_display": "100", "missing_lines": 0, "excluded_lines": 0, "percent_statements_covered": 100.0, "percent_statements_covered_display": "100"}, "missing_lines": [], "excluded_lines": [], "start_line": 230}, "stop_deployment": {"executed_lines": [260, 261, 262, 264, 265], "summary": {"covered_lines": 5, "num_statements": 7, "percent_covered": 71.42857142857143, "percent_covered_display": "71", "missing_lines": 2, "excluded_lines": 0, "percent_statements_covered": 71.42857142857143, "percent_statements_covered_display": "71"}, "missing_lines": [266, 267], "excluded_lines": [], "start_line": 254}, "restart_deployment": {"executed_lines": [284, 285, 286, 288, 289], "summary": {"covered_lines": 5, "num_statements": 7, "percent_covered": 71.42857142857143, "percent_covered_display": "71", "missing_lines": 2, "excluded_lines": 0, "percent_statements_covered": 71.42857142857143, "percent_statements_covered_display": "71"}, "missing_lines": [290, 291], "excluded_lines": [], "start_line": 279}, "delete_deployment": {"executed_lines": [310, 315, 316, 318, 319], "summary": {"covered_lines": 5, "num_statements": 8, "percent_covered": 62.5, "percent_covered_display": "62", "missing_lines": 3, "excluded_lines": 0, "percent_statements_covered": 62.5, "percent_statements_covered_display": "62"}, "missing_lines": [311, 320, 321], "excluded_lines": [], "start_line": 303}, "get_deployment_metrics": {"executed_lines": [338, 339, 340, 342, 343], "summary": {"covered_lines": 5, "num_statements": 7, "percent_covered": 71.42857142857143, "percent_covered_display": "71", "missing_lines": 2, "excluded_lines": 0, "percent_statements_covered": 71.42857142857143, "percent_statements_covered_display": "71"}, "missing_lines": [344, 345], "excluded_lines": [], "start_line": 333}, "create_backup": {"executed_lines": [362, 363, 364, 366, 367], "summary": {"covered_lines": 5, "num_statements": 7, "percent_covered": 71.42857142857143, "percent_covered_display": "71", "missing_lines": 2, "excluded_lines": 0, "percent_statements_covered": 71.42857142857143, "percent_statements_covered_display": "71"}, "missing_lines": [368, 369], "excluded_lines": [], "start_line": 357}, "restore_backup": {"executed_lines": [387, 388, 389], "summary": {"covered_lines": 3, "num_statements": 7, "percent_covered": 42.857142857142854, "percent_covered_display": "43", "missing_lines": 4, "excluded_lines": 0, "percent_statements_covered": 42.857142857142854, "percent_statements_covered_display": "43"}, "missing_lines": [391, 392, 393, 394], "excluded_lines": [], "start_line": 381}, "get_deployment_logs": {"executed_lines": [414, 415, 416, 417, 419, 420, 422, 439], "summary": {"covered_lines": 8, "num_statements": 8, "percent_covered": 100.0, "percent_covered_display": "100", "missing_lines": 0, "excluded_lines": 0, "percent_statements_covered": 100.0, "percent_statements_covered_display": "100"}, "missing_lines": [], "excluded_lines": [], "start_line": 405}, "get_deployment_logs._iter_docker_logs": {"executed_lines": [423, 424, 430, 431, 433, 434, 435, 436, 437], "summary": {"covered_lines": 9, "num_statements": 10, "percent_covered": 90.0, "percent_covered_display": "90", "missing_lines": 1, "excluded_lines": 0, "percent_statements_covered": 90.0, "percent_statements_covered_display": "90"}, "missing_lines": [432], "excluded_lines": [], "start_line": 422}, "health_check": {"executed_lines": [], "summary": {"covered_lines": 0, "num_statements": 1, "percent_covered": 0.0, "percent_covered_display": "0", "missing_lines": 1, "excluded_lines": 0, "percent_statements_covered": 0.0, "percent_statements_covered_display": "0"}, "missing_lines": [451], "excluded_lines": [], "start_line": 449}, "": {"executed_lines": [7, 9, 10, 11, 12, 13, 15, 16, 17, 23, 26, 32, 35, 36, 37, 38, 39, 40, 41, 42, 45, 48, 49, 50, 51, 52, 53, 54, 55, 56, 57, 58, 61, 64, 65, 66, 67, 68, 69, 70, 71, 72, 73, 76, 79, 80, 81, 87, 94, 135, 141, 180, 186, 224, 230, 248, 254, 273, 279, 297, 303, 327, 333, 351, 357, 375, 381, 400, 405, 446, 449], "summary": {"covered_lines": 71, "num_statements": 71, "percent_covered": 100.0, "percent_covered_display": "100", "missing_lines": 0, "excluded_lines": 0, "percent_statements_covered": 100.0, "percent_statements_covered_display": "100"}, "missing_lines": [], "excluded_lines": [], "start_line": 1}}, "classes": {"CreateDeploymentRequest": {"executed_lines": [], "summary": {"covered_lines": 0, "num_statements": 0, "percent_covered": 100.0, "percent_covered_display": "100", "missing_lines": 0, "excluded_lines": 0, "percent_statements_covered": 100.0, "percent_statements_covered_display": "100"}, "missing_lines": [], "excluded_lines": [], "start_line": 32}, "DeploymentResponse": {"executed_lines": [], "summary": {"covered_lines": 0, "num_statements": 0, "percent_covered": 100.0, "percent_covered_display": "100", "missing_lines": 0, "excluded_lines": 0, "percent_statements_covered": 100.0, "percent_statements_covered_display": "100"}, "missing_lines": [], "excluded_lines": [], "start_line": 45}, "DeploymentMetricsResponse": {"executed_lines": [], "summary": {"covered_lines": 0, "num_statements": 0, "percent_covered": 100.0, "percent_covered_display": "100", "missing_lines": 0, "excluded_lines": 0, "percent_statements_covered": 100.0, "percent_statements_covered_display": "100"}, "missing_lines": [], "excluded_lines": [], "start_line": 61}, "BackupResponse": {"executed_lines": [], "summary": {"covered_lines": 0, "num_statements": 0, "percent_covered": 100.0, "percent_covered_display": "100", "missing_lines": 0, "excluded_lines": 0, "percent_statements_covered": 100.0, "percent_statements_covered_display": "100"}, "missing_lines": [], "excluded_lines": [], "start_line": 76}, "": {"executed_lines": [7, 9, 10, 11, 12, 13, 15, 16, 17, 23, 26, 32, 35, 36, 37, 38, 39, 40, 41, 42, 45, 48, 49, 50, 51, 52, 53, 54, 55, 56, 57, 58, 61, 64, 65, 66, 67, 68, 69, 70, 71, 72, 73, 76, 79, 80, 81, 87, 94, 107, 112, 113, 124, 126, 128, 129, 135, 141, 151, 152, 155, 157, 158, 160, 161, 163, 164, 167, 169, 171, 173, 174, 180, 186, 191, 192, 195, 196, 197, 199, 200, 201, 202, 205, 206, 211, 213, 215, 216, 217, 218, 224, 230, 235, 236, 237, 239, 240, 241, 242, 248, 254, 260, 261, 262, 264, 265, 273, 279, 284, 285, 286, 288, 289, 297, 303, 310, 315, 316, 318, 319, 327, 333, 338, 339, 340, 342, 343, 351, 357, 362, 363, 364, 366, 367, 375, 381, 387, 388, 389, 400, 405, 414, 415, 416, 417, 419, 420, 422, 423, 424, 430, 431, 433, 434, 435, 436, 437, 439, 446, 449], "summary": {"covered_lines": 161, "num_statements": 179, "percent_covered": 89.94413407821229, "percent_covered_display": "90", "missing_lines": 18, "excluded_lines": 0, "percent_statements_covered": 89.94413407821229, "percent_statements_covered_display": "90"}, "missing_lines": [108, 266, 267, 290, 291, 311, 320, 321, 344, 345, 368, 369, 391, 392, 393, 394, 432, 451], "excluded_lines": [], "start_line": 1}}}, "backend\\api\\gdpr.py": {"executed_lines": [7, 9, 10, 12, 13, 15, 16, 17, 19, 20, 28, 33, 104, 110], "summary": {"covered_lines": 14, "num_statements": 33, "percent_covered": 42.42424242424242, "percent_covered_display": "42", "missing_lines": 19, "excluded_lines": 0, "percent_statements_covered": 42.42424242424242, "percent_statements_covered_display": "42"}, "missing_lines": [49, 51, 52, 54, 56, 58, 59, 63, 64, 74, 75, 83, 126, 129, 130, 131, 133, 134, 135], "excluded_lines": [], "functions": {"export_user_data": {"executed_lines": [], "summary": {"covered_lines": 0, "num_statements": 10, "percent_covered": 0.0, "percent_covered_display": "0", "missing_lines": 10, "excluded_lines": 0, "percent_statements_covered": 0.0, "percent_statements_covered_display": "0"}, "missing_lines": [49, 51, 52, 54, 56, 58, 59, 63, 74, 83], "excluded_lines": [], "start_line": 33}, "export_user_data._key_to_dict": {"executed_lines": [], "summary": {"covered_lines": 0, "num_statements": 1, "percent_covered": 0.0, "percent_covered_display": "0", "missing_lines": 1, "excluded_lines": 0, "percent_statements_covered": 0.0, "percent_statements_covered_display": "0"}, "missing_lines": [64], "excluded_lines": [], "start_line": 63}, "export_user_data._event_to_dict": {"executed_lines": [], "summary": {"covered_lines": 0, "num_statements": 1, "percent_covered": 0.0, "percent_covered_display": "0", "missing_lines": 1, "excluded_lines": 0, "percent_statements_covered": 0.0, "percent_statements_covered_display": "0"}, "missing_lines": [75], "excluded_lines": [], "start_line": 74}, "delete_user_account": {"executed_lines": [], "summary": {"covered_lines": 0, "num_statements": 7, "percent_covered": 0.0, "percent_covered_display": "0", "missing_lines": 7, "excluded_lines": 0, "percent_statements_covered": 0.0, "percent_statements_covered_display": "0"}, "missing_lines": [126, 129, 130, 131, 133, 134, 135], "excluded_lines": [], "start_line": 110}, "": {"executed_lines": [7, 9, 10, 12, 13, 15, 16, 17, 19, 20, 28, 33, 104, 110], "summary": {"covered_lines": 14, "num_statements": 14, "percent_covered": 100.0, "percent_covered_display": "100", "missing_lines": 0, "excluded_lines": 0, "percent_statements_covered": 100.0, "percent_statements_covered_display": "100"}, "missing_lines": [], "excluded_lines": [], "start_line": 1}}, "classes": {"": {"executed_lines": [7, 9, 10, 12, 13, 15, 16, 17, 19, 20, 28, 33, 104, 110], "summary": {"covered_lines": 14, "num_statements": 33, "percent_covered": 42.42424242424242, "percent_covered_display": "42", "missing_lines": 19, "excluded_lines": 0, "percent_statements_covered": 42.42424242424242, "percent_statements_covered_display": "42"}, "missing_lines": [49, 51, 52, 54, 56, 58, 59, 63, 64, 74, 75, 83, 126, 129, 130, 131, 133, 134, 135], "excluded_lines": [], "start_line": 1}}}, "backend\\api\\leads.py": {"executed_lines": [9, 10, 12, 14, 17, 20, 21, 22, 23, 26, 27, 47, 48, 63, 64, 86, 87], "summary": {"covered_lines": 17, "num_statements": 34, "percent_covered": 50.0, "percent_covered_display": "50", "missing_lines": 17, "excluded_lines": 0, "percent_statements_covered": 50.0, "percent_statements_covered_display": "50"}, "missing_lines": [37, 38, 44, 58, 59, 60, 77, 78, 80, 81, 83, 108, 109, 111, 112, 114, 121], "excluded_lines": [], "functions": {"create_lead": {"executed_lines": [], "summary": {"covered_lines": 0, "num_statements": 3, "percent_covered": 0.0, "percent_covered_display": "0", "missing_lines": 3, "excluded_lines": 0, "percent_statements_covered": 0.0, "percent_statements_covered_display": "0"}, "missing_lines": [37, 38, 44], "excluded_lines": [], "start_line": 27}, "list_leads": {"executed_lines": [], "summary": {"covered_lines": 0, "num_statements": 3, "percent_covered": 0.0, "percent_covered_display": "0", "missing_lines": 3, "excluded_lines": 0, "percent_statements_covered": 0.0, "percent_statements_covered_display": "0"}, "missing_lines": [58, 59, 60], "excluded_lines": [], "start_line": 48}, "get_lead": {"executed_lines": [], "summary": {"covered_lines": 0, "num_statements": 5, "percent_covered": 0.0, "percent_covered_display": "0", "missing_lines": 5, "excluded_lines": 0, "percent_statements_covered": 0.0, "percent_statements_covered_display": "0"}, "missing_lines": [77, 78, 80, 81, 83], "excluded_lines": [], "start_line": 64}, "create_ticket_for_lead": {"executed_lines": [], "summary": {"covered_lines": 0, "num_statements": 6, "percent_covered": 0.0, "percent_covered_display": "0", "missing_lines": 6, "excluded_lines": 0, "percent_statements_covered": 0.0, "percent_statements_covered_display": "0"}, "missing_lines": [108, 109, 111, 112, 114, 121], "excluded_lines": [], "start_line": 87}, "": {"executed_lines": [9, 10, 12, 14, 17, 20, 21, 22, 23, 26, 27, 47, 48, 63, 64, 86, 87], "summary": {"covered_lines": 17, "num_statements": 17, "percent_covered": 100.0, "percent_covered_display": "100", "missing_lines": 0, "excluded_lines": 0, "percent_statements_covered": 100.0, "percent_statements_covered_display": "100"}, "missing_lines": [], "excluded_lines": [], "start_line": 1}}, "classes": {"LeadCreate": {"executed_lines": [], "summary": {"covered_lines": 0, "num_statements": 0, "percent_covered": 100.0, "percent_covered_display": "100", "missing_lines": 0, "excluded_lines": 0, "percent_statements_covered": 100.0, "percent_statements_covered_display": "100"}, "missing_lines": [], "excluded_lines": [], "start_line": 17}, "": {"executed_lines": [9, 10, 12, 14, 17, 20, 21, 22, 23, 26, 27, 47, 48, 63, 64, 86, 87], "summary": {"covered_lines": 17, "num_statements": 34, "percent_covered": 50.0, "percent_covered_display": "50", "missing_lines": 17, "excluded_lines": 0, "percent_statements_covered": 50.0, "percent_statements_covered_display": "50"}, "missing_lines": [37, 38, 44, 58, 59, 60, 77, 78, 80, 81, 83, 108, 109, 111, 112, 114, 121], "excluded_lines": [], "start_line": 1}}}, "backend\\api\\notifications.py": {"executed_lines": [4, 5, 6, 7, 8, 9, 11, 14, 15, 27, 28, 43, 44, 45, 46, 47, 48, 49, 57, 58, 64, 72, 73, 74, 75, 76, 79, 80, 85, 89, 90, 93, 94, 100, 108, 110, 111, 112], "summary": {"covered_lines": 38, "num_statements": 39, "percent_covered": 97.43589743589743, "percent_covered_display": "97", "missing_lines": 1, "excluded_lines": 0, "percent_statements_covered": 97.43589743589743, "percent_statements_covered_display": "97"}, "missing_lines": [109], "excluded_lines": [], "functions": {"_serialize": {"executed_lines": [15], "summary": {"covered_lines": 1, "num_statements": 1, "percent_covered": 100.0, "percent_covered_display": "100", "missing_lines": 0, "excluded_lines": 0, "percent_statements_covered": 100.0, "percent_statements_covered_display": "100"}, "missing_lines": [], "excluded_lines": [], "start_line": 14}, "list_notifications": {"executed_lines": [43, 44, 45, 46, 47, 48, 49], "summary": {"covered_lines": 7, "num_statements": 7, "percent_covered": 100.0, "percent_covered_display": "100", "missing_lines": 0, "excluded_lines": 0, "percent_statements_covered": 100.0, "percent_statements_covered_display": "100"}, "missing_lines": [], "excluded_lines": [], "start_line": 28}, "mark_read": {"executed_lines": [64, 72, 73, 74, 75, 76], "summary": {"covered_lines": 6, "num_statements": 6, "percent_covered": 100.0, "percent_covered_display": "100", "missing_lines": 0, "excluded_lines": 0, "percent_statements_covered": 100.0, "percent_statements_covered_display": "100"}, "missing_lines": [], "excluded_lines": [], "start_line": 58}, "mark_all_read": {"executed_lines": [85, 89, 90], "summary": {"covered_lines": 3, "num_statements": 3, "percent_covered": 100.0, "percent_covered_display": "100", "missing_lines": 0, "excluded_lines": 0, "percent_statements_covered": 100.0, "percent_statements_covered_display": "100"}, "missing_lines": [], "excluded_lines": [], "start_line": 80}, "delete_notification": {"executed_lines": [100, 108, 110, 111, 112], "summary": {"covered_lines": 5, "num_statements": 6, "percent_covered": 83.33333333333333, "percent_covered_display": "83", "missing_lines": 1, "excluded_lines": 0, "percent_statements_covered": 83.33333333333333, "percent_statements_covered_display": "83"}, "missing_lines": [109], "excluded_lines": [], "start_line": 94}, "": {"executed_lines": [4, 5, 6, 7, 8, 9, 11, 14, 27, 28, 57, 58, 79, 80, 93, 94], "summary": {"covered_lines": 16, "num_statements": 16, "percent_covered": 100.0, "percent_covered_display": "100", "missing_lines": 0, "excluded_lines": 0, "percent_statements_covered": 100.0, "percent_statements_covered_display": "100"}, "missing_lines": [], "excluded_lines": [], "start_line": 1}}, "classes": {"": {"executed_lines": [4, 5, 6, 7, 8, 9, 11, 14, 15, 27, 28, 43, 44, 45, 46, 47, 48, 49, 57, 58, 64, 72, 73, 74, 75, 76, 79, 80, 85, 89, 90, 93, 94, 100, 108, 110, 111, 112], "summary": {"covered_lines": 38, "num_statements": 39, "percent_covered": 97.43589743589743, "percent_covered_display": "97", "missing_lines": 1, "excluded_lines": 0, "percent_statements_covered": 97.43589743589743, "percent_statements_covered_display": "97"}, "missing_lines": [109], "excluded_lines": [], "start_line": 1}}}, "backend\\api\\ops.py": {"executed_lines": [3, 4, 5, 7, 8, 10, 11, 13, 14, 17, 18, 19, 20, 21, 22, 23, 28, 29, 30, 31, 33, 34, 36, 37, 40, 41, 43, 44, 45, 46, 47, 64, 65, 70, 71, 72, 73], "summary": {"covered_lines": 37, "num_statements": 42, "percent_covered": 88.0952380952381, "percent_covered_display": "88", "missing_lines": 5, "excluded_lines": 0, "percent_statements_covered": 88.0952380952381, "percent_statements_covered_display": "88"}, "missing_lines": [24, 25, 35, 66, 67], "excluded_lines": [], "functions": {"_check_ollama": {"executed_lines": [18, 19, 20, 21, 22, 23], "summary": {"covered_lines": 6, "num_statements": 8, "percent_covered": 75.0, "percent_covered_display": "75", "missing_lines": 2, "excluded_lines": 0, "percent_statements_covered": 75.0, "percent_statements_covered_display": "75"}, "missing_lines": [24, 25], "excluded_lines": [], "start_line": 17}, "_check_redis": {"executed_lines": [29, 30, 31, 33, 34, 36, 37], "summary": {"covered_lines": 7, "num_statements": 8, "percent_covered": 87.5, "percent_covered_display": "88", "missing_lines": 1, "excluded_lines": 0, "percent_statements_covered": 87.5, "percent_statements_covered_display": "88"}, "missing_lines": [35], "excluded_lines": [], "start_line": 28}, "deployment_status": {"executed_lines": [43, 44, 45, 46, 47], "summary": {"covered_lines": 5, "num_statements": 5, "percent_covered": 100.0, "percent_covered_display": "100", "missing_lines": 0, "excluded_lines": 0, "percent_statements_covered": 100.0, "percent_statements_covered_display": "100"}, "missing_lines": [], "excluded_lines": [], "start_line": 41}, "trigger_heal": {"executed_lines": [], "summary": {"covered_lines": 0, "num_statements": 2, "percent_covered": 0.0, "percent_covered_display": "0", "missing_lines": 2, "excluded_lines": 0, "percent_statements_covered": 0.0, "percent_statements_covered_display": "0"}, "missing_lines": [66, 67], "excluded_lines": [], "start_line": 65}, "trigger_heal_sync": {"executed_lines": [72, 73], "summary": {"covered_lines": 2, "num_statements": 2, "percent_covered": 100.0, "percent_covered_display": "100", "missing_lines": 0, "excluded_lines": 0, "percent_statements_covered": 100.0, "percent_statements_covered_display": "100"}, "missing_lines": [], "excluded_lines": [], "start_line": 71}, "": {"executed_lines": [3, 4, 5, 7, 8, 10, 11, 13, 14, 17, 28, 40, 41, 64, 65, 70, 71], "summary": {"covered_lines": 17, "num_statements": 17, "percent_covered": 100.0, "percent_covered_display": "100", "missing_lines": 0, "excluded_lines": 0, "percent_statements_covered": 100.0, "percent_statements_covered_display": "100"}, "missing_lines": [], "excluded_lines": [], "start_line": 1}}, "classes": {"": {"executed_lines": [3, 4, 5, 7, 8, 10, 11, 13, 14, 17, 18, 19, 20, 21, 22, 23, 28, 29, 30, 31, 33, 34, 36, 37, 40, 41, 43, 44, 45, 46, 47, 64, 65, 70, 71, 72, 73], "summary": {"covered_lines": 37, "num_statements": 42, "percent_covered": 88.0952380952381, "percent_covered_display": "88", "missing_lines": 5, "excluded_lines": 0, "percent_statements_covered": 88.0952380952381, "percent_statements_covered_display": "88"}, "missing_lines": [24, 25, 35, 66, 67], "excluded_lines": [], "start_line": 1}}}, "backend\\api\\outreach.py": {"executed_lines": [9, 10, 12, 14, 17, 20, 21, 22, 25, 26, 36, 41], "summary": {"covered_lines": 12, "num_statements": 12, "percent_covered": 100.0, "percent_covered_display": "100", "missing_lines": 0, "excluded_lines": 0, "percent_statements_covered": 100.0, "percent_statements_covered_display": "100"}, "missing_lines": [], "excluded_lines": [], "functions": {"send_outreach": {"executed_lines": [36, 41], "summary": {"covered_lines": 2, "num_statements": 2, "percent_covered": 100.0, "percent_covered_display": "100", "missing_lines": 0, "excluded_lines": 0, "percent_statements_covered": 100.0, "percent_statements_covered_display": "100"}, "missing_lines": [], "excluded_lines": [], "start_line": 26}, "": {"executed_lines": [9, 10, 12, 14, 17, 20, 21, 22, 25, 26], "summary": {"covered_lines": 10, "num_statements": 10, "percent_covered": 100.0, "percent_covered_display": "100", "missing_lines": 0, "excluded_lines": 0, "percent_statements_covered": 100.0, "percent_statements_covered_display": "100"}, "missing_lines": [], "excluded_lines": [], "start_line": 1}}, "classes": {"OutreachPayload": {"executed_lines": [], "summary": {"covered_lines": 0, "num_statements": 0, "percent_covered": 100.0, "percent_covered_display": "100", "missing_lines": 0, "excluded_lines": 0, "percent_statements_covered": 100.0, "percent_statements_covered_display": "100"}, "missing_lines": [], "excluded_lines": [], "start_line": 17}, "": {"executed_lines": [9, 10, 12, 14, 17, 20, 21, 22, 25, 26, 36, 41], "summary": {"covered_lines": 12, "num_statements": 12, "percent_covered": 100.0, "percent_covered_display": "100", "missing_lines": 0, "excluded_lines": 0, "percent_statements_covered": 100.0, "percent_statements_covered_display": "100"}, "missing_lines": [], "excluded_lines": [], "start_line": 1}}}, "backend\\api\\payments.py": {"executed_lines": [8, 9, 11, 12, 15, 16, 20, 21, 24, 25, 28, 31, 32, 33, 36, 37], "summary": {"covered_lines": 16, "num_statements": 39, "percent_covered": 41.02564102564103, "percent_covered_display": "41", "missing_lines": 23, "excluded_lines": 0, "percent_statements_covered": 41.02564102564103, "percent_statements_covered_display": "41"}, "missing_lines": [17, 18, 50, 51, 56, 57, 58, 59, 62, 63, 66, 67, 72, 73, 78, 80, 88, 90, 91, 92, 97, 98, 99], "excluded_lines": [], "functions": {"create_checkout_session": {"executed_lines": [], "summary": {"covered_lines": 0, "num_statements": 21, "percent_covered": 0.0, "percent_covered_display": "0", "missing_lines": 21, "excluded_lines": 0, "percent_statements_covered": 0.0, "percent_statements_covered_display": "0"}, "missing_lines": [50, 51, 56, 57, 58, 59, 62, 63, 66, 67, 72, 73, 78, 80, 88, 90, 91, 92, 97, 98, 99], "excluded_lines": [], "start_line": 37}, "": {"executed_lines": [8, 9, 11, 12, 15, 16, 20, 21, 24, 25, 28, 31, 32, 33, 36, 37], "summary": {"covered_lines": 16, "num_statements": 18, "percent_covered": 88.88888888888889, "percent_covered_display": "89", "missing_lines": 2, "excluded_lines": 0, "percent_statements_covered": 88.88888888888889, "percent_statements_covered_display": "89"}, "missing_lines": [17, 18], "excluded_lines": [], "start_line": 1}}, "classes": {"CheckoutCreate": {"executed_lines": [], "summary": {"covered_lines": 0, "num_statements": 0, "percent_covered": 100.0, "percent_covered_display": "100", "missing_lines": 0, "excluded_lines": 0, "percent_statements_covered": 100.0, "percent_statements_covered_display": "100"}, "missing_lines": [], "excluded_lines": [], "start_line": 28}, "": {"executed_lines": [8, 9, 11, 12, 15, 16, 20, 21, 24, 25, 28, 31, 32, 33, 36, 37], "summary": {"covered_lines": 16, "num_statements": 39, "percent_covered": 41.02564102564103, "percent_covered_display": "41", "missing_lines": 23, "excluded_lines": 0, "percent_statements_covered": 41.02564102564103, "percent_statements_covered_display": "41"}, "missing_lines": [17, 18, 50, 51, 56, 57, 58, 59, 62, 63, 66, 67, 72, 73, 78, 80, 88, 90, 91, 92, 97, 98, 99], "excluded_lines": [], "start_line": 1}}}, "backend\\api\\routes.py": {"executed_lines": [8, 9, 11, 12, 14, 16, 17, 20, 31, 32, 36, 37, 40, 43, 44, 45, 48, 49, 63, 64, 66, 72], "summary": {"covered_lines": 22, "num_statements": 25, "percent_covered": 88.0, "percent_covered_display": "88", "missing_lines": 3, "excluded_lines": 0, "percent_statements_covered": 88.0, "percent_statements_covered_display": "88"}, "missing_lines": [77, 78, 79], "excluded_lines": [], "functions": {"_safe_run_production_cycle": {"executed_lines": [31, 32, 36, 37], "summary": {"covered_lines": 4, "num_statements": 4, "percent_covered": 100.0, "percent_covered_display": "100", "missing_lines": 0, "excluded_lines": 0, "percent_statements_covered": 100.0, "percent_statements_covered_display": "100"}, "missing_lines": [], "excluded_lines": [], "start_line": 20}, "trigger_build": {"executed_lines": [63, 64, 66, 72], "summary": {"covered_lines": 4, "num_statements": 7, "percent_covered": 57.142857142857146, "percent_covered_display": "57", "missing_lines": 3, "excluded_lines": 0, "percent_statements_covered": 57.142857142857146, "percent_statements_covered_display": "57"}, "missing_lines": [77, 78, 79], "excluded_lines": [], "start_line": 49}, "": {"executed_lines": [8, 9, 11, 12, 14, 16, 17, 20, 40, 43, 44, 45, 48, 49], "summary": {"covered_lines": 14, "num_statements": 14, "percent_covered": 100.0, "percent_covered_display": "100", "missing_lines": 0, "excluded_lines": 0, "percent_statements_covered": 100.0, "percent_statements_covered_display": "100"}, "missing_lines": [], "excluded_lines": [], "start_line": 1}}, "classes": {"BuildRequest": {"executed_lines": [], "summary": {"covered_lines": 0, "num_statements": 0, "percent_covered": 100.0, "percent_covered_display": "100", "missing_lines": 0, "excluded_lines": 0, "percent_statements_covered": 100.0, "percent_statements_covered_display": "100"}, "missing_lines": [], "excluded_lines": [], "start_line": 40}, "": {"executed_lines": [8, 9, 11, 12, 14, 16, 17, 20, 31, 32, 36, 37, 40, 43, 44, 45, 48, 49, 63, 64, 66, 72], "summary": {"covered_lines": 22, "num_statements": 25, "percent_covered": 88.0, "percent_covered_display": "88", "missing_lines": 3, "excluded_lines": 0, "percent_statements_covered": 88.0, "percent_statements_covered_display": "88"}, "missing_lines": [77, 78, 79], "excluded_lines": [], "start_line": 1}}}, "backend\\api\\tenants.py": {"executed_lines": [3, 4, 6, 8, 11, 12, 13, 16, 17, 20, 21, 22, 23, 26, 27, 28, 31, 32, 39, 40, 52, 53, 62, 63], "summary": {"covered_lines": 24, "num_statements": 44, "percent_covered": 54.54545454545455, "percent_covered_display": "55", "missing_lines": 20, "excluded_lines": 0, "percent_statements_covered": 54.54545454545455, "percent_statements_covered_display": "55"}, "missing_lines": [33, 34, 35, 36, 41, 42, 43, 45, 46, 48, 49, 55, 56, 57, 58, 59, 64, 65, 66, 67], "excluded_lines": [], "functions": {"register_tenant": {"executed_lines": [22, 23], "summary": {"covered_lines": 2, "num_statements": 2, "percent_covered": 100.0, "percent_covered_display": "100", "missing_lines": 0, "excluded_lines": 0, "percent_statements_covered": 100.0, "percent_statements_covered_display": "100"}, "missing_lines": [], "excluded_lines": [], "start_line": 21}, "list_tenants": {"executed_lines": [28], "summary": {"covered_lines": 1, "num_statements": 1, "percent_covered": 100.0, "percent_covered_display": "100", "missing_lines": 0, "excluded_lines": 0, "percent_statements_covered": 100.0, "percent_statements_covered_display": "100"}, "missing_lines": [], "excluded_lines": [], "start_line": 27}, "get_tenant": {"executed_lines": [], "summary": {"covered_lines": 0, "num_statements": 4, "percent_covered": 0.0, "percent_covered_display": "0", "missing_lines": 4, "excluded_lines": 0, "percent_statements_covered": 0.0, "percent_statements_covered_display": "0"}, "missing_lines": [33, 34, 35, 36], "excluded_lines": [], "start_line": 32}, "provision_tenant": {"executed_lines": [], "summary": {"covered_lines": 0, "num_statements": 6, "percent_covered": 0.0, "percent_covered_display": "0", "missing_lines": 6, "excluded_lines": 0, "percent_statements_covered": 0.0, "percent_statements_covered_display": "0"}, "missing_lines": [41, 42, 43, 45, 48, 49], "excluded_lines": [], "start_line": 40}, "provision_tenant._run": {"executed_lines": [], "summary": {"covered_lines": 0, "num_statements": 1, "percent_covered": 0.0, "percent_covered_display": "0", "missing_lines": 1, "excluded_lines": 0, "percent_statements_covered": 0.0, "percent_statements_covered_display": "0"}, "missing_lines": [46], "excluded_lines": [], "start_line": 45}, "provision_tenant_sync": {"executed_lines": [], "summary": {"covered_lines": 0, "num_statements": 5, "percent_covered": 0.0, "percent_covered_display": "0", "missing_lines": 5, "excluded_lines": 0, "percent_statements_covered": 0.0, "percent_statements_covered_display": "0"}, "missing_lines": [55, 56, 57, 58, 59], "excluded_lines": [], "start_line": 53}, "tenant_status": {"executed_lines": [], "summary": {"covered_lines": 0, "num_statements": 4, "percent_covered": 0.0, "percent_covered_display": "0", "missing_lines": 4, "excluded_lines": 0, "percent_statements_covered": 0.0, "percent_statements_covered_display": "0"}, "missing_lines": [64, 65, 66, 67], "excluded_lines": [], "start_line": 63}, "": {"executed_lines": [3, 4, 6, 8, 11, 12, 13, 16, 17, 20, 21, 26, 27, 31, 32, 39, 40, 52, 53, 62, 63], "summary": {"covered_lines": 21, "num_statements": 21, "percent_covered": 100.0, "percent_covered_display": "100", "missing_lines": 0, "excluded_lines": 0, "percent_statements_covered": 100.0, "percent_statements_covered_display": "100"}, "missing_lines": [], "excluded_lines": [], "start_line": 1}}, "classes": {"RegisterTenantRequest": {"executed_lines": [], "summary": {"covered_lines": 0, "num_statements": 0, "percent_covered": 100.0, "percent_covered_display": "100", "missing_lines": 0, "excluded_lines": 0, "percent_statements_covered": 100.0, "percent_statements_covered_display": "100"}, "missing_lines": [], "excluded_lines": [], "start_line": 11}, "ProvisionRequest": {"executed_lines": [], "summary": {"covered_lines": 0, "num_statements": 0, "percent_covered": 100.0, "percent_covered_display": "100", "missing_lines": 0, "excluded_lines": 0, "percent_statements_covered": 100.0, "percent_statements_covered_display": "100"}, "missing_lines": [], "excluded_lines": [], "start_line": 16}, "": {"executed_lines": [3, 4, 6, 8, 11, 12, 13, 16, 17, 20, 21, 22, 23, 26, 27, 28, 31, 32, 39, 40, 52, 53, 62, 63], "summary": {"covered_lines": 24, "num_statements": 44, "percent_covered": 54.54545454545455, "percent_covered_display": "55", "missing_lines": 20, "excluded_lines": 0, "percent_statements_covered": 54.54545454545455, "percent_statements_covered_display": "55"}, "missing_lines": [33, 34, 35, 36, 41, 42, 43, 45, 46, 48, 49, 55, 56, 57, 58, 59, 64, 65, 66, 67], "excluded_lines": [], "start_line": 1}}}, "backend\\api\\tickets.py": {"executed_lines": [4, 5, 6, 7, 8, 9, 10, 11, 12, 13, 14, 15, 17, 25, 26, 27, 28, 29, 30, 31, 32, 33, 34, 35, 36, 39, 40, 41, 42, 43, 44, 45, 46, 47, 48, 49, 52, 53, 56, 57, 60, 61, 69, 70, 91, 92, 106, 107, 119, 120, 129, 137, 138, 144, 145, 160, 161, 162, 163, 166, 167, 173, 174, 175, 176, 180, 181, 188, 189, 190, 191, 193, 196, 197, 209, 210, 226, 227, 241, 242, 249, 250, 251, 253, 256, 257, 270, 271, 278, 279, 281, 282, 285, 286, 292, 293, 295], "summary": {"covered_lines": 97, "num_statements": 124, "percent_covered": 78.2258064516129, "percent_covered_display": "78", "missing_lines": 27, "excluded_lines": 0, "percent_statements_covered": 78.2258064516129, "percent_statements_covered_display": "78"}, "missing_lines": [177, 192, 203, 204, 205, 206, 217, 218, 219, 220, 221, 222, 223, 233, 234, 235, 236, 237, 238, 252, 263, 264, 265, 266, 267, 280, 294], "excluded_lines": [], "functions": {"_serialize_ticket": {"executed_lines": [70], "summary": {"covered_lines": 1, "num_statements": 1, "percent_covered": 100.0, "percent_covered_display": "100", "missing_lines": 0, "excluded_lines": 0, "percent_statements_covered": 100.0, "percent_statements_covered_display": "100"}, "missing_lines": [], "excluded_lines": [], "start_line": 69}, "_serialize_comment": {"executed_lines": [92], "summary": {"covered_lines": 1, "num_statements": 1, "percent_covered": 100.0, "percent_covered_display": "100", "missing_lines": 0, "excluded_lines": 0, "percent_statements_covered": 100.0, "percent_statements_covered_display": "100"}, "missing_lines": [], "excluded_lines": [], "start_line": 91}, "list_tickets": {"executed_lines": [119, 120, 129], "summary": {"covered_lines": 3, "num_statements": 3, "percent_covered": 100.0, "percent_covered_display": "100", "missing_lines": 0, "excluded_lines": 0, "percent_statements_covered": 100.0, "percent_statements_covered_display": "100"}, "missing_lines": [], "excluded_lines": [], "start_line": 107}, "create_ticket": {"executed_lines": [144, 145, 160, 161, 162, 163], "summary": {"covered_lines": 6, "num_statements": 6, "percent_covered": 100.0, "percent_covered_display": "100", "missing_lines": 0, "excluded_lines": 0, "percent_statements_covered": 100.0, "percent_statements_covered_display": "100"}, "missing_lines": [], "excluded_lines": [], "start_line": 138}, "get_ticket": {"executed_lines": [173, 174, 175, 176], "summary": {"covered_lines": 4, "num_statements": 5, "percent_covered": 80.0, "percent_covered_display": "80", "missing_lines": 1, "excluded_lines": 0, "percent_statements_covered": 80.0, "percent_statements_covered_display": "80"}, "missing_lines": [177], "excluded_lines": [], "start_line": 167}, "update_ticket": {"executed_lines": [188, 189, 190, 191, 193], "summary": {"covered_lines": 5, "num_statements": 6, "percent_covered": 83.33333333333333, "percent_covered_display": "83", "missing_lines": 1, "excluded_lines": 0, "percent_statements_covered": 83.33333333333333, "percent_statements_covered_display": "83"}, "missing_lines": [192], "excluded_lines": [], "start_line": 181}, "delete_ticket": {"executed_lines": [], "summary": {"covered_lines": 0, "num_statements": 4, "percent_covered": 0.0, "percent_covered_display": "0", "missing_lines": 4, "excluded_lines": 0, "percent_statements_covered": 0.0, "percent_statements_covered_display": "0"}, "missing_lines": [203, 204, 205, 206], "excluded_lines": [], "start_line": 197}, "assign_ticket": {"executed_lines": [], "summary": {"covered_lines": 0, "num_statements": 7, "percent_covered": 0.0, "percent_covered_display": "0", "missing_lines": 7, "excluded_lines": 0, "percent_statements_covered": 0.0, "percent_statements_covered_display": "0"}, "missing_lines": [217, 218, 219, 220, 221, 222, 223], "excluded_lines": [], "start_line": 210}, "escalate_ticket": {"executed_lines": [], "summary": {"covered_lines": 0, "num_statements": 6, "percent_covered": 0.0, "percent_covered_display": "0", "missing_lines": 6, "excluded_lines": 0, "percent_statements_covered": 0.0, "percent_statements_covered_display": "0"}, "missing_lines": [233, 234, 235, 236, 237, 238], "excluded_lines": [], "start_line": 227}, "resolve_ticket": {"executed_lines": [249, 250, 251, 253], "summary": {"covered_lines": 4, "num_statements": 5, "percent_covered": 80.0, "percent_covered_display": "80", "missing_lines": 1, "excluded_lines": 0, "percent_statements_covered": 80.0, "percent_statements_covered_display": "80"}, "missing_lines": [252], "excluded_lines": [], "start_line": 242}, "close_ticket": {"executed_lines": [], "summary": {"covered_lines": 0, "num_statements": 5, "percent_covered": 0.0, "percent_covered_display": "0", "missing_lines": 5, "excluded_lines": 0, "percent_statements_covered": 0.0, "percent_statements_covered_display": "0"}, "missing_lines": [263, 264, 265, 266, 267], "excluded_lines": [], "start_line": 257}, "add_comment": {"executed_lines": [278, 279, 281, 282], "summary": {"covered_lines": 4, "num_statements": 5, "percent_covered": 80.0, "percent_covered_display": "80", "missing_lines": 1, "excluded_lines": 0, "percent_statements_covered": 80.0, "percent_statements_covered_display": "80"}, "missing_lines": [280], "excluded_lines": [], "start_line": 271}, "get_ticket_history": {"executed_lines": [292, 293, 295], "summary": {"covered_lines": 3, "num_statements": 4, "percent_covered": 75.0, "percent_covered_display": "75", "missing_lines": 1, "excluded_lines": 0, "percent_statements_covered": 75.0, "percent_statements_covered_display": "75"}, "missing_lines": [294], "excluded_lines": [], "start_line": 286}, "": {"executed_lines": [4, 5, 6, 7, 8, 9, 10, 11, 12, 13, 14, 15, 17, 25, 26, 27, 28, 29, 30, 31, 32, 33, 34, 35, 36, 39, 40, 41, 42, 43, 44, 45, 46, 47, 48, 49, 52, 53, 56, 57, 60, 61, 69, 91, 106, 107, 137, 138, 166, 167, 180, 181, 196, 197, 209, 210, 226, 227, 241, 242, 256, 257, 270, 271, 285, 286], "summary": {"covered_lines": 66, "num_statements": 66, "percent_covered": 100.0, "percent_covered_display": "100", "missing_lines": 0, "excluded_lines": 0, "percent_statements_covered": 100.0, "percent_statements_covered_display": "100"}, "missing_lines": [], "excluded_lines": [], "start_line": 1}}, "classes": {"TicketCreate": {"executed_lines": [], "summary": {"covered_lines": 0, "num_statements": 0, "percent_covered": 100.0, "percent_covered_display": "100", "missing_lines": 0, "excluded_lines": 0, "percent_statements_covered": 100.0, "percent_statements_covered_display": "100"}, "missing_lines": [], "excluded_lines": [], "start_line": 25}, "TicketUpdate": {"executed_lines": [], "summary": {"covered_lines": 0, "num_statements": 0, "percent_covered": 100.0, "percent_covered_display": "100", "missing_lines": 0, "excluded_lines": 0, "percent_statements_covered": 100.0, "percent_statements_covered_display": "100"}, "missing_lines": [], "excluded_lines": [], "start_line": 39}, "AssignRequest": {"executed_lines": [], "summary": {"covered_lines": 0, "num_statements": 0, "percent_covered": 100.0, "percent_covered_display": "100", "missing_lines": 0, "excluded_lines": 0, "percent_statements_covered": 100.0, "percent_statements_covered_display": "100"}, "missing_lines": [], "excluded_lines": [], "start_line": 52}, "CommentRequest": {"executed_lines": [], "summary": {"covered_lines": 0, "num_statements": 0, "percent_covered": 100.0, "percent_covered_display": "100", "missing_lines": 0, "excluded_lines": 0, "percent_statements_covered": 100.0, "percent_statements_covered_display": "100"}, "missing_lines": [], "excluded_lines": [], "start_line": 56}, "ResolveRequest": {"executed_lines": [], "summary": {"covered_lines": 0, "num_statements": 0, "percent_covered": 100.0, "percent_covered_display": "100", "missing_lines": 0, "excluded_lines": 0, "percent_statements_covered": 100.0, "percent_statements_covered_display": "100"}, "missing_lines": [], "excluded_lines": [], "start_line": 60}, "": {"executed_lines": [4, 5, 6, 7, 8, 9, 10, 11, 12, 13, 14, 15, 17, 25, 26, 27, 28, 29, 30, 31, 32, 33, 34, 35, 36, 39, 40, 41, 42, 43, 44, 45, 46, 47, 48, 49, 52, 53, 56, 57, 60, 61, 69, 70, 91, 92, 106, 107, 119, 120, 129, 137, 138, 144, 145, 160, 161, 162, 163, 166, 167, 173, 174, 175, 176, 180, 181, 188, 189, 190, 191, 193, 196, 197, 209, 210, 226, 227, 241, 242, 249, 250, 251, 253, 256, 257, 270, 271, 278, 279, 281, 282, 285, 286, 292, 293, 295], "summary": {"covered_lines": 97, "num_statements": 124, "percent_covered": 78.2258064516129, "percent_covered_display": "78", "missing_lines": 27, "excluded_lines": 0, "percent_statements_covered": 78.2258064516129, "percent_statements_covered_display": "78"}, "missing_lines": [177, 192, 203, 204, 205, 206, 217, 218, 219, 220, 221, 222, 223, 233, 234, 235, 236, 237, 238, 252, 263, 264, 265, 266, 267, 280, 294], "excluded_lines": [], "start_line": 1}}}, "backend\\api\\usage.py": {"executed_lines": [9, 10, 12, 14, 17, 20, 21, 22, 23, 26, 27], "summary": {"covered_lines": 11, "num_statements": 14, "percent_covered": 78.57142857142857, "percent_covered_display": "79", "missing_lines": 3, "excluded_lines": 0, "percent_statements_covered": 78.57142857142857, "percent_statements_covered_display": "79"}, "missing_lines": [38, 39, 45], "excluded_lines": [], "functions": {"record_usage": {"executed_lines": [], "summary": {"covered_lines": 0, "num_statements": 3, "percent_covered": 0.0, "percent_covered_display": "0", "missing_lines": 3, "excluded_lines": 0, "percent_statements_covered": 0.0, "percent_statements_covered_display": "0"}, "missing_lines": [38, 39, 45], "excluded_lines": [], "start_line": 27}, "": {"executed_lines": [9, 10, 12, 14, 17, 20, 21, 22, 23, 26, 27], "summary": {"covered_lines": 11, "num_statements": 11, "percent_covered": 100.0, "percent_covered_display": "100", "missing_lines": 0, "excluded_lines": 0, "percent_statements_covered": 100.0, "percent_statements_covered_display": "100"}, "missing_lines": [], "excluded_lines": [], "start_line": 1}}, "classes": {"UsageRecord": {"executed_lines": [], "summary": {"covered_lines": 0, "num_statements": 0, "percent_covered": 100.0, "percent_covered_display": "100", "missing_lines": 0, "excluded_lines": 0, "percent_statements_covered": 100.0, "percent_statements_covered_display": "100"}, "missing_lines": [], "excluded_lines": [], "start_line": 17}, "": {"executed_lines": [9, 10, 12, 14, 17, 20, 21, 22, 23, 26, 27], "summary": {"covered_lines": 11, "num_statements": 14, "percent_covered": 78.57142857142857, "percent_covered_display": "79", "missing_lines": 3, "excluded_lines": 0, "percent_statements_covered": 78.57142857142857, "percent_statements_covered_display": "79"}, "missing_lines": [38, 39, 45], "excluded_lines": [], "start_line": 1}}}, "backend\\api\\users.py": {"executed_lines": [4, 5, 6, 7, 8, 9, 10, 11, 12, 15, 18, 21, 22, 25, 26, 32, 33, 35, 38, 41, 42, 50, 51, 52, 54, 57, 60, 61, 67, 68, 70, 73, 76, 77, 85, 87, 88, 92, 94, 95, 97, 100, 101, 110, 111, 112, 115, 116, 125, 126, 127, 129, 130, 132, 135, 136, 144, 145, 147, 148, 150, 153, 154, 162, 163, 164, 165, 166, 167, 169, 172, 173, 181, 182, 183, 184, 185, 186, 188], "summary": {"covered_lines": 79, "num_statements": 82, "percent_covered": 96.34146341463415, "percent_covered_display": "96", "missing_lines": 3, "excluded_lines": 0, "percent_statements_covered": 96.34146341463415, "percent_statements_covered_display": "96"}, "missing_lines": [36, 55, 71], "excluded_lines": [], "functions": {"get_my_profile": {"executed_lines": [32, 33, 35, 38], "summary": {"covered_lines": 4, "num_statements": 5, "percent_covered": 80.0, "percent_covered_display": "80", "missing_lines": 1, "excluded_lines": 0, "percent_statements_covered": 80.0, "percent_statements_covered_display": "80"}, "missing_lines": [36], "excluded_lines": [], "start_line": 26}, "update_my_profile": {"executed_lines": [50, 51, 52, 54, 57], "summary": {"covered_lines": 5, "num_statements": 6, "percent_covered": 83.33333333333333, "percent_covered_display": "83", "missing_lines": 1, "excluded_lines": 0, "percent_statements_covered": 83.33333333333333, "percent_statements_covered_display": "83"}, "missing_lines": [55], "excluded_lines": [], "start_line": 42}, "delete_my_account": {"executed_lines": [67, 68, 70, 73], "summary": {"covered_lines": 4, "num_statements": 5, "percent_covered": 80.0, "percent_covered_display": "80", "missing_lines": 1, "excluded_lines": 0, "percent_statements_covered": 80.0, "percent_statements_covered_display": "80"}, "missing_lines": [71], "excluded_lines": [], "start_line": 61}, "get_user": {"executed_lines": [85, 87, 88, 92, 94, 95, 97], "summary": {"covered_lines": 7, "num_statements": 7, "percent_covered": 100.0, "percent_covered_display": "100", "missing_lines": 0, "excluded_lines": 0, "percent_statements_covered": 100.0, "percent_statements_covered_display": "100"}, "missing_lines": [], "excluded_lines": [], "start_line": 77}, "list_users": {"executed_lines": [110, 111, 112], "summary": {"covered_lines": 3, "num_statements": 3, "percent_covered": 100.0, "percent_covered_display": "100", "missing_lines": 0, "excluded_lines": 0, "percent_statements_covered": 100.0, "percent_statements_covered_display": "100"}, "missing_lines": [], "excluded_lines": [], "start_line": 101}, "update_user": {"executed_lines": [125, 126, 127, 129, 130, 132], "summary": {"covered_lines": 6, "num_statements": 6, "percent_covered": 100.0, "percent_covered_display": "100", "missing_lines": 0, "excluded_lines": 0, "percent_statements_covered": 100.0, "percent_statements_covered_display": "100"}, "missing_lines": [], "excluded_lines": [], "start_line": 116}, "delete_user": {"executed_lines": [144, 145, 147, 148, 150], "summary": {"covered_lines": 5, "num_statements": 5, "percent_covered": 100.0, "percent_covered_display": "100", "missing_lines": 0, "excluded_lines": 0, "percent_statements_covered": 100.0, "percent_statements_covered_display": "100"}, "missing_lines": [], "excluded_lines": [], "start_line": 136}, "suspend_user": {"executed_lines": [162, 163, 164, 165, 166, 167, 169], "summary": {"covered_lines": 7, "num_statements": 7, "percent_covered": 100.0, "percent_covered_display": "100", "missing_lines": 0, "excluded_lines": 0, "percent_statements_covered": 100.0, "percent_statements_covered_display": "100"}, "missing_lines": [], "excluded_lines": [], "start_line": 154}, "activate_user": {"executed_lines": [181, 182, 183, 184, 185, 186, 188], "summary": {"covered_lines": 7, "num_statements": 7, "percent_covered": 100.0, "percent_covered_display": "100", "missing_lines": 0, "excluded_lines": 0, "percent_statements_covered": 100.0, "percent_statements_covered_display": "100"}, "missing_lines": [], "excluded_lines": [], "start_line": 173}, "": {"executed_lines": [4, 5, 6, 7, 8, 9, 10, 11, 12, 15, 18, 21, 22, 25, 26, 41, 42, 60, 61, 76, 77, 100, 101, 115, 116, 135, 136, 153, 154, 172, 173], "summary": {"covered_lines": 31, "num_statements": 31, "percent_covered": 100.0, "percent_covered_display": "100", "missing_lines": 0, "excluded_lines": 0, "percent_statements_covered": 100.0, "percent_statements_covered_display": "100"}, "missing_lines": [], "excluded_lines": [], "start_line": 1}}, "classes": {"UserUpdateRequest": {"executed_lines": [], "summary": {"covered_lines": 0, "num_statements": 0, "percent_covered": 100.0, "percent_covered_display": "100", "missing_lines": 0, "excluded_lines": 0, "percent_statements_covered": 100.0, "percent_statements_covered_display": "100"}, "missing_lines": [], "excluded_lines": [], "start_line": 18}, "": {"executed_lines": [4, 5, 6, 7, 8, 9, 10, 11, 12, 15, 18, 21, 22, 25, 26, 32, 33, 35, 38, 41, 42, 50, 51, 52, 54, 57, 60, 61, 67, 68, 70, 73, 76, 77, 85, 87, 88, 92, 94, 95, 97, 100, 101, 110, 111, 112, 115, 116, 125, 126, 127, 129, 130, 132, 135, 136, 144, 145, 147, 148, 150, 153, 154, 162, 163, 164, 165, 166, 167, 169, 172, 173, 181, 182, 183, 184, 185, 186, 188], "summary": {"covered_lines": 79, "num_statements": 82, "percent_covered": 96.34146341463415, "percent_covered_display": "96", "missing_lines": 3, "excluded_lines": 0, "percent_statements_covered": 96.34146341463415, "percent_statements_covered_display": "96"}, "missing_lines": [36, 55, 71], "excluded_lines": [], "start_line": 1}}}, "backend\\api\\voice.py": {"executed_lines": [8, 9, 10, 11, 13, 14, 15, 17, 18, 21, 27, 28, 31, 34, 35, 38, 39], "summary": {"covered_lines": 17, "num_statements": 34, "percent_covered": 50.0, "percent_covered_display": "50", "missing_lines": 17, "excluded_lines": 0, "percent_statements_covered": 50.0, "percent_statements_covered_display": "50"}, "missing_lines": [52, 53, 54, 59, 60, 64, 69, 70, 76, 78, 79, 81, 82, 84, 89, 90, 91], "excluded_lines": [], "functions": {"tts": {"executed_lines": [], "summary": {"covered_lines": 0, "num_statements": 17, "percent_covered": 0.0, "percent_covered_display": "0", "missing_lines": 17, "excluded_lines": 0, "percent_statements_covered": 0.0, "percent_statements_covered_display": "0"}, "missing_lines": [52, 53, 54, 59, 60, 64, 69, 70, 76, 78, 79, 81, 82, 84, 89, 90, 91], "excluded_lines": [], "start_line": 39}, "": {"executed_lines": [8, 9, 10, 11, 13, 14, 15, 17, 18, 21, 27, 28, 31, 34, 35, 38, 39], "summary": {"covered_lines": 17, "num_statements": 17, "percent_covered": 100.0, "percent_covered_display": "100", "missing_lines": 0, "excluded_lines": 0, "percent_statements_covered": 100.0, "percent_statements_covered_display": "100"}, "missing_lines": [], "excluded_lines": [], "start_line": 1}}, "classes": {"TTSRequest": {"executed_lines": [], "summary": {"covered_lines": 0, "num_statements": 0, "percent_covered": 100.0, "percent_covered_display": "100", "missing_lines": 0, "excluded_lines": 0, "percent_statements_covered": 100.0, "percent_statements_covered_display": "100"}, "missing_lines": [], "excluded_lines": [], "start_line": 31}, "": {"executed_lines": [8, 9, 10, 11, 13, 14, 15, 17, 18, 21, 27, 28, 31, 34, 35, 38, 39], "summary": {"covered_lines": 17, "num_statements": 34, "percent_covered": 50.0, "percent_covered_display": "50", "missing_lines": 17, "excluded_lines": 0, "percent_statements_covered": 50.0, "percent_statements_covered_display": "50"}, "missing_lines": [52, 53, 54, 59, 60, 64, 69, 70, 76, 78, 79, 81, 82, 84, 89, 90, 91], "excluded_lines": [], "start_line": 1}}}, "backend\\api\\webhooks.py": {"executed_lines": [9, 10, 11, 12, 14, 15, 17, 18, 19, 21, 22, 25, 26, 29, 32, 33, 49], "summary": {"covered_lines": 17, "num_statements": 99, "percent_covered": 17.171717171717173, "percent_covered_display": "17", "missing_lines": 82, "excluded_lines": 0, "percent_statements_covered": 17.171717171717173, "percent_statements_covered_display": "17"}, "missing_lines": [51, 53, 54, 55, 58, 59, 64, 65, 66, 70, 71, 72, 77, 80, 81, 82, 84, 85, 86, 88, 89, 93, 100, 101, 102, 103, 104, 112, 113, 114, 115, 116, 122, 123, 125, 126, 129, 134, 136, 137, 140, 146, 148, 157, 158, 159, 160, 161, 162, 163, 164, 165, 171, 172, 173, 174, 177, 178, 179, 184, 186, 192, 193, 195, 202, 203, 204, 211, 212, 218, 219, 227, 228, 229, 230, 231, 237, 238, 239, 240, 241, 246], "excluded_lines": [], "functions": {"stripe_webhook": {"executed_lines": [49], "summary": {"covered_lines": 1, "num_statements": 83, "percent_covered": 1.2048192771084338, "percent_covered_display": "1", "missing_lines": 82, "excluded_lines": 0, "percent_statements_covered": 1.2048192771084338, "percent_statements_covered_display": "1"}, "missing_lines": [51, 53, 54, 55, 58, 59, 64, 65, 66, 70, 71, 72, 77, 80, 81, 82, 84, 85, 86, 88, 89, 93, 100, 101, 102, 103, 104, 112, 113, 114, 115, 116, 122, 123, 125, 126, 129, 134, 136, 137, 140, 146, 148, 157, 158, 159, 160, 161, 162, 163, 164, 165, 171, 172, 173, 174, 177, 178, 179, 184, 186, 192, 193, 195, 202, 203, 204, 211, 212, 218, 219, 227, 228, 229, 230, 231, 237, 238, 239, 240, 241, 246], "excluded_lines": [], "start_line": 33}, "": {"executed_lines": [9, 10, 11, 12, 14, 15, 17, 18, 19, 21, 22, 25, 26, 29, 32, 33], "summary": {"covered_lines": 16, "num_statements": 16, "percent_covered": 100.0, "percent_covered_display": "100", "missing_lines": 0, "excluded_lines": 0, "percent_statements_covered": 100.0, "percent_statements_covered_display": "100"}, "missing_lines": [], "excluded_lines": [], "start_line": 1}}, "classes": {"": {"executed_lines": [9, 10, 11, 12, 14, 15, 17, 18, 19, 21, 22, 25, 26, 29, 32, 33, 49], "summary": {"covered_lines": 17, "num_statements": 99, "percent_covered": 17.171717171717173, "percent_covered_display": "17", "missing_lines": 82, "excluded_lines": 0, "percent_statements_covered": 17.171717171717173, "percent_statements_covered_display": "17"}, "missing_lines": [51, 53, 54, 55, 58, 59, 64, 65, 66, 70, 71, 72, 77, 80, 81, 82, 84, 85, 86, 88, 89, 93, 100, 101, 102, 103, 104, 112, 113, 114, 115, 116, 122, 123, 125, 126, 129, 134, 136, 137, 140, 146, 148, 157, 158, 159, 160, 161, 162, 163, 164, 165, 171, 172, 173, 174, 177, 178, 179, 184, 186, 192, 193, 195, 202, 203, 204, 211, 212, 218, 219, 227, 228, 229, 230, 231, 237, 238, 239, 240, 241, 246], "excluded_lines": [], "start_line": 1}}}, "backend\\api\\workflows.py": {"executed_lines": [4, 5, 6, 7, 8, 9, 10, 11, 13, 21, 22, 23, 24, 27, 28, 29, 30, 38, 39, 45, 46, 51, 54, 55, 62, 63, 64, 65, 72, 73, 79, 80, 81, 82, 86, 87, 93, 94, 95, 97, 100, 101, 107, 108, 109, 111, 114, 115, 128, 129, 135, 136, 137, 139], "summary": {"covered_lines": 54, "num_statements": 63, "percent_covered": 85.71428571428571, "percent_covered_display": "86", "missing_lines": 9, "excluded_lines": 0, "percent_statements_covered": 85.71428571428571, "percent_statements_covered_display": "86"}, "missing_lines": [83, 96, 110, 121, 122, 123, 124, 125, 138], "excluded_lines": [], "functions": {"create_workflow": {"executed_lines": [45, 46, 51], "summary": {"covered_lines": 3, "num_statements": 3, "percent_covered": 100.0, "percent_covered_display": "100", "missing_lines": 0, "excluded_lines": 0, "percent_statements_covered": 100.0, "percent_statements_covered_display": "100"}, "missing_lines": [], "excluded_lines": [], "start_line": 39}, "list_workflows": {"executed_lines": [62, 63, 64, 65], "summary": {"covered_lines": 4, "num_statements": 4, "percent_covered": 100.0, "percent_covered_display": "100", "missing_lines": 0, "excluded_lines": 0, "percent_statements_covered": 100.0, "percent_statements_covered_display": "100"}, "missing_lines": [], "excluded_lines": [], "start_line": 55}, "get_workflow": {"executed_lines": [79, 80, 81, 82], "summary": {"covered_lines": 4, "num_statements": 5, "percent_covered": 80.0, "percent_covered_display": "80", "missing_lines": 1, "excluded_lines": 0, "percent_statements_covered": 80.0, "percent_statements_covered_display": "80"}, "missing_lines": [83], "excluded_lines": [], "start_line": 73}, "start_workflow": {"executed_lines": [93, 94, 95, 97], "summary": {"covered_lines": 4, "num_statements": 5, "percent_covered": 80.0, "percent_covered_display": "80", "missing_lines": 1, "excluded_lines": 0, "percent_statements_covered": 80.0, "percent_statements_covered_display": "80"}, "missing_lines": [96], "excluded_lines": [], "start_line": 87}, "pause_workflow": {"executed_lines": [107, 108, 109, 111], "summary": {"covered_lines": 4, "num_statements": 5, "percent_covered": 80.0, "percent_covered_display": "80", "missing_lines": 1, "excluded_lines": 0, "percent_statements_covered": 80.0, "percent_statements_covered_display": "80"}, "missing_lines": [110], "excluded_lines": [], "start_line": 101}, "resume_workflow": {"executed_lines": [], "summary": {"covered_lines": 0, "num_statements": 5, "percent_covered": 0.0, "percent_covered_display": "0", "missing_lines": 5, "excluded_lines": 0, "percent_statements_covered": 0.0, "percent_statements_covered_display": "0"}, "missing_lines": [121, 122, 123, 124, 125], "excluded_lines": [], "start_line": 115}, "cancel_workflow": {"executed_lines": [135, 136, 137, 139], "summary": {"covered_lines": 4, "num_statements": 5, "percent_covered": 80.0, "percent_covered_display": "80", "missing_lines": 1, "excluded_lines": 0, "percent_statements_covered": 80.0, "percent_statements_covered_display": "80"}, "missing_lines": [138], "excluded_lines": [], "start_line": 129}, "": {"executed_lines": [4, 5, 6, 7, 8, 9, 10, 11, 13, 21, 22, 23, 24, 27, 28, 29, 30, 38, 39, 54, 55, 72, 73, 86, 87, 100, 101, 114, 115, 128, 129], "summary": {"covered_lines": 31, "num_statements": 31, "percent_covered": 100.0, "percent_covered_display": "100", "missing_lines": 0, "excluded_lines": 0, "percent_statements_covered": 100.0, "percent_statements_covered_display": "100"}, "missing_lines": [], "excluded_lines": [], "start_line": 1}}, "classes": {"StepDefinition": {"executed_lines": [], "summary": {"covered_lines": 0, "num_statements": 0, "percent_covered": 100.0, "percent_covered_display": "100", "missing_lines": 0, "excluded_lines": 0, "percent_statements_covered": 100.0, "percent_statements_covered_display": "100"}, "missing_lines": [], "excluded_lines": [], "start_line": 21}, "WorkflowCreate": {"executed_lines": [], "summary": {"covered_lines": 0, "num_statements": 0, "percent_covered": 100.0, "percent_covered_display": "100", "missing_lines": 0, "excluded_lines": 0, "percent_statements_covered": 100.0, "percent_statements_covered_display": "100"}, "missing_lines": [], "excluded_lines": [], "start_line": 27}, "": {"executed_
[...]
s": 0, "percent_statements_covered": 0.0, "percent_statements_covered_display": "0"}, "missing_lines": [129, 131, 133, 134, 136], "excluded_lines": [], "start_line": 118}, "FileManager.get_company_metadata": {"executed_lines": [], "summary": {"covered_lines": 0, "num_statements": 2, "percent_covered": 0.0, "percent_covered_display": "0", "missing_lines": 2, "excluded_lines": 0, "percent_statements_covered": 0.0, "percent_statements_covered_display": "0"}, "missing_lines": [148, 149], "excluded_lines": [], "start_line": 138}, "FileManager.list_companies": {"executed_lines": [], "summary": {"covered_lines": 0, "num_statements": 12, "percent_covered": 0.0, "percent_covered_display": "0", "missing_lines": 12, "excluded_lines": 0, "percent_statements_covered": 0.0, "percent_statements_covered_display": "0"}, "missing_lines": [161, 162, 163, 165, 168, 169, 170, 171, 172, 173, 174, 176], "excluded_lines": [], "start_line": 151}, "FileManager.cleanup_old_files": {"executed_lines": [], "summary": {"covered_lines": 0, "num_statements": 14, "percent_covered": 0.0, "percent_covered_display": "0", "missing_lines": 14, "excluded_lines": 0, "percent_statements_covered": 0.0, "percent_statements_covered_display": "0"}, "missing_lines": [188, 190, 191, 194, 196, 198, 200, 201, 204, 205, 206, 207, 209, 210], "excluded_lines": [], "start_line": 178}, "FileManager.get_storage_stats": {"executed_lines": [], "summary": {"covered_lines": 0, "num_statements": 8, "percent_covered": 0.0, "percent_covered_display": "0", "missing_lines": 8, "excluded_lines": 0, "percent_statements_covered": 0.0, "percent_statements_covered_display": "0"}, "missing_lines": [219, 221, 222, 224, 225, 226, 227, 229], "excluded_lines": [], "start_line": 212}, "FileManager.backup_company": {"executed_lines": [], "summary": {"covered_lines": 0, "num_statements": 6, "percent_covered": 0.0, "percent_covered_display": "0", "missing_lines": 6, "excluded_lines": 0, "percent_statements_covered": 0.0, "percent_statements_covered_display": "0"}, "missing_lines": [247, 248, 250, 252, 253, 255], "excluded_lines": [], "start_line": 236}, "": {"executed_lines": [4, 5, 6, 7, 10, 13, 20, 29, 62, 86, 105, 118, 138, 151, 178, 212, 236], "summary": {"covered_lines": 17, "num_statements": 17, "percent_covered": 100.0, "percent_covered_display": "100", "missing_lines": 0, "excluded_lines": 0, "percent_statements_covered": 100.0, "percent_statements_covered_display": "100"}, "missing_lines": [], "excluded_lines": [], "start_line": 1}}, "classes": {"FileManager": {"executed_lines": [27], "summary": {"covered_lines": 1, "num_statements": 70, "percent_covered": 1.4285714285714286, "percent_covered_display": "1", "missing_lines": 69, "excluded_lines": 0, "percent_statements_covered": 1.4285714285714286, "percent_statements_covered_display": "1"}, "missing_lines": [43, 46, 47, 49, 54, 56, 57, 58, 60, 73, 76, 79, 81, 82, 84, 96, 98, 100, 101, 103, 115, 116, 129, 131, 133, 134, 136, 148, 149, 161, 162, 163, 165, 168, 169, 170, 171, 172, 173, 174, 176, 188, 190, 191, 194, 196, 198, 200, 201, 204, 205, 206, 207, 209, 210, 219, 221, 222, 224, 225, 226, 227, 229, 247, 248, 250, 252, 253, 255], "excluded_lines": [], "start_line": 13}, "": {"executed_lines": [4, 5, 6, 7, 10, 13, 20, 29, 62, 86, 105, 118, 138, 151, 178, 212, 236], "summary": {"covered_lines": 17, "num_statements": 17, "percent_covered": 100.0, "percent_covered_display": "100", "missing_lines": 0, "excluded_lines": 0, "percent_statements_covered": 100.0, "percent_statements_covered_display": "100"}, "missing_lines": [], "excluded_lines": [], "start_line": 1}}}, "backend\\storage\\s3_client.py": {"executed_lines": [6, 7, 8, 9, 11, 12, 13, 18, 21, 26, 34, 35, 36, 37, 38, 40, 42, 47, 48, 55, 57, 58, 59, 60, 61, 63, 64, 66, 67, 68, 75, 97, 114, 126], "summary": {"covered_lines": 34, "num_statements": 88, "percent_covered": 38.63636363636363, "percent_covered_display": "39", "missing_lines": 54, "excluded_lines": 0, "percent_statements_covered": 38.63636363636363, "percent_statements_covered_display": "39"}, "missing_lines": [14, 15, 16, 43, 44, 45, 56, 65, 70, 71, 72, 73, 82, 83, 85, 86, 87, 88, 90, 91, 92, 93, 94, 95, 98, 99, 101, 102, 103, 104, 105, 107, 108, 109, 110, 111, 112, 115, 116, 117, 118, 119, 120, 121, 122, 123, 124, 127, 128, 129, 130, 131, 132, 133], "excluded_lines": [], "functions": {"S3Client.__init__": {"executed_lines": [34, 35, 36, 37, 38, 40, 42, 47, 48, 55, 57, 58, 59, 60, 61], "summary": {"covered_lines": 15, "num_statements": 19, "percent_covered": 78.94736842105263, "percent_covered_display": "79", "missing_lines": 4, "excluded_lines": 0, "percent_statements_covered": 78.94736842105263, "percent_statements_covered_display": "79"}, "missing_lines": [43, 44, 45, 56], "excluded_lines": [], "start_line": 26}, "S3Client._ensure_bucket_exists": {"executed_lines": [64, 66, 67, 68], "summary": {"covered_lines": 4, "num_statements": 9, "percent_covered": 44.44444444444444, "percent_covered_display": "44", "missing_lines": 5, "excluded_lines": 0, "percent_statements_covered": 44.44444444444444, "percent_statements_covered_display": "44"}, "missing_lines": [65, 70, 71, 72, 73], "excluded_lines": [], "start_line": 63}, "S3Client.upload_file": {"executed_lines": [], "summary": {"covered_lines": 0, "num_statements": 12, "percent_covered": 0.0, "percent_covered_display": "0", "missing_lines": 12, "excluded_lines": 0, "percent_statements_covered": 0.0, "percent_statements_covered_display": "0"}, "missing_lines": [82, 83, 85, 86, 87, 88, 90, 91, 92, 93, 94, 95], "excluded_lines": [], "start_line": 75}, "S3Client.download_file": {"executed_lines": [], "summary": {"covered_lines": 0, "num_statements": 13, "percent_covered": 0.0, "percent_covered_display": "0", "missing_lines": 13, "excluded_lines": 0, "percent_statements_covered": 0.0, "percent_statements_covered_display": "0"}, "missing_lines": [98, 99, 101, 102, 103, 104, 105, 107, 108, 109, 110, 111, 112], "excluded_lines": [], "start_line": 97}, "S3Client.delete_file": {"executed_lines": [], "summary": {"covered_lines": 0, "num_statements": 10, "percent_covered": 0.0, "percent_covered_display": "0", "missing_lines": 10, "excluded_lines": 0, "percent_statements_covered": 0.0, "percent_statements_covered_display": "0"}, "missing_lines": [115, 116, 117, 118, 119, 120, 121, 122, 123, 124], "excluded_lines": [], "start_line": 114}, "S3Client.file_exists": {"executed_lines": [], "summary": {"covered_lines": 0, "num_statements": 7, "percent_covered": 0.0, "percent_covered_display": "0", "missing_lines": 7, "excluded_lines": 0, "percent_statements_covered": 0.0, "percent_statements_covered_display": "0"}, "missing_lines": [127, 128, 129, 130, 131, 132, 133], "excluded_lines": [], "start_line": 126}, "": {"executed_lines": [6, 7, 8, 9, 11, 12, 13, 18, 21, 26, 63, 75, 97, 114, 126], "summary": {"covered_lines": 15, "num_statements": 18, "percent_covered": 83.33333333333333, "percent_covered_display": "83", "missing_lines": 3, "excluded_lines": 0, "percent_statements_covered": 83.33333333333333, "percent_statements_covered_display": "83"}, "missing_lines": [14, 15, 16], "excluded_lines": [], "start_line": 1}}, "classes": {"S3Client": {"executed_lines": [34, 35, 36, 37, 38, 40, 42, 47, 48, 55, 57, 58, 59, 60, 61, 64, 66, 67, 68], "summary": {"covered_lines": 19, "num_statements": 70, "percent_covered": 27.142857142857142, "percent_covered_display": "27", "missing_lines": 51, "excluded_lines": 0, "percent_statements_covered": 27.142857142857142, "percent_statements_covered_display": "27"}, "missing_lines": [43, 44, 45, 56, 65, 70, 71, 72, 73, 82, 83, 85, 86, 87, 88, 90, 91, 92, 93, 94, 95, 98, 99, 101, 102, 103, 104, 105, 107, 108, 109, 110, 111, 112, 115, 116, 117, 118, 119, 120, 121, 122, 123, 124, 127, 128, 129, 130, 131, 132, 133], "excluded_lines": [], "start_line": 21}, "": {"executed_lines": [6, 7, 8, 9, 11, 12, 13, 18, 21, 26, 63, 75, 97, 114, 126], "summary": {"covered_lines": 15, "num_statements": 18, "percent_covered": 83.33333333333333, "percent_covered_display": "83", "missing_lines": 3, "excluded_lines": 0, "percent_statements_covered": 83.33333333333333, "percent_statements_covered_display": "83"}, "missing_lines": [14, 15, 16], "excluded_lines": [], "start_line": 1}}}, "backend\\tasks\\__init__.py": {"executed_lines": [], "summary": {"covered_lines": 0, "num_statements": 0, "percent_covered": 100.0, "percent_covered_display": "100", "missing_lines": 0, "excluded_lines": 0, "percent_statements_covered": 100.0, "percent_statements_covered_display": "100"}, "missing_lines": [], "excluded_lines": [], "functions": {"": {"executed_lines": [], "summary": {"covered_lines": 0, "num_statements": 0, "percent_covered": 100.0, "percent_covered_display": "100", "missing_lines": 0, "excluded_lines": 0, "percent_statements_covered": 100.0, "percent_statements_covered_display": "100"}, "missing_lines": [], "excluded_lines": [], "start_line": 1}}, "classes": {"": {"executed_lines": [], "summary": {"covered_lines": 0, "num_statements": 0, "percent_covered": 100.0, "percent_covered_display": "100", "missing_lines": 0, "excluded_lines": 0, "percent_statements_covered": 100.0, "percent_statements_covered_display": "100"}, "missing_lines": [], "excluded_lines": [], "start_line": 1}}}, "backend\\tasks\\notification_tasks.py": {"executed_lines": [4, 5, 7, 10, 16, 24, 25, 27, 28, 29, 30, 37, 38, 39, 40, 41, 43, 46, 52, 64, 65, 66, 68, 69, 70, 71, 72, 74, 75, 76, 78, 79, 80, 81, 82, 84, 85, 86, 87, 88, 89, 91, 92, 93, 94, 95, 98, 104, 112, 113, 115, 116, 117, 118, 122, 123, 124, 125, 126, 128], "summary": {"covered_lines": 60, "num_statements": 60, "percent_covered": 100.0, "percent_covered_display": "100", "missing_lines": 0, "excluded_lines": 0, "percent_statements_covered": 100.0, "percent_statements_covered_display": "100"}, "missing_lines": [], "excluded_lines": [], "functions": {"send_notification": {"executed_lines": [24, 25, 27, 28, 29, 30, 37, 38, 39, 40, 41, 43], "summary": {"covered_lines": 12, "num_statements": 12, "percent_covered": 100.0, "percent_covered_display": "100", "missing_lines": 0, "excluded_lines": 0, "percent_statements_covered": 100.0, "percent_statements_covered_display": "100"}, "missing_lines": [], "excluded_lines": [], "start_line": 16}, "send_email_notification": {"executed_lines": [64, 65, 66, 68, 69, 70, 71, 72, 74, 75, 76, 78, 79, 80, 81, 82, 84, 85, 86, 87, 88, 89, 91, 92, 93, 94, 95], "summary": {"covered_lines": 27, "num_statements": 27, "percent_covered": 100.0, "percent_covered_display": "100", "missing_lines": 0, "excluded_lines": 0, "percent_statements_covered": 100.0, "percent_statements_covered_display": "100"}, "missing_lines": [], "excluded_lines": [], "start_line": 52}, "broadcast_event": {"executed_lines": [112, 113, 115, 116, 117, 118, 122, 123, 124, 125, 126, 128], "summary": {"covered_lines": 12, "num_statements": 12, "percent_covered": 100.0, "percent_covered_display": "100", "missing_lines": 0, "excluded_lines": 0, "percent_statements_covered": 100.0, "percent_statements_covered_display": "100"}, "missing_lines": [], "excluded_lines": [], "start_line": 104}, "": {"executed_lines": [4, 5, 7, 10, 16, 46, 52, 98, 104], "summary": {"covered_lines": 9, "num_statements": 9, "percent_covered": 100.0, "percent_covered_display": "100", "missing_lines": 0, "excluded_lines": 0, "percent_statements_covered": 100.0, "percent_statements_covered_display": "100"}, "missing_lines": [], "excluded_lines": [], "start_line": 1}}, "classes": {"": {"executed_lines": [4, 5, 7, 10, 16, 24, 25, 27, 28, 29, 30, 37, 38, 39, 40, 41, 43, 46, 52, 64, 65, 66, 68, 69, 70, 71, 72, 74, 75, 76, 78, 79, 80, 81, 82, 84, 85, 86, 87, 88, 89, 91, 92, 93, 94, 95, 98, 104, 112, 113, 115, 116, 117, 118, 122, 123, 124, 125, 126, 128], "summary": {"covered_lines": 60, "num_statements": 60, "percent_covered": 100.0, "percent_covered_display": "100", "missing_lines": 0, "excluded_lines": 0, "percent_statements_covered": 100.0, "percent_statements_covered_display": "100"}, "missing_lines": [], "excluded_lines": [], "start_line": 1}}}, "backend\\tasks\\ticket_tasks.py": {"executed_lines": [4, 5, 7, 10, 16, 26, 27, 28, 30, 31, 32, 33, 34, 35, 36, 38, 41, 42, 44, 48, 49, 50, 51, 52, 54, 55, 56, 57, 59, 62, 63, 69, 70, 72, 73, 74, 75, 76, 77, 79, 82, 83, 89, 90, 91, 92, 94, 95, 96, 97, 106, 107, 108, 109, 110, 111, 112, 114], "summary": {"covered_lines": 58, "num_statements": 58, "percent_covered": 100.0, "percent_covered_display": "100", "missing_lines": 0, "excluded_lines": 0, "percent_statements_covered": 100.0, "percent_statements_covered_display": "100"}, "missing_lines": [], "excluded_lines": [], "functions": {"process_ticket": {"executed_lines": [26, 27, 28, 30, 31, 32, 33, 34, 35, 36, 38, 41, 42, 44, 48, 49, 50, 51, 52, 54, 55, 56, 57, 59], "summary": {"covered_lines": 24, "num_statements": 24, "percent_covered": 100.0, "percent_covered_display": "100", "missing_lines": 0, "excluded_lines": 0, "percent_statements_covered": 100.0, "percent_statements_covered_display": "100"}, "missing_lines": [], "excluded_lines": [], "start_line": 16}, "check_sla_breaches": {"executed_lines": [69, 70, 72, 73, 74, 75, 76, 77, 79], "summary": {"covered_lines": 9, "num_statements": 9, "percent_covered": 100.0, "percent_covered_display": "100", "missing_lines": 0, "excluded_lines": 0, "percent_statements_covered": 100.0, "percent_statements_covered_display": "100"}, "missing_lines": [], "excluded_lines": [], "start_line": 63}, "escalate_overdue_tickets": {"executed_lines": [89, 90, 91, 92, 94, 95, 96, 97, 106, 107, 108, 109, 110, 111, 112, 114], "summary": {"covered_lines": 16, "num_statements": 16, "percent_covered": 100.0, "percent_covered_display": "100", "missing_lines": 0, "excluded_lines": 0, "percent_statements_covered": 100.0, "percent_statements_covered_display": "100"}, "missing_lines": [], "excluded_lines": [], "start_line": 83}, "": {"executed_lines": [4, 5, 7, 10, 16, 62, 63, 82, 83], "summary": {"covered_lines": 9, "num_statements": 9, "percent_covered": 100.0, "percent_covered_display": "100", "missing_lines": 0, "excluded_lines": 0, "percent_statements_covered": 100.0, "percent_statements_covered_display": "100"}, "missing_lines": [], "excluded_lines": [], "start_line": 1}}, "classes": {"": {"executed_lines": [4, 5, 7, 10, 16, 26, 27, 28, 30, 31, 32, 33, 34, 35, 36, 38, 41, 42, 44, 48, 49, 50, 51, 52, 54, 55, 56, 57, 59, 62, 63, 69, 70, 72, 73, 74, 75, 76, 77, 79, 82, 83, 89, 90, 91, 92, 94, 95, 96, 97, 106, 107, 108, 109, 110, 111, 112, 114], "summary": {"covered_lines": 58, "num_statements": 58, "percent_covered": 100.0, "percent_covered_display": "100", "missing_lines": 0, "excluded_lines": 0, "percent_statements_covered": 100.0, "percent_statements_covered_display": "100"}, "missing_lines": [], "excluded_lines": [], "start_line": 1}}}, "backend\\tasks\\workflow_tasks.py": {"executed_lines": [4, 5, 7, 10, 16, 27, 28, 30, 31, 32, 33, 34, 35, 37, 44, 47, 48, 49, 50, 51, 55, 57, 60, 65, 77, 78, 80, 81, 82, 83, 84, 85, 86, 87, 88, 90, 93, 99, 109, 110, 112, 113, 114, 115, 116, 117, 123, 124, 125, 126, 128, 136, 143, 145, 147, 148, 150, 151, 156, 158, 159, 161, 162, 166, 168, 171, 173, 174, 175, 178, 179, 181], "summary": {"covered_lines": 72, "num_statements": 72, "percent_covered": 100.0, "percent_covered_display": "100", "missing_lines": 0, "excluded_lines": 0, "percent_statements_covered": 100.0, "percent_statements_covered_display": "100"}, "missing_lines": [], "excluded_lines": [], "functions": {"execute_workflow_step": {"executed_lines": [27, 28, 30, 31, 32, 33, 34, 35, 37, 44, 47, 48, 49, 50, 51, 55, 57], "summary": {"covered_lines": 17, "num_statements": 17, "percent_covered": 100.0, "percent_covered_display": "100", "missing_lines": 0, "excluded_lines": 0, "percent_statements_covered": 100.0, "percent_statements_covered_display": "100"}, "missing_lines": [], "excluded_lines": [], "start_line": 16}, "handle_step_failure": {"executed_lines": [77, 78, 80, 81, 82, 83, 84, 85, 86, 87, 88, 90], "summary": {"covered_lines": 12, "num_statements": 12, "percent_covered": 100.0, "percent_covered_display": "100", "missing_lines": 0, "excluded_lines": 0, "percent_statements_covered": 100.0, "percent_statements_covered_display": "100"}, "missing_lines": [], "excluded_lines": [], "start_line": 65}, "advance_workflow": {"executed_lines": [109, 110, 112, 113, 114, 115, 116, 117, 123, 124, 125, 126, 128], "summary": {"covered_lines": 13, "num_statements": 13, "percent_covered": 100.0, "percent_covered_display": "100", "missing_lines": 0, "excluded_lines": 0, "percent_statements_covered": 100.0, "percent_statements_covered_display": "100"}, "missing_lines": [], "excluded_lines": [], "start_line": 99}, "_dispatch_step": {"executed_lines": [143, 145, 147, 148, 150, 151, 156, 158, 159, 161, 162, 166, 168, 171, 173, 174, 175, 178, 179, 181], "summary": {"covered_lines": 20, "num_statements": 20, "percent_covered": 100.0, "percent_covered_display": "100", "missing_lines": 0, "excluded_lines": 0, "percent_statements_covered": 100.0, "percent_statements_covered_display": "100"}, "missing_lines": [], "excluded_lines": [], "start_line": 136}, "": {"executed_lines": [4, 5, 7, 10, 16, 60, 65, 93, 99, 136], "summary": {"covered_lines": 10, "num_statements": 10, "percent_covered": 100.0, "percent_covered_display": "100", "missing_lines": 0, "excluded_lines": 0, "percent_statements_covered": 100.0, "percent_statements_covered_display": "100"}, "missing_lines": [], "excluded_lines": [], "start_line": 1}}, "classes": {"": {"executed_lines": [4, 5, 7, 10, 16, 27, 28, 30, 31, 32, 33, 34, 35, 37, 44, 47, 48, 49, 50, 51, 55, 57, 60, 65, 77, 78, 80, 81, 82, 83, 84, 85, 86, 87, 88, 90, 93, 99, 109, 110, 112, 113, 114, 115, 116, 117, 123, 124, 125, 126, 128, 136, 143, 145, 147, 148, 150, 151, 156, 158, 159, 161, 162, 166, 168, 171, 173, 174, 175, 178, 179, 181], "summary": {"covered_lines": 72, "num_statements": 72, "percent_covered": 100.0, "percent_covered_display": "100", "missing_lines": 0, "excluded_lines": 0, "percent_statements_covered": 100.0, "percent_statements_covered_display": "100"}, "missing_lines": [], "excluded_lines": [], "start_line": 1}}}, "backend\\telemetry.py": {"executed_lines": [1, 2, 4, 7, 8, 9, 10, 11], "summary": {"covered_lines": 8, "num_statements": 20, "percent_covered": 40.0, "percent_covered_display": "40", "missing_lines": 12, "excluded_lines": 0, "percent_statements_covered": 40.0, "percent_statements_covered_display": "40"}, "missing_lines": [12, 14, 15, 16, 17, 19, 20, 21, 22, 23, 24, 25], "excluded_lines": [], "functions": {"init": {"executed_lines": [8, 9, 10, 11], "summary": {"covered_lines": 4, "num_statements": 16, "percent_covered": 25.0, "percent_covered_display": "25", "missing_lines": 12, "excluded_lines": 0, "percent_statements_covered": 25.0, "percent_statements_covered_display": "25"}, "missing_lines": [12, 14, 15, 16, 17, 19, 20, 21, 22, 23, 24, 25], "excluded_lines": [], "start_line": 7}, "": {"executed_lines": [1, 2, 4, 7], "summary": {"covered_lines": 4, "num_statements": 4, "percent_covered": 100.0, "percent_covered_display": "100", "missing_lines": 0, "excluded_lines": 0, "percent_statements_covered": 100.0, "percent_statements_covered_display": "100"}, "missing_lines": [], "excluded_lines": [], "start_line": 1}}, "classes": {"": {"executed_lines": [1, 2, 4, 7, 8, 9, 10, 11], "summary": {"covered_lines": 8, "num_statements": 20, "percent_covered": 40.0, "percent_covered_display": "40", "missing_lines": 12, "excluded_lines": 0, "percent_statements_covered": 40.0, "percent_statements_covered_display": "40"}, "missing_lines": [12, 14, 15, 16, 17, 19, 20, 21, 22, 23, 24, 25], "excluded_lines": [], "start_line": 1}}}}, "totals": {"covered_lines": 3375, "num_statements": 4515, "percent_covered": 74.75083056478405, "percent_covered_display": "75", "missing_lines": 1140, "excluded_lines": 0, "percent_statements_covered": 74.75083056478405, "percent_statements_covered_display": "75"}}